#
# A fatal error has been detected by the Java Runtime Environment:
#
#  SIGSEGV (0xb) at pc=0x00007f13ee132c80, pid=9045, tid=9050
#
# JRE version: OpenJDK Runtime Environment (15.0.2+7) (build 15.0.2+7-27)
# Java VM: OpenJDK 64-Bit Server VM (15.0.2+7-27, mixed mode, tiered, compressed oops, g1 gc, linux-amd64)
# Problematic frame:
# C  [radeonsi_dri.so+0x1115c80]
#
# Core dump will be written. Default location: Core dumps may be processed with "/usr/lib/systemd/systemd-coredump %P %u %g %s %t %c %h" (or dumping to /home/karmugilan/Documents/eclipse-workspace/twodengine/mario/lib/core.9045)
#
# If you would like to submit a bug report, please visit:
#   https://bugreport.java.com/bugreport/crash.jsp
# The crash happened outside the Java Virtual Machine in native code.
# See problematic frame for where to report the bug.
#

---------------  S U M M A R Y ------------

Command Line: -Dfile.encoding=UTF-8 -XX:+ShowCodeDetailsInExceptionMessages mario.Main

Host: AMD PRO A4-4350B R4, 5 COMPUTE CORES 2C+3G, 2 cores, 3G, Manjaro Linux
Time: Fri Dec 24 12:53:53 2021 IST elapsed time: 4.270894 seconds (0d 0h 0m 4s)

---------------  T H R E A D  ---------------

Current thread (0x00007f1424028b40):  JavaThread "main" [_thread_in_native, id=9050, stack(0x00007f14283cc000,0x00007f14284cd000)]

Stack: [0x00007f14283cc000,0x00007f14284cd000],  sp=0x00007f14284cb450,  free space=1021k
Native frames: (J=compiled Java code, A=aot compiled Java code, j=interpreted, Vv=VM code, C=native code)
C  [radeonsi_dri.so+0x1115c80]

Java frames: (J=compiled Java code, j=interpreted, Vv=VM code)
j  org.lwjgl.opengl.GL11C.nglDrawElements(IIIJ)V+0
j  org.lwjgl.opengl.GL11C.glDrawElements(IIIJ)V+4
j  org.lwjgl.opengl.GL11.glDrawElements(IIIJ)V+4
j  twodengine.LevelEditorScene.update(F)V+36
j  twodengine.Window.loop()V+52
j  twodengine.Window.run()V+29
j  mario.Main.main([Ljava/lang/String;)V+13
v  ~StubRoutines::call_stub

siginfo: si_signo: 11 (SIGSEGV), si_code: 1 (SEGV_MAPERR), si_addr: 0x0000000000000000

Register to memory mapping:

RAX=0x0000000000000018 is an unknown value
RBX=0x00007f14284cb4e4 is pointing into the stack for thread: 0x00007f1424028b40
RCX=0x0 is NULL
RDX=0x0000000000000005 is an unknown value
RSP=0x00007f14284cb450 is pointing into the stack for thread: 0x00007f1424028b40
RBP=0x00007f14284cb4e0 is pointing into the stack for thread: 0x00007f1424028b40
RSI=0x0 is NULL
RDI=0x00007f14284cb490 is pointing into the stack for thread: 0x00007f1424028b40
R8 =0x00007f14284cb494 is pointing into the stack for thread: 0x00007f1424028b40
R9 =0x00007f14284cb4e4 is pointing into the stack for thread: 0x00007f1424028b40
R10=0x0 is NULL
R11=0x0 is NULL
R12=0x0 is NULL
R13=0x0000000000000001 is an unknown value
R14=0x00007f14284cb590 is pointing into the stack for thread: 0x00007f1424028b40
R15=0x00007f14284cb584 is pointing into the stack for thread: 0x00007f1424028b40


Registers:
RAX=0x0000000000000018, RBX=0x00007f14284cb4e4, RCX=0x0000000000000000, RDX=0x0000000000000005
RSP=0x00007f14284cb450, RBP=0x00007f14284cb4e0, RSI=0x0000000000000000, RDI=0x00007f14284cb490
R8 =0x00007f14284cb494, R9 =0x00007f14284cb4e4, R10=0x0000000000000000, R11=0x0000000000000000
R12=0x0000000000000000, R13=0x0000000000000001, R14=0x00007f14284cb590, R15=0x00007f14284cb584
RIP=0x00007f13ee132c80, EFLAGS=0x0000000000010206, CSGSFS=0x002b000000000033, ERR=0x0000000000000004
  TRAPNO=0x000000000000000e

Top of Stack: (sp=0x00007f14284cb450)
0x00007f14284cb450:   00007f1424b81df0 0000001000000080
0x00007f14284cb460:   0000000000000000 00007f1424b87050
0x00007f14284cb470:   00007f142471d7b8 8f4e1cbf1a1e6a00
0x00007f14284cb480:   0000000000000000 00007f13ed43a363 

Instructions: (pc=0x00007f13ee132c80)
0x00007f13ee132b80:   48 83 ec 38 48 89 f8 49 89 d0 48 89 f7 89 ca 64
0x00007f13ee132b90:   48 8b 0c 25 28 00 00 00 48 89 4c 24 28 31 c9 a8
0x00007f13ee132ba0:   0f 0f 84 0e 01 00 00 85 d2 0f 84 13 01 00 00 66
0x00007f13ee132bb0:   0f 76 c9 66 0f ef d2 eb 0f 0f 1f 80 00 00 00 00
0x00007f13ee132bc0:   85 d2 0f 84 cf 00 00 00 66 0f 6e 00 48 83 c0 04
0x00007f13ee132bd0:   83 ea 01 66 0f 38 3f d0 66 0f 38 3b c8 a8 0f 75
0x00007f13ee132be0:   df 83 fa 07 0f 86 e2 00 00 00 89 d6 41 89 d2 66
0x00007f13ee132bf0:   0f 76 ed 48 89 c1 c1 ee 02 41 83 e2 fc 66 0f ef
0x00007f13ee132c00:   e4 83 ee 01 48 c1 e6 04 48 8d 74 30 10 0f 1f 00
0x00007f13ee132c10:   66 0f 6f 19 66 0f 6f 01 48 83 c1 10 66 0f 38 3f
0x00007f13ee132c20:   dc 66 0f 38 3b c5 66 0f 6f e3 66 0f 6f e8 48 39
0x00007f13ee132c30:   f1 75 dd 0f 29 1c 24 31 c9 49 89 e1 48 8d 74 24
0x00007f13ee132c40:   10 0f 29 44 24 10 66 41 0f 6e 04 09 66 0f 38 3f
0x00007f13ee132c50:   d0 66 0f 6e 04 0e 48 83 c1 04 66 0f 38 3b c8 48
0x00007f13ee132c60:   83 f9 10 75 e1 44 39 d2 76 2d 83 ea 01 44 89 d6
0x00007f13ee132c70:   44 29 d2 48 8d 0c b0 48 01 f2 48 8d 44 90 04 90
0x00007f13ee132c80:   66 0f 6e 01 48 83 c1 04 66 0f 38 3f d0 66 0f 38
0x00007f13ee132c90:   3b c8 48 39 c8 75 e9 66 0f 7e 0f 66 41 0f 7e 10
0x00007f13ee132ca0:   48 8b 44 24 28 64 48 2b 04 25 28 00 00 00 75 21
0x00007f13ee132cb0:   48 83 c4 38 c3 66 0f 76 c9 66 0f ef d2 e9 1f ff
0x00007f13ee132cc0:   ff ff 66 0f ef d2 66 0f 76 c9 eb cb 45 31 d2 eb
0x00007f13ee132cd0:   94 ff 15 61 97 69 00 66 0f 1f 84 00 00 00 00 00
0x00007f13ee132ce0:   41 57 49 89 d3 41 56 41 55 41 54 55 89 f5 53 8b
0x00007f13ee132cf0:   32 89 fb 48 89 cf 44 8b 52 04 8b 4a 08 44 8d 24
0x00007f13ee132d00:   f5 00 00 00 00 45 85 d2 0f 8e 42 01 00 00 43 8d
0x00007f13ee132d10:   44 14 ff 99 41 f7 fc 49 63 53 0c 0f af c6 48 98
0x00007f13ee132d20:   48 0f af c2 85 c9 8d 51 07 0f 49 d1 c1 fa 03 48
0x00007f13ee132d30:   63 d2 48 01 d0 48 01 c7 45 8d 62 0e 41 83 c2 07
0x00007f13ee132d40:   45 0f 49 e2 41 c1 fc 03 44 89 e0 99 f7 fe 29 d6
0x00007f13ee132d50:   44 01 e6 85 d2 44 0f 4f e6 41 80 7b 1a 00 74 03
0x00007f13ee132d60:   41 f7 dc 85 ed 0f 8e d5 00 00 00 8d 43 ff 45 31
0x00007f13ee132d70:   d2 83 e1 07 41 80 7b 19 00 4d 63 e4 4d 63 c9 49 


Stack slot to memory mapping:
stack at sp + 0 slots: 0x00007f1424b81df0 points into unknown readable memory: 0x00100000000fffb7 | b7 ff 0f 00 00 00 10 00
stack at sp + 1 slots: 0x0000001000000080 is an unknown value
stack at sp + 2 slots: 0x0 is NULL
stack at sp + 3 slots: 0x00007f1424b87050 points into unknown readable memory: 0x0000c00300000014 | 14 00 00 00 03 c0 00 00
stack at sp + 4 slots: 0x00007f142471d7b8 points into unknown readable memory: 0x0000000000000000 | 00 00 00 00 00 00 00 00
stack at sp + 5 slots: 0x8f4e1cbf1a1e6a00 is an unknown value
stack at sp + 6 slots: 0x0 is NULL
stack at sp + 7 slots: 0x00007f13ed43a363: <offset 0x000000000041d363> in /usr/lib/dri/radeonsi_dri.so at 0x00007f13ed01d000


---------------  P R O C E S S  ---------------

Threads class SMR info:
_java_thread_list=0x00007f14241c4a80, length=10, elements={
0x00007f1424028b40, 0x00007f142411f890, 0x00007f14241214b0, 0x00007f1424138010,
0x00007f1424139720, 0x00007f142413b050, 0x00007f142413c880, 0x00007f142413df30,
0x00007f14241b3450, 0x00007f14241c1430
}

Java Threads: ( => current thread )
=>0x00007f1424028b40 JavaThread "main" [_thread_in_native, id=9050, stack(0x00007f14283cc000,0x00007f14284cd000)]
  0x00007f142411f890 JavaThread "Reference Handler" daemon [_thread_blocked, id=9058, stack(0x00007f140c368000,0x00007f140c469000)]
  0x00007f14241214b0 JavaThread "Finalizer" daemon [_thread_blocked, id=9059, stack(0x00007f140c267000,0x00007f140c368000)]
  0x00007f1424138010 JavaThread "Signal Dispatcher" daemon [_thread_blocked, id=9060, stack(0x00007f140c166000,0x00007f140c267000)]
  0x00007f1424139720 JavaThread "Service Thread" daemon [_thread_blocked, id=9061, stack(0x00007f140c065000,0x00007f140c166000)]
  0x00007f142413b050 JavaThread "C2 CompilerThread0" daemon [_thread_blocked, id=9062, stack(0x00007f13efc14000,0x00007f13efd15000)]
  0x00007f142413c880 JavaThread "C1 CompilerThread0" daemon [_thread_blocked, id=9063, stack(0x00007f13efb13000,0x00007f13efc14000)]
  0x00007f142413df30 JavaThread "Sweeper thread" daemon [_thread_blocked, id=9064, stack(0x00007f13efa12000,0x00007f13efb13000)]
  0x00007f14241b3450 JavaThread "Notification Thread" daemon [_thread_blocked, id=9065, stack(0x00007f13ef911000,0x00007f13efa12000)]
  0x00007f14241c1430 JavaThread "Common-Cleaner" daemon [_thread_blocked, id=9067, stack(0x00007f13ef70e000,0x00007f13ef80f000)]

Other Threads:
  0x00007f14241056e0 VMThread "VM Thread" [stack: 0x00007f140c46b000,0x00007f140c56b000] [id=9057]
  0x00007f14241284d0 WatcherThread [stack: 0x00007f13ef811000,0x00007f13ef911000] [id=9066]
  0x00007f1424054be0 GCTaskThread "GC Thread#0" [stack: 0x00007f140f494000,0x00007f140f594000] [id=9052]
  0x00007f13f0001090 GCTaskThread "GC Thread#1" [stack: 0x00007f13d02d9000,0x00007f13d03d9000] [id=9073]
  0x00007f142405cf30 ConcurrentGCThread "G1 Main Marker" [stack: 0x00007f140f392000,0x00007f140f492000] [id=9053]
  0x00007f142405e1c0 ConcurrentGCThread "G1 Conc#0" [stack: 0x00007f140f290000,0x00007f140f390000] [id=9054]
  0x00007f142408c180 ConcurrentGCThread "G1 Refine#0" [stack: 0x00007f140cf8c000,0x00007f140d08c000] [id=9055]
  0x00007f142408d390 ConcurrentGCThread "G1 Young RemSet Sampling" [stack: 0x00007f140ce8a000,0x00007f140cf8a000] [id=9056]

Threads with active compile tasks:

VM state: not at safepoint (normal execution)

VM Mutex/Monitor currently owned by a thread: None

Heap address: 0x00000000cb000000, size: 848 MB, Compressed Oops mode: 32-bit
CDS disabled.
Compressed class space mapped at: 0x0000000100000000-0x0000000140000000, size: 1073741824
Narrow klass base: 0x0000000000000000, Narrow klass shift: 3, Narrow klass range: 0x140000000

GC Precious Log:
 CPUs: 2 total, 2 available
 Memory: 3390M
 Large Page Support: Disabled
 NUMA Support: Disabled
 Compressed Oops: Enabled (32-bit)
 Heap Region Size: 1M
 Heap Min Capacity: 8M
 Heap Initial Capacity: 54M
 Heap Max Capacity: 848M
 Pre-touch: Disabled
 Parallel Workers: 2
 Concurrent Workers: 1
 Concurrent Refinement Workers: 2
 Periodic GC: Disabled

Heap:
 garbage-first heap   total 55296K, used 2879K [0x00000000cb000000, 0x0000000100000000)
  region size 1024K, 4 young (4096K), 1 survivors (1024K)
 Metaspace       used 10485K, capacity 10621K, committed 10880K, reserved 1058816K
  class space    used 792K, capacity 855K, committed 896K, reserved 1048576K

Heap Regions: E=young(eden), S=young(survivor), O=old, HS=humongous(starts), HC=humongous(continues), CS=collection set, F=free, OA=open archive, CA=closed archive, TAMS=top-at-mark-start (previous, next)
|   0|0x00000000cb000000, 0x00000000cb0cfe00, 0x00000000cb100000| 81%| O|  |TAMS 0x00000000cb000000, 0x00000000cb000000| Untracked 
|   1|0x00000000cb100000, 0x00000000cb100000, 0x00000000cb200000|  0%| F|  |TAMS 0x00000000cb100000, 0x00000000cb100000| Untracked 
|   2|0x00000000cb200000, 0x00000000cb200000, 0x00000000cb300000|  0%| F|  |TAMS 0x00000000cb200000, 0x00000000cb200000| Untracked 
|   3|0x00000000cb300000, 0x00000000cb300000, 0x00000000cb400000|  0%| F|  |TAMS 0x00000000cb300000, 0x00000000cb300000| Untracked 
|   4|0x00000000cb400000, 0x00000000cb400000, 0x00000000cb500000|  0%| F|  |TAMS 0x00000000cb400000, 0x00000000cb400000| Untracked 
|   5|0x00000000cb500000, 0x00000000cb500000, 0x00000000cb600000|  0%| F|  |TAMS 0x00000000cb500000, 0x00000000cb500000| Untracked 
|   6|0x00000000cb600000, 0x00000000cb600000, 0x00000000cb700000|  0%| F|  |TAMS 0x00000000cb600000, 0x00000000cb600000| Untracked 
|   7|0x00000000cb700000, 0x00000000cb700000, 0x00000000cb800000|  0%| F|  |TAMS 0x00000000cb700000, 0x00000000cb700000| Untracked 
|   8|0x00000000cb800000, 0x00000000cb800000, 0x00000000cb900000|  0%| F|  |TAMS 0x00000000cb800000, 0x00000000cb800000| Untracked 
|   9|0x00000000cb900000, 0x00000000cb900000, 0x00000000cba00000|  0%| F|  |TAMS 0x00000000cb900000, 0x00000000cb900000| Untracked 
|  10|0x00000000cba00000, 0x00000000cba00000, 0x00000000cbb00000|  0%| F|  |TAMS 0x00000000cba00000, 0x00000000cba00000| Untracked 
|  11|0x00000000cbb00000, 0x00000000cbb00000, 0x00000000cbc00000|  0%| F|  |TAMS 0x00000000cbb00000, 0x00000000cbb00000| Untracked 
|  12|0x00000000cbc00000, 0x00000000cbc00000, 0x00000000cbd00000|  0%| F|  |TAMS 0x00000000cbc00000, 0x00000000cbc00000| Untracked 
|  13|0x00000000cbd00000, 0x00000000cbd00000, 0x00000000cbe00000|  0%| F|  |TAMS 0x00000000cbd00000, 0x00000000cbd00000| Untracked 
|  14|0x00000000cbe00000, 0x00000000cbe00000, 0x00000000cbf00000|  0%| F|  |TAMS 0x00000000cbe00000, 0x00000000cbe00000| Untracked 
|  15|0x00000000cbf00000, 0x00000000cbf00000, 0x00000000cc000000|  0%| F|  |TAMS 0x00000000cbf00000, 0x00000000cbf00000| Untracked 
|  16|0x00000000cc000000, 0x00000000cc000000, 0x00000000cc100000|  0%| F|  |TAMS 0x00000000cc000000, 0x00000000cc000000| Untracked 
|  17|0x00000000cc100000, 0x00000000cc100000, 0x00000000cc200000|  0%| F|  |TAMS 0x00000000cc100000, 0x00000000cc100000| Untracked 
|  18|0x00000000cc200000, 0x00000000cc200000, 0x00000000cc300000|  0%| F|  |TAMS 0x00000000cc200000, 0x00000000cc200000| Untracked 
|  19|0x00000000cc300000, 0x00000000cc300000, 0x00000000cc400000|  0%| F|  |TAMS 0x00000000cc300000, 0x00000000cc300000| Untracked 
|  20|0x00000000cc400000, 0x00000000cc400000, 0x00000000cc500000|  0%| F|  |TAMS 0x00000000cc400000, 0x00000000cc400000| Untracked 
|  21|0x00000000cc500000, 0x00000000cc500000, 0x00000000cc600000|  0%| F|  |TAMS 0x00000000cc500000, 0x00000000cc500000| Untracked 
|  22|0x00000000cc600000, 0x00000000cc600000, 0x00000000cc700000|  0%| F|  |TAMS 0x00000000cc600000, 0x00000000cc600000| Untracked 
|  23|0x00000000cc700000, 0x00000000cc700000, 0x00000000cc800000|  0%| F|  |TAMS 0x00000000cc700000, 0x00000000cc700000| Untracked 
|  24|0x00000000cc800000, 0x00000000cc800000, 0x00000000cc900000|  0%| F|  |TAMS 0x00000000cc800000, 0x00000000cc800000| Untracked 
|  25|0x00000000cc900000, 0x00000000cc900000, 0x00000000cca00000|  0%| F|  |TAMS 0x00000000cc900000, 0x00000000cc900000| Untracked 
|  26|0x00000000cca00000, 0x00000000cca00000, 0x00000000ccb00000|  0%| F|  |TAMS 0x00000000cca00000, 0x00000000cca00000| Untracked 
|  27|0x00000000ccb00000, 0x00000000ccb00000, 0x00000000ccc00000|  0%| F|  |TAMS 0x00000000ccb00000, 0x00000000ccb00000| Untracked 
|  28|0x00000000ccc00000, 0x00000000ccc00000, 0x00000000ccd00000|  0%| F|  |TAMS 0x00000000ccc00000, 0x00000000ccc00000| Untracked 
|  29|0x00000000ccd00000, 0x00000000ccd00000, 0x00000000cce00000|  0%| F|  |TAMS 0x00000000ccd00000, 0x00000000ccd00000| Untracked 
|  30|0x00000000cce00000, 0x00000000cce00000, 0x00000000ccf00000|  0%| F|  |TAMS 0x00000000cce00000, 0x00000000cce00000| Untracked 
|  31|0x00000000ccf00000, 0x00000000ccf00000, 0x00000000cd000000|  0%| F|  |TAMS 0x00000000ccf00000, 0x00000000ccf00000| Untracked 
|  32|0x00000000cd000000, 0x00000000cd000000, 0x00000000cd100000|  0%| F|  |TAMS 0x00000000cd000000, 0x00000000cd000000| Untracked 
|  33|0x00000000cd100000, 0x00000000cd100000, 0x00000000cd200000|  0%| F|  |TAMS 0x00000000cd100000, 0x00000000cd100000| Untracked 
|  34|0x00000000cd200000, 0x00000000cd200000, 0x00000000cd300000|  0%| F|  |TAMS 0x00000000cd200000, 0x00000000cd200000| Untracked 
|  35|0x00000000cd300000, 0x00000000cd300000, 0x00000000cd400000|  0%| F|  |TAMS 0x00000000cd300000, 0x00000000cd300000| Untracked 
|  36|0x00000000cd400000, 0x00000000cd400000, 0x00000000cd500000|  0%| F|  |TAMS 0x00000000cd400000, 0x00000000cd400000| Untracked 
|  37|0x00000000cd500000, 0x00000000cd500000, 0x00000000cd600000|  0%| F|  |TAMS 0x00000000cd500000, 0x00000000cd500000| Untracked 
|  38|0x00000000cd600000, 0x00000000cd600000, 0x00000000cd700000|  0%| F|  |TAMS 0x00000000cd600000, 0x00000000cd600000| Untracked 
|  39|0x00000000cd700000, 0x00000000cd700000, 0x00000000cd800000|  0%| F|  |TAMS 0x00000000cd700000, 0x00000000cd700000| Untracked 
|  40|0x00000000cd800000, 0x00000000cd800000, 0x00000000cd900000|  0%| F|  |TAMS 0x00000000cd800000, 0x00000000cd800000| Untracked 
|  41|0x00000000cd900000, 0x00000000cd900000, 0x00000000cda00000|  0%| F|  |TAMS 0x00000000cd900000, 0x00000000cd900000| Untracked 
|  42|0x00000000cda00000, 0x00000000cda00000, 0x00000000cdb00000|  0%| F|  |TAMS 0x00000000cda00000, 0x00000000cda00000| Untracked 
|  43|0x00000000cdb00000, 0x00000000cdb00000, 0x00000000cdc00000|  0%| F|  |TAMS 0x00000000cdb00000, 0x00000000cdb00000| Untracked 
|  44|0x00000000cdc00000, 0x00000000cdc00000, 0x00000000cdd00000|  0%| F|  |TAMS 0x00000000cdc00000, 0x00000000cdc00000| Untracked 
|  45|0x00000000cdd00000, 0x00000000cdd00000, 0x00000000cde00000|  0%| F|  |TAMS 0x00000000cdd00000, 0x00000000cdd00000| Untracked 
|  46|0x00000000cde00000, 0x00000000cde00000, 0x00000000cdf00000|  0%| F|  |TAMS 0x00000000cde00000, 0x00000000cde00000| Untracked 
|  47|0x00000000cdf00000, 0x00000000ce000000, 0x00000000ce000000|100%| S|CS|TAMS 0x00000000cdf00000, 0x00000000cdf00000| Complete 
|  48|0x00000000ce000000, 0x00000000ce000000, 0x00000000ce100000|  0%| F|  |TAMS 0x00000000ce000000, 0x00000000ce000000| Untracked 
|  49|0x00000000ce100000, 0x00000000ce100000, 0x00000000ce200000|  0%| F|  |TAMS 0x00000000ce100000, 0x00000000ce100000| Untracked 
|  50|0x00000000ce200000, 0x00000000ce200000, 0x00000000ce300000|  0%| F|  |TAMS 0x00000000ce200000, 0x00000000ce200000| Untracked 
|  51|0x00000000ce300000, 0x00000000ce3a58c0, 0x00000000ce400000| 64%| E|  |TAMS 0x00000000ce300000, 0x00000000ce300000| Complete 
|  52|0x00000000ce400000, 0x00000000ce500000, 0x00000000ce500000|100%| E|  |TAMS 0x00000000ce400000, 0x00000000ce400000| Complete 
|  53|0x00000000ce500000, 0x00000000ce600000, 0x00000000ce600000|100%| E|CS|TAMS 0x00000000ce500000, 0x00000000ce500000| Complete 

Card table byte_map: [0x00007f14111bc000,0x00007f1411364000] _byte_map_base: 0x00007f1410b64000

Marking Bits (Prev, Next): (CMBitMap*) 0x00007f1424055980, (CMBitMap*) 0x00007f14240559c0
 Prev Bits: [0x00007f14102d4000, 0x00007f1411014000)
 Next Bits: [0x00007f140f594000, 0x00007f14102d4000)

Polling page: 0x00007f1429a20000

Metaspace:

Usage:
  Non-class:      9.54 MB capacity,     9.47 MB (>99%) used,    62.21 KB ( <1%) free+waste,    10.38 KB ( <1%) overhead. 
      Class:    855.00 KB capacity,   792.47 KB ( 93%) used,    58.84 KB (  7%) free+waste,     3.69 KB ( <1%) overhead. 
       Both:     10.37 MB capacity,    10.24 MB ( 99%) used,   121.05 KB (  1%) free+waste,    14.06 KB ( <1%) overhead. 

Virtual space:
  Non-class space:       10.00 MB reserved,       9.75 MB ( 98%) committed 
      Class space:        1.00 GB reserved,     896.00 KB ( <1%) committed 
             Both:        1.01 GB reserved,      10.62 MB (  1%) committed 

Chunk freelists:
   Non-Class:  106.00 KB
       Class:  9.00 KB
        Both:  115.00 KB

MaxMetaspaceSize: 17179869184.00 GB
CompressedClassSpaceSize: 1.00 GB

CodeHeap 'non-profiled nmethods': size=120036Kb used=177Kb max_used=177Kb free=119858Kb
 bounds [0x00007f14190d4000, 0x00007f1419344000, 0x00007f142060d000]
CodeHeap 'profiled nmethods': size=120032Kb used=819Kb max_used=819Kb free=119212Kb
 bounds [0x00007f1411b9c000, 0x00007f1411e0c000, 0x00007f14190d4000]
CodeHeap 'non-nmethods': size=5692Kb used=1546Kb max_used=1560Kb free=4145Kb
 bounds [0x00007f141160d000, 0x00007f141187d000, 0x00007f1411b9c000]
 total_blobs=1515 nmethods=591 adapters=839
 compilation: enabled
              stopped_count=0, restarted_count=0
 full_count=0

Compilation events (20 events):
Event: 4.151 Thread 0x00007f142413c880  579       3       java.lang.String::toLowerCase (29 bytes)
Event: 4.152 Thread 0x00007f142413c880 nmethod 579 0x00007f1411c5e310 code [0x00007f1411c5e4c0, 0x00007f1411c5e750]
Event: 4.154 Thread 0x00007f142413c880  581       3       java.io.UnixFileSystem::prefixLength (15 bytes)
Event: 4.155 Thread 0x00007f142413c880 nmethod 581 0x00007f1411c5e810 code [0x00007f1411c5e9c0, 0x00007f1411c5ebc0]
Event: 4.159 Thread 0x00007f142413c880  583       3       java.lang.ref.Cleaner::register (25 bytes)
Event: 4.163 Thread 0x00007f142413c880 nmethod 583 0x00007f1411c5ec90 code [0x00007f1411c5ee80, 0x00007f1411c5f3a0]
Event: 4.163 Thread 0x00007f142413c880  584       3       jdk.internal.ref.CleanerImpl$PhantomCleanableRef::<init> (12 bytes)
Event: 4.164 Thread 0x00007f142413c880 nmethod 584 0x00007f1411c5f590 code [0x00007f1411c5f720, 0x00007f1411c5f8c0]
Event: 4.166 Thread 0x00007f142413c880  585       3       java.lang.String::toLowerCase (8 bytes)
Event: 4.167 Thread 0x00007f142413c880 nmethod 585 0x00007f1411c5f990 code [0x00007f1411c5fb60, 0x00007f1411c5feb0]
Event: 4.167 Thread 0x00007f142413c880  586       3       java.util.Locale::getDefault (4 bytes)
Event: 4.167 Thread 0x00007f142413c880 nmethod 586 0x00007f1411c60010 code [0x00007f1411c601a0, 0x00007f1411c60290]
Event: 4.173 Thread 0x00007f142413b050 nmethod 578 0x00007f14190ff610 code [0x00007f14190ff7a0, 0x00007f14190ffd98]
Event: 4.177 Thread 0x00007f142413c880  588   !   3       java.net.URL::<init> (543 bytes)
Event: 4.180 Thread 0x00007f142413b050  582       4       jdk.internal.misc.Unsafe::putReferenceRelease (9 bytes)
Event: 4.188 Thread 0x00007f142413b050 nmethod 582 0x00007f1419100110 code [0x00007f1419100280, 0x00007f1419100398]
Event: 4.196 Thread 0x00007f142413c880 nmethod 588 0x00007f1411c60310 code [0x00007f1411c609a0, 0x00007f1411c64160]
Event: 4.196 Thread 0x00007f142413c880  587       3       java.net.URL::<init> (8 bytes)
Event: 4.197 Thread 0x00007f142413c880 nmethod 587 0x00007f1411c66290 code [0x00007f1411c66420, 0x00007f1411c66540]
Event: 4.197 Thread 0x00007f142413c880  589       3       java.net.URLStreamHandler::setURL (73 bytes)

GC Heap History (2 events):
Event: 3.615 GC heap before
{Heap before GC invocations=0 (full 0):
 garbage-first heap   total 55296K, used 5120K [0x00000000cb000000, 0x0000000100000000)
  region size 1024K, 6 young (6144K), 0 survivors (0K)
 Metaspace       used 9130K, capacity 9255K, committed 9600K, reserved 1058816K
  class space    used 769K, capacity 823K, committed 896K, reserved 1048576K
}
Event: 3.625 GC heap after
{Heap after GC invocations=1 (full 0):
 garbage-first heap   total 55296K, used 1855K [0x00000000cb000000, 0x0000000100000000)
  region size 1024K, 1 young (1024K), 1 survivors (1024K)
 Metaspace       used 9130K, capacity 9255K, committed 9600K, reserved 1058816K
  class space    used 769K, capacity 823K, committed 896K, reserved 1048576K
}

Deoptimization events (20 events):
Event: 1.244 Thread 0x00007f1424028b40 DEOPT PACKING pc=0x00007f1411bb2436 sp=0x00007f14284ca260
Event: 1.244 Thread 0x00007f1424028b40 DEOPT UNPACKING pc=0x00007f141165ac2b sp=0x00007f14284c97a0 mode 0
Event: 1.247 Thread 0x00007f1424028b40 DEOPT PACKING pc=0x00007f1411bb2cbe sp=0x00007f14284ca2c0
Event: 1.247 Thread 0x00007f1424028b40 DEOPT UNPACKING pc=0x00007f141165ac2b sp=0x00007f14284c9780 mode 0
Event: 1.248 Thread 0x00007f1424028b40 DEOPT PACKING pc=0x00007f1411bb2436 sp=0x00007f14284ca260
Event: 1.248 Thread 0x00007f1424028b40 DEOPT UNPACKING pc=0x00007f141165ac2b sp=0x00007f14284c97a0 mode 0
Event: 1.806 Thread 0x00007f1424028b40 Uncommon trap: trap_request=0xffffff45 fr.pc=0x00007f14190d85d8 relative=0x0000000000000058
Event: 1.806 Thread 0x00007f1424028b40 Uncommon trap: reason=unstable_if action=reinterpret pc=0x00007f14190d85d8 method=java.lang.String.isLatin1()Z @ 10 c2
Event: 1.806 Thread 0x00007f1424028b40 DEOPT PACKING pc=0x00007f14190d85d8 sp=0x00007f14284c9080
Event: 1.807 Thread 0x00007f1424028b40 DEOPT UNPACKING pc=0x00007f141165ae25 sp=0x00007f14284c9030 mode 2
Event: 3.407 Thread 0x00007f1424028b40 DEOPT PACKING pc=0x00007f1411bbe268 sp=0x00007f14284ca500
Event: 3.407 Thread 0x00007f1424028b40 DEOPT UNPACKING pc=0x00007f141165ac2b sp=0x00007f14284c9998 mode 0
Event: 3.732 Thread 0x00007f1424028b40 Uncommon trap: trap_request=0xffffff5c fr.pc=0x00007f14190fcbd4 relative=0x0000000000000054
Event: 3.732 Thread 0x00007f1424028b40 Uncommon trap: reason=speculate_null_check action=make_not_entrant pc=0x00007f14190fcbd4 method=sun.misc.Unsafe.getByte(Ljava/lang/Object;J)B @ 5 c2
Event: 3.732 Thread 0x00007f1424028b40 DEOPT PACKING pc=0x00007f14190fcbd4 sp=0x00007f14284cb4e0
Event: 3.732 Thread 0x00007f1424028b40 DEOPT UNPACKING pc=0x00007f141165ae25 sp=0x00007f14284cb478 mode 2
Event: 3.826 Thread 0x00007f1424028b40 Uncommon trap: trap_request=0xffffff54 fr.pc=0x00007f14190fd7d8 relative=0x0000000000000058
Event: 3.826 Thread 0x00007f1424028b40 Uncommon trap: reason=speculate_null_assert action=make_not_entrant pc=0x00007f14190fd7d8 method=sun.misc.Unsafe.getLong(Ljava/lang/Object;J)J @ 5 c2
Event: 3.826 Thread 0x00007f1424028b40 DEOPT PACKING pc=0x00007f14190fd7d8 sp=0x00007f14284cb2b0
Event: 3.826 Thread 0x00007f1424028b40 DEOPT UNPACKING pc=0x00007f141165ae25 sp=0x00007f14284cb258 mode 2

Classes unloaded (0 events):
No events

Classes redefined (0 events):
No events

Internal exceptions (20 events):
Event: 1.545 Thread 0x00007f1424028b40 Exception <a 'java/lang/NoSuchMethodError'{0x00000000ce3a7200}: 'void java.lang.invoke.DirectMethodHandle$Holder.invokeStatic(java.lang.Object, java.lang.Object)'> (0x00000000ce3a7200) 
thrown [open/src/hotspot/share/interpreter/linkResolver.cpp, line 781]
Event: 1.550 Thread 0x00007f1424028b40 Exception <a 'java/lang/NoSuchMethodError'{0x00000000ce3acb38}: 'void java.lang.invoke.DirectMethodHandle$Holder.invokeSpecial(java.lang.Object, java.lang.Object, java.lang.Object)'> (0x00000000ce3acb38) 
thrown [open/src/hotspot/share/interpreter/linkResolver.cpp, line 781]
Event: 1.562 Thread 0x00007f1424028b40 Exception <a 'java/lang/NoSuchMethodError'{0x00000000ce3c1b40}: 'java.lang.Object java.lang.invoke.DirectMethodHandle$Holder.invokeStatic(java.lang.Object, java.lang.Object, int)'> (0x00000000ce3c1b40) 
thrown [open/src/hotspot/share/interpreter/linkResolver.cpp, line 781]
Event: 1.568 Thread 0x00007f1424028b40 Exception <a 'java/lang/NoSuchMethodError'{0x00000000ce3cdec8}: 'void java.lang.invoke.DelegatingMethodHandle$Holder.delegate(java.lang.Object, java.lang.Object, int, java.lang.Object)'> (0x00000000ce3cdec8) 
thrown [open/src/hotspot/share/interpreter/linkResolver.cpp, line 781]
Event: 1.570 Thread 0x00007f1424028b40 Exception <a 'java/lang/NoSuchMethodError'{0x00000000ce3d2210}: 'int java.lang.invoke.DirectMethodHandle$Holder.invokeSpecial(java.lang.Object, java.lang.Object, java.lang.Object)'> (0x00000000ce3d2210) 
thrown [open/src/hotspot/share/interpreter/linkResolver.cpp, line 781]
Event: 1.717 Thread 0x00007f1424028b40 Exception <a 'sun/nio/fs/UnixException'{0x00000000ce2a9898}> (0x00000000ce2a9898) 
thrown [open/src/hotspot/share/prims/jni.cpp, line 578]
Event: 1.839 Thread 0x00007f1424028b40 Exception <a 'java/lang/NoSuchMethodError'{0x00000000ce1535b0}: 'int java.lang.invoke.DirectMethodHandle$Holder.invokeStaticInit(java.lang.Object, java.lang.Object, int, long)'> (0x00000000ce1535b0) 
thrown [open/src/hotspot/share/interpreter/linkResolver.cpp, line 781]
Event: 1.842 Thread 0x00007f1424028b40 Exception <a 'java/lang/NoSuchMethodError'{0x00000000ce159080}: 'java.lang.Object java.lang.invoke.DirectMethodHandle$Holder.newInvokeSpecial(java.lang.Object, java.lang.Object, int)'> (0x00000000ce159080) 
thrown [open/src/hotspot/share/interpreter/linkResolver.cpp, line 781]
Event: 1.849 Thread 0x00007f1424028b40 Exception <a 'java/lang/NoSuchMethodError'{0x00000000ce168e90}: 'int java.lang.invoke.DirectMethodHandle$Holder.invokeStaticInit(java.lang.Object, java.lang.Object, long, long)'> (0x00000000ce168e90) 
thrown [open/src/hotspot/share/interpreter/linkResolver.cpp, line 781]
Event: 1.851 Thread 0x00007f1424028b40 Exception <a 'java/lang/NoSuchMethodError'{0x00000000ce16f310}: 'java.lang.Object java.lang.invoke.DirectMethodHandle$Holder.newInvokeSpecial(java.lang.Object, java.lang.Object, long)'> (0x00000000ce16f310) 
thrown [open/src/hotspot/share/interpreter/linkResolver.cpp, line 781]
Event: 1.853 Thread 0x00007f1424028b40 Exception <a 'java/lang/NoSuchMethodError'{0x00000000ce173458}: 'java.lang.Object java.lang.invoke.Invokers$Holder.linkToTargetMethod(java.lang.Object, long, java.lang.Object)'> (0x00000000ce173458) 
thrown [open/src/hotspot/share/interpreter/linkResolver.cpp, line 781]
Event: 1.857 Thread 0x00007f1424028b40 Exception <a 'java/lang/NoSuchMethodError'{0x00000000ce17ae38}: 'int java.lang.invoke.DirectMethodHandle$Holder.invokeStaticInit(java.lang.Object, java.lang.Object, java.lang.Object, long)'> (0x00000000ce17ae38) 
thrown [open/src/hotspot/share/interpreter/linkResolver.cpp, line 781]
Event: 2.008 Thread 0x00007f1424028b40 Exception <a 'sun/nio/fs/UnixException'{0x00000000ce03dea8}> (0x00000000ce03dea8) 
thrown [open/src/hotspot/share/prims/jni.cpp, line 578]
Event: 3.369 Thread 0x00007f1424028b40 Exception <a 'java/lang/NoSuchMethodError'{0x00000000ce094e38}: 'void java.lang.invoke.DirectMethodHandle$Holder.invokeStaticInit(java.lang.Object, long, double, double)'> (0x00000000ce094e38) 
thrown [open/src/hotspot/share/interpreter/linkResolver.cpp, line 781]
Event: 3.389 Thread 0x00007f1424028b40 Exception <a 'java/lang/NoSuchMethodError'{0x00000000ce0a5b50}: 'void java.lang.invoke.DirectMethodHandle$Holder.invokeStaticInit(java.lang.Object, long, int, int, int)'> (0x00000000ce0a5b50) 
thrown [open/src/hotspot/share/interpreter/linkResolver.cpp, line 781]
Event: 3.420 Thread 0x00007f1424028b40 Exception <a 'java/lang/NoSuchMethodError'{0x00000000ce0c1e70}: 'void java.lang.invoke.DirectMethodHandle$Holder.invokeStaticInit(java.lang.Object, long, int, int, int, int)'> (0x00000000ce0c1e70) 
thrown [open/src/hotspot/share/interpreter/linkResolver.cpp, line 781]
Event: 3.439 Thread 0x00007f1424028b40 Exception <a 'java/lang/NoSuchMethodError'{0x00000000ce0d0ae8}: 'void java.lang.invoke.DirectMethodHandle$Holder.invokeStatic(java.lang.Object, int, int)'> (0x00000000ce0d0ae8) 
thrown [open/src/hotspot/share/interpreter/linkResolver.cpp, line 781]
Event: 3.441 Thread 0x00007f1424028b40 Exception <a 'java/lang/NoSuchMethodError'{0x00000000ce0d4270}: 'void java.lang.invoke.DirectMethodHandle$Holder.invokeStaticInit(java.lang.Object, int, int)'> (0x00000000ce0d4270) 
thrown [open/src/hotspot/share/interpreter/linkResolver.cpp, line 781]
Event: 3.655 Thread 0x00007f1424028b40 Exception <a 'sun/nio/fs/UnixException'{0x00000000ce5100c0}> (0x00000000ce5100c0) 
thrown [open/src/hotspot/share/prims/jni.cpp, line 578]
Event: 3.682 Thread 0x00007f1424028b40 Exception <a 'sun/nio/fs/UnixException'{0x00000000ce52a818}> (0x00000000ce52a818) 
thrown [open/src/hotspot/share/prims/jni.cpp, line 578]

Events (20 events):
Event: 4.102 loading class jdk/internal/math/FormattedFloatingDecimal$1
Event: 4.103 loading class jdk/internal/math/FormattedFloatingDecimal$1 done
Event: 4.103 loading class jdk/internal/math/FloatingDecimal
Event: 4.103 loading class jdk/internal/math/FloatingDecimal done
Event: 4.104 loading class jdk/internal/math/FloatingDecimal$ExceptionalBinaryToASCIIBuffer
Event: 4.104 loading class jdk/internal/math/FloatingDecimal$BinaryToASCIIConverter
Event: 4.104 loading class jdk/internal/math/FloatingDecimal$BinaryToASCIIConverter done
Event: 4.104 loading class jdk/internal/math/FloatingDecimal$ExceptionalBinaryToASCIIBuffer done
Event: 4.104 loading class jdk/internal/math/FloatingDecimal$BinaryToASCIIBuffer
Event: 4.105 loading class jdk/internal/math/FloatingDecimal$BinaryToASCIIBuffer done
Event: 4.105 loading class jdk/internal/math/FloatingDecimal$1
Event: 4.105 loading class jdk/internal/math/FloatingDecimal$1 done
Event: 4.105 loading class jdk/internal/math/FloatingDecimal$PreparedASCIIToBinaryBuffer
Event: 4.105 loading class jdk/internal/math/FloatingDecimal$ASCIIToBinaryConverter
Event: 4.105 loading class jdk/internal/math/FloatingDecimal$ASCIIToBinaryConverter done
Event: 4.106 loading class jdk/internal/math/FloatingDecimal$PreparedASCIIToBinaryBuffer done
Event: 4.106 loading class jdk/internal/math/FDBigInteger
Event: 4.107 loading class jdk/internal/math/FDBigInteger done
Event: 4.112 loading class jdk/internal/math/FormattedFloatingDecimal$2
Event: 4.112 loading class jdk/internal/math/FormattedFloatingDecimal$2 done


Dynamic libraries:
cb000000-ce600000 rw-p 00000000 00:00 0 
ce600000-100000000 ---p 00000000 00:00 0 
100000000-1000e0000 rw-p 00000000 00:00 0 
1000e0000-140000000 ---p 00000000 00:00 0 
556d1c7b8000-556d1c7b9000 r-xp 00000000 08:05 2625428                    /home/karmugilan/Documents/desktop/eclipse/plugins/org.eclipse.justj.openjdk.hotspot.jre.full.linux.x86_64_15.0.2.v20210201-0955/jre/bin/java
556d1c7ba000-556d1c7bb000 r--p 00001000 08:05 2625428                    /home/karmugilan/Documents/desktop/eclipse/plugins/org.eclipse.justj.openjdk.hotspot.jre.full.linux.x86_64_15.0.2.v20210201-0955/jre/bin/java
556d1c7bb000-556d1c7bc000 rw-p 00002000 08:05 2625428                    /home/karmugilan/Documents/desktop/eclipse/plugins/org.eclipse.justj.openjdk.hotspot.jre.full.linux.x86_64_15.0.2.v20210201-0955/jre/bin/java
556d1d2e2000-556d1d303000 rw-p 00000000 00:00 0                          [heap]
7f13c4dc7000-7f13c4fc7000 rw-s 12096a000 00:05 469                       /dev/dri/renderD128
7f13c4fcc000-7f13c4fcd000 ---p 00000000 00:00 0 
7f13c4fcd000-7f13c57cd000 rw-p 00000000 00:00 0 
7f13c57cd000-7f13c6105000 r--p 00000000 08:05 135369                     /usr/lib/libLLVM-13.so
7f13c6105000-7f13c988f000 r-xp 00938000 08:05 135369                     /usr/lib/libLLVM-13.so
7f13c988f000-7f13cba55000 r--p 040c2000 08:05 135369                     /usr/lib/libLLVM-13.so
7f13cba55000-7f13cbf84000 r--p 06287000 08:05 135369                     /usr/lib/libLLVM-13.so
7f13cbf84000-7f13cbf8d000 rw-p 067b6000 08:05 135369                     /usr/lib/libLLVM-13.so
7f13cbf8d000-7f13cbffb000 rw-p 00000000 00:00 0 
7f13cc000000-7f13cc021000 rw-p 00000000 00:00 0 
7f13cc021000-7f13d0000000 ---p 00000000 00:00 0 
7f13d007d000-7f13d00d3000 r-xp 00000000 00:26 300                        /tmp/lwjglkarmugilan/3.3.0-build-21/liblwjgl_opengl.so
7f13d00d3000-7f13d02d2000 ---p 00056000 00:26 300                        /tmp/lwjglkarmugilan/3.3.0-build-21/liblwjgl_opengl.so
7f13d02d2000-7f13d02d3000 r--p 00055000 00:26 300                        /tmp/lwjglkarmugilan/3.3.0-build-21/liblwjgl_opengl.so
7f13d02d3000-7f13d02d4000 rw-p 00056000 00:26 300                        /tmp/lwjglkarmugilan/3.3.0-build-21/liblwjgl_opengl.so
7f13d02d7000-7f13d02d8000 ---p 00000000 00:00 0 
7f13d02d8000-7f13d03d9000 rw-p 00000000 00:00 0 
7f13d03d9000-7f13d03da000 ---p 00000000 00:00 0 
7f13d03da000-7f13d0bda000 rw-p 00000000 00:00 0 
7f13d0bda000-7f13d0bdb000 ---p 00000000 00:00 0 
7f13d0bdb000-7f13d13db000 rw-p 00000000 00:00 0 
7f13d13db000-7f13d13dc000 ---p 00000000 00:00 0 
7f13d13dc000-7f13d1bdc000 rw-p 00000000 00:00 0 
7f13d1bdc000-7f13d1bdd000 ---p 00000000 00:00 0 
7f13d1bdd000-7f13d23dd000 rw-p 00000000 00:00 0 
7f13d23dd000-7f13d3ff8000 r--p 00000000 08:05 136938                     /usr/lib/libicudata.so.70.1
7f13d3ff8000-7f13d3ff9000 r--p 01c1a000 08:05 136938                     /usr/lib/libicudata.so.70.1
7f13d4000000-7f13d4187000 rw-p 00000000 00:00 0 
7f13d4187000-7f13d8000000 ---p 00000000 00:00 0 
7f13d8000000-7f13d8021000 rw-p 00000000 00:00 0 
7f13d8021000-7f13dc000000 ---p 00000000 00:00 0 
7f13dc000000-7f13dc021000 rw-p 00000000 00:00 0 
7f13dc021000-7f13e0000000 ---p 00000000 00:00 0 
7f13e0000000-7f13e02b6000 rw-p 00000000 00:00 0 
7f13e02b6000-7f13e4000000 ---p 00000000 00:00 0 
7f13e4000000-7f13e4021000 rw-p 00000000 00:00 0 
7f13e4021000-7f13e8000000 ---p 00000000 00:00 0 
7f13e8000000-7f13e8021000 rw-p 00000000 00:00 0 
7f13e8021000-7f13ec000000 ---p 00000000 00:00 0 
7f13ec052000-7f13ec252000 rw-s 124035000 00:05 469                       /dev/dri/renderD128
7f13ec256000-7f13ec456000 rw-s 1092f1000 00:05 469                       /dev/dri/renderD128
7f13ec457000-7f13ec657000 rw-s 1263ea000 00:05 469                       /dev/dri/renderD128
7f13ec65d000-7f13ec79e000 rw-s 00000000 08:05 2621528                    /home/karmugilan/.cache/mesa_shader_cache/index
7f13ec7a5000-7f13ec7a8000 r--p 00000000 08:05 137321                     /usr/lib/liblzma.so.5.2.5
7f13ec7a8000-7f13ec7c0000 r-xp 00003000 08:05 137321                     /usr/lib/liblzma.so.5.2.5
7f13ec7c0000-7f13ec7cb000 r--p 0001b000 08:05 137321                     /usr/lib/liblzma.so.5.2.5
7f13ec7cb000-7f13ec7cc000 ---p 00026000 08:05 137321                     /usr/lib/liblzma.so.5.2.5
7f13ec7cc000-7f13ec7cd000 r--p 00026000 08:05 137321                     /usr/lib/liblzma.so.5.2.5
7f13ec7cd000-7f13ec7ce000 rw-p 00027000 08:05 137321                     /usr/lib/liblzma.so.5.2.5
7f13ec7d5000-7f13ec83d000 r--p 00000000 08:05 155694                     /usr/lib/libicuuc.so.70.1
7f13ec83d000-7f13ec92f000 r-xp 00068000 08:05 155694                     /usr/lib/libicuuc.so.70.1
7f13ec92f000-7f13ec9bb000 r--p 0015a000 08:05 155694                     /usr/lib/libicuuc.so.70.1
7f13ec9bb000-7f13ec9ce000 r--p 001e5000 08:05 155694                     /usr/lib/libicuuc.so.70.1
7f13ec9ce000-7f13ec9cf000 rw-p 001f8000 08:05 155694                     /usr/lib/libicuuc.so.70.1
7f13ec9cf000-7f13ec9d1000 rw-p 00000000 00:00 0 
7f13ec9d5000-7f13eca04000 r--p 00000000 08:05 137588                     /usr/lib/libxml2.so.2.9.12
7f13eca04000-7f13ecaed000 r-xp 0002f000 08:05 137588                     /usr/lib/libxml2.so.2.9.12
7f13ecaed000-7f13ecb37000 r--p 00118000 08:05 137588                     /usr/lib/libxml2.so.2.9.12
7f13ecb37000-7f13ecb38000 ---p 00162000 08:05 137588                     /usr/lib/libxml2.so.2.9.12
7f13ecb38000-7f13ecb41000 r--p 00162000 08:05 137588                     /usr/lib/libxml2.so.2.9.12
7f13ecb41000-7f13ecb42000 rw-p 0016b000 08:05 137588                     /usr/lib/libxml2.so.2.9.12
7f13ecb42000-7f13ecb43000 rw-p 00000000 00:00 0 
7f13ecb45000-7f13ecb5b000 r--p 00000000 08:05 137330                     /usr/lib/libncursesw.so.6.3
7f13ecb5b000-7f13ecb9a000 r-xp 00016000 08:05 137330                     /usr/lib/libncursesw.so.6.3
7f13ecb9a000-7f13ecbb2000 r--p 00055000 08:05 137330                     /usr/lib/libncursesw.so.6.3
7f13ecbb2000-7f13ecbb3000 ---p 0006d000 08:05 137330                     /usr/lib/libncursesw.so.6.3
7f13ecbb3000-7f13ecbb7000 r--p 0006d000 08:05 137330                     /usr/lib/libncursesw.so.6.3
7f13ecbb7000-7f13ecbb8000 rw-p 00071000 08:05 137330                     /usr/lib/libncursesw.so.6.3
7f13ecbbd000-7f13ecbc6000 r--p 00000000 08:05 137230                     /usr/lib/libedit.so.0.0.68
7f13ecbc6000-7f13ecbe3000 r-xp 00009000 08:05 137230                     /usr/lib/libedit.so.0.0.68
7f13ecbe3000-7f13ecbf1000 r--p 00026000 08:05 137230                     /usr/lib/libedit.so.0.0.68
7f13ecbf1000-7f13ecbf2000 ---p 00034000 08:05 137230                     /usr/lib/libedit.so.0.0.68
7f13ecbf2000-7f13ecbf4000 r--p 00034000 08:05 137230                     /usr/lib/libedit.so.0.0.68
7f13ecbf4000-7f13ecbf5000 rw-p 00036000 08:05 137230                     /usr/lib/libedit.so.0.0.68
7f13ecbf5000-7f13ecbf8000 rw-p 00000000 00:00 0 
7f13ecbfd000-7f13ecbff000 r--p 00000000 08:05 140937                     /usr/lib/libffi.so.8.1.0
7f13ecbff000-7f13ecc05000 r-xp 00002000 08:05 140937                     /usr/lib/libffi.so.8.1.0
7f13ecc05000-7f13ecc07000 r--p 00008000 08:05 140937                     /usr/lib/libffi.so.8.1.0
7f13ecc07000-7f13ecc08000 r--p 00009000 08:05 140937                     /usr/lib/libffi.so.8.1.0
7f13ecc08000-7f13ecc09000 rw-p 0000a000 08:05 140937                     /usr/lib/libffi.so.8.1.0
7f13ecc0d000-7f13ecc10000 r--p 00000000 08:05 137254                     /usr/lib/libgcc_s.so.1
7f13ecc10000-7f13ecc22000 r-xp 00003000 08:05 137254                     /usr/lib/libgcc_s.so.1
7f13ecc22000-7f13ecc25000 r--p 00015000 08:05 137254                     /usr/lib/libgcc_s.so.1
7f13ecc25000-7f13ecc26000 ---p 00018000 08:05 137254                     /usr/lib/libgcc_s.so.1
7f13ecc26000-7f13ecc27000 r--p 00018000 08:05 137254                     /usr/lib/libgcc_s.so.1
7f13ecc27000-7f13ecc28000 rw-p 00019000 08:05 137254                     /usr/lib/libgcc_s.so.1
7f13ecc2d000-7f13eccc6000 r--p 00000000 08:05 137431                     /usr/lib/libstdc++.so.6.0.29
7f13eccc6000-7f13ecdc6000 r-xp 00099000 08:05 137431                     /usr/lib/libstdc++.so.6.0.29
7f13ecdc6000-7f13ece32000 r--p 00199000 08:05 137431                     /usr/lib/libstdc++.so.6.0.29
7f13ece32000-7f13ece3f000 r--p 00204000 08:05 137431                     /usr/lib/libstdc++.so.6.0.29
7f13ece3f000-7f13ece40000 rw-p 00211000 08:05 137431                     /usr/lib/libstdc++.so.6.0.29
7f13ece40000-7f13ece43000 rw-p 00000000 00:00 0 
7f13ece45000-7f13ece5a000 r--p 00000000 08:05 141039                     /usr/lib/libvulkan.so.1.2.199
7f13ece5a000-7f13ece8b000 r-xp 00015000 08:05 141039                     /usr/lib/libvulkan.so.1.2.199
7f13ece8b000-7f13ecea0000 r--p 00046000 08:05 141039                     /usr/lib/libvulkan.so.1.2.199
7f13ecea0000-7f13ecea1000 ---p 0005b000 08:05 141039                     /usr/lib/libvulkan.so.1.2.199
7f13ecea1000-7f13ecea4000 r--p 0005b000 08:05 141039                     /usr/lib/libvulkan.so.1.2.199
7f13ecea4000-7f13ecea5000 rw-p 0005e000 08:05 141039                     /usr/lib/libvulkan.so.1.2.199
7f13ecea5000-7f13ecea7000 r--p 00000000 08:05 140924                     /usr/lib/libdrm_nouveau.so.2.0.0
7f13ecea7000-7f13eceab000 r-xp 00002000 08:05 140924                     /usr/lib/libdrm_nouveau.so.2.0.0
7f13eceab000-7f13ecead000 r--p 00006000 08:05 140924                     /usr/lib/libdrm_nouveau.so.2.0.0
7f13ecead000-7f13eceae000 r--p 00007000 08:05 140924                     /usr/lib/libdrm_nouveau.so.2.0.0
7f13eceae000-7f13eceaf000 rw-p 00008000 08:05 140924                     /usr/lib/libdrm_nouveau.so.2.0.0
7f13eceb5000-7f13eceb8000 r--p 00000000 08:05 135509                     /usr/lib/libdrm_amdgpu.so.1.0.0
7f13eceb8000-7f13ecebd000 r-xp 00003000 08:05 135509                     /usr/lib/libdrm_amdgpu.so.1.0.0
7f13ecebd000-7f13ecebf000 r--p 00008000 08:05 135509                     /usr/lib/libdrm_amdgpu.so.1.0.0
7f13ecebf000-7f13ecec0000 r--p 00009000 08:05 135509                     /usr/lib/libdrm_amdgpu.so.1.0.0
7f13ecec0000-7f13ecec1000 rw-p 0000a000 08:05 135509                     /usr/lib/libdrm_amdgpu.so.1.0.0
7f13ecec5000-7f13ecec8000 r--p 00000000 08:05 137226                     /usr/lib/libelf-0.186.so
7f13ecec8000-7f13eced8000 r-xp 00003000 08:05 137226                     /usr/lib/libelf-0.186.so
7f13eced8000-7f13ecedc000 r--p 00013000 08:05 137226                     /usr/lib/libelf-0.186.so
7f13ecedc000-7f13ecedd000 ---p 00017000 08:05 137226                     /usr/lib/libelf-0.186.so
7f13ecedd000-7f13ecede000 r--p 00017000 08:05 137226                     /usr/lib/libelf-0.186.so
7f13ecede000-7f13ecedf000 rw-p 00018000 08:05 137226                     /usr/lib/libelf-0.186.so
7f13ecee5000-7f13ecee7000 r--p 00000000 08:05 140927                     /usr/lib/libdrm_radeon.so.1.0.1
7f13ecee7000-7f13eceed000 r-xp 00002000 08:05 140927                     /usr/lib/libdrm_radeon.so.1.0.1
7f13eceed000-7f13ecef1000 r--p 00008000 08:05 140927                     /usr/lib/libdrm_radeon.so.1.0.1
7f13ecef1000-7f13ecef2000 r--p 0000b000 08:05 140927                     /usr/lib/libdrm_radeon.so.1.0.1
7f13ecef2000-7f13ecef3000 rw-p 0000c000 08:05 140927                     /usr/lib/libdrm_radeon.so.1.0.1
7f13ecef5000-7f13ecef8000 r--p 00000000 08:05 137422                     /usr/lib/libsensors.so.5.0.0
7f13ecef8000-7f13eceff000 r-xp 00003000 08:05 137422                     /usr/lib/libsensors.so.5.0.0
7f13eceff000-7f13ecf04000 r--p 0000a000 08:05 137422                     /usr/lib/libsensors.so.5.0.0
7f13ecf04000-7f13ecf05000 r--p 0000e000 08:05 137422                     /usr/lib/libsensors.so.5.0.0
7f13ecf05000-7f13ecf06000 rw-p 0000f000 08:05 137422                     /usr/lib/libsensors.so.5.0.0
7f13ecf0d000-7f13ecf12000 r--p 00000000 08:05 137498                     /usr/lib/libzstd.so.1.5.0
7f13ecf12000-7f13ed006000 r-xp 00005000 08:05 137498                     /usr/lib/libzstd.so.1.5.0
7f13ed006000-7f13ed019000 r--p 000f9000 08:05 137498                     /usr/lib/libzstd.so.1.5.0
7f13ed019000-7f13ed01a000 ---p 0010c000 08:05 137498                     /usr/lib/libzstd.so.1.5.0
7f13ed01a000-7f13ed01b000 r--p 0010c000 08:05 137498                     /usr/lib/libzstd.so.1.5.0
7f13ed01b000-7f13ed01c000 rw-p 0010d000 08:05 137498                     /usr/lib/libzstd.so.1.5.0
7f13ed01d000-7f13ed1ae000 r--p 00000000 08:05 135358                     /usr/lib/dri/radeonsi_dri.so
7f13ed1ae000-7f13ee236000 r-xp 00191000 08:05 135358                     /usr/lib/dri/radeonsi_dri.so
7f13ee236000-7f13ee6a0000 r--p 01219000 08:05 135358                     /usr/lib/dri/radeonsi_dri.so
7f13ee6a0000-7f13ee6a1000 ---p 01683000 08:05 135358                     /usr/lib/dri/radeonsi_dri.so
7f13ee6a1000-7f13ee7ce000 r--p 01683000 08:05 135358                     /usr/lib/dri/radeonsi_dri.so
7f13ee7ce000-7f13ee903000 rw-p 017b0000 08:05 135358                     /usr/lib/dri/radeonsi_dri.so
7f13ee903000-7f13eeb25000 rw-p 00000000 00:00 0 
7f13eeb25000-7f13eeb28000 r--p 00000000 08:05 137484                     /usr/lib/libxcb-xfixes.so.0.0.0
7f13eeb28000-7f13eeb2b000 r-xp 00003000 08:05 137484                     /usr/lib/libxcb-xfixes.so.0.0.0
7f13eeb2b000-7f13eeb2c000 r--p 00006000 08:05 137484                     /usr/lib/libxcb-xfixes.so.0.0.0
7f13eeb2c000-7f13eeb2d000 ---p 00007000 08:05 137484                     /usr/lib/libxcb-xfixes.so.0.0.0
7f13eeb2d000-7f13eeb2e000 r--p 00007000 08:05 137484                     /usr/lib/libxcb-xfixes.so.0.0.0
7f13eeb2e000-7f13eeb2f000 rw-p 00008000 08:05 137484                     /usr/lib/libxcb-xfixes.so.0.0.0
7f13eeb35000-7f13eeb36000 r--p 00000000 08:05 137493                     /usr/lib/libxshmfence.so.1.0.0
7f13eeb36000-7f13eeb37000 r-xp 00001000 08:05 137493                     /usr/lib/libxshmfence.so.1.0.0
7f13eeb37000-7f13eeb38000 r--p 00002000 08:05 137493                     /usr/lib/libxshmfence.so.1.0.0
7f13eeb38000-7f13eeb39000 r--p 00002000 08:05 137493                     /usr/lib/libxshmfence.so.1.0.0
7f13eeb39000-7f13eeb3a000 rw-p 00003000 08:05 137493                     /usr/lib/libxshmfence.so.1.0.0
7f13eeb3d000-7f13eeb40000 r--p 00000000 08:05 137482                     /usr/lib/libxcb-sync.so.1.0.0
7f13eeb40000-7f13eeb43000 r-xp 00003000 08:05 137482                     /usr/lib/libxcb-sync.so.1.0.0
7f13eeb43000-7f13eeb44000 r--p 00006000 08:05 137482                     /usr/lib/libxcb-sync.so.1.0.0
7f13eeb44000-7f13eeb45000 ---p 00007000 08:05 137482                     /usr/lib/libxcb-sync.so.1.0.0
7f13eeb45000-7f13eeb46000 r--p 00007000 08:05 137482                     /usr/lib/libxcb-sync.so.1.0.0
7f13eeb46000-7f13eeb47000 rw-p 00008000 08:05 137482                     /usr/lib/libxcb-sync.so.1.0.0
7f13eeb4d000-7f13eeb4e000 r--p 00000000 08:05 137474                     /usr/lib/libxcb-present.so.0.0.0
7f13eeb4e000-7f13eeb4f000 r-xp 00001000 08:05 137474                     /usr/lib/libxcb-present.so.0.0.0
7f13eeb4f000-7f13eeb50000 r--p 00002000 08:05 137474                     /usr/lib/libxcb-present.so.0.0.0
7f13eeb50000-7f13eeb51000 r--p 00002000 08:05 137474                     /usr/lib/libxcb-present.so.0.0.0
7f13eeb51000-7f13eeb52000 rw-p 00003000 08:05 137474                     /usr/lib/libxcb-present.so.0.0.0
7f13eeb55000-7f13eeb57000 r--p 00000000 08:05 137472                     /usr/lib/libxcb-dri3.so.0.0.0
7f13eeb57000-7f13eeb58000 r-xp 00002000 08:05 137472                     /usr/lib/libxcb-dri3.so.0.0.0
7f13eeb58000-7f13eeb59000 r--p 00003000 08:05 137472                     /usr/lib/libxcb-dri3.so.0.0.0
7f13eeb59000-7f13eeb5a000 r--p 00003000 08:05 137472                     /usr/lib/libxcb-dri3.so.0.0.0
7f13eeb5a000-7f13eeb5b000 rw-p 00004000 08:05 137472                     /usr/lib/libxcb-dri3.so.0.0.0
7f13eeb5d000-7f13eeb61000 r--p 00000000 08:05 137240                     /usr/lib/libexpat.so.1.8.1
7f13eeb61000-7f13eeb7f000 r-xp 00004000 08:05 137240                     /usr/lib/libexpat.so.1.8.1
7f13eeb7f000-7f13eeb89000 r--p 00022000 08:05 137240                     /usr/lib/libexpat.so.1.8.1
7f13eeb89000-7f13eeb8a000 ---p 0002c000 08:05 137240                     /usr/lib/libexpat.so.1.8.1
7f13eeb8a000-7f13eeb8c000 r--p 0002c000 08:05 137240                     /usr/lib/libexpat.so.1.8.1
7f13eeb8c000-7f13eeb8d000 rw-p 0002e000 08:05 137240                     /usr/lib/libexpat.so.1.8.1
7f13eeb8d000-7f13eeb8e000 r--p 00000000 08:05 137481                     /usr/lib/libxcb-shm.so.0.0.0
7f13eeb8e000-7f13eeb8f000 r-xp 00001000 08:05 137481                     /usr/lib/libxcb-shm.so.0.0.0
7f13eeb8f000-7f13eeb90000 r--p 00002000 08:05 137481                     /usr/lib/libxcb-shm.so.0.0.0
7f13eeb90000-7f13eeb91000 r--p 00002000 08:05 137481                     /usr/lib/libxcb-shm.so.0.0.0
7f13eeb91000-7f13eeb92000 rw-p 00003000 08:05 137481                     /usr/lib/libxcb-shm.so.0.0.0
7f13eeb95000-7f13eeb97000 r--p 00000000 08:05 137471                     /usr/lib/libxcb-dri2.so.0.0.0
7f13eeb97000-7f13eeb99000 r-xp 00002000 08:05 137471                     /usr/lib/libxcb-dri2.so.0.0.0
7f13eeb99000-7f13eeb9a000 r--p 00004000 08:05 137471                     /usr/lib/libxcb-dri2.so.0.0.0
7f13eeb9a000-7f13eeb9b000 r--p 00004000 08:05 137471                     /usr/lib/libxcb-dri2.so.0.0.0
7f13eeb9b000-7f13eeb9c000 rw-p 00005000 08:05 137471                     /usr/lib/libxcb-dri2.so.0.0.0
7f13eeb9d000-7f13eeba9000 r--p 00000000 08:05 137473                     /usr/lib/libxcb-glx.so.0.0.0
7f13eeba9000-7f13eebb2000 r-xp 0000c000 08:05 137473                     /usr/lib/libxcb-glx.so.0.0.0
7f13eebb2000-7f13eebb7000 r--p 00015000 08:05 137473                     /usr/lib/libxcb-glx.so.0.0.0
7f13eebb7000-7f13eebb8000 ---p 0001a000 08:05 137473                     /usr/lib/libxcb-glx.so.0.0.0
7f13eebb8000-7f13eebba000 r--p 0001a000 08:05 137473                     /usr/lib/libxcb-glx.so.0.0.0
7f13eebba000-7f13eebbb000 rw-p 0001c000 08:05 137473                     /usr/lib/libxcb-glx.so.0.0.0
7f13eebbd000-7f13eebc2000 r--p 00000000 08:05 135503                     /usr/lib/libdrm.so.2.4.0
7f13eebc2000-7f13eebcd000 r-xp 00005000 08:05 135503                     /usr/lib/libdrm.so.2.4.0
7f13eebcd000-7f13eebd1000 r--p 00010000 08:05 135503                     /usr/lib/libdrm.so.2.4.0
7f13eebd1000-7f13eebd2000 ---p 00014000 08:05 135503                     /usr/lib/libdrm.so.2.4.0
7f13eebd2000-7f13eebd3000 r--p 00014000 08:05 135503                     /usr/lib/libdrm.so.2.4.0
7f13eebd3000-7f13eebd4000 rw-p 00015000 08:05 135503                     /usr/lib/libdrm.so.2.4.0
7f13eebd5000-7f13eebe2000 r--p 00000000 08:05 137433                     /usr/lib/libglapi.so.0.0.0
7f13eebe2000-7f13eebf0000 r-xp 0000d000 08:05 137433                     /usr/lib/libglapi.so.0.0.0
7f13eebf0000-7f13eec09000 r--p 0001b000 08:05 137433                     /usr/lib/libglapi.so.0.0.0
7f13eec09000-7f13eec0a000 ---p 00034000 08:05 137433                     /usr/lib/libglapi.so.0.0.0
7f13eec0a000-7f13eec0e000 r--p 00034000 08:05 137433                     /usr/lib/libglapi.so.0.0.0
7f13eec0e000-7f13eec0f000 rw-p 00038000 08:05 137433                     /usr/lib/libglapi.so.0.0.0
7f13eec0f000-7f13eec10000 rw-p 00000000 00:00 0 
7f13eec15000-7f13eec2e000 r--p 00000000 08:05 135933                     /usr/lib/libGLX_mesa.so.0.0.0
7f13eec2e000-7f13eec72000 r-xp 00019000 08:05 135933                     /usr/lib/libGLX_mesa.so.0.0.0
7f13eec72000-7f13eec89000 r--p 0005d000 08:05 135933                     /usr/lib/libGLX_mesa.so.0.0.0
7f13eec89000-7f13eec8a000 ---p 00074000 08:05 135933                     /usr/lib/libGLX_mesa.so.0.0.0
7f13eec8a000-7f13eec8d000 r--p 00074000 08:05 135933                     /usr/lib/libGLX_mesa.so.0.0.0
7f13eec8d000-7f13eec8e000 rw-p 00077000 08:05 135933                     /usr/lib/libGLX_mesa.so.0.0.0
7f13eec95000-7f13eec98000 r--p 00000000 08:05 137147                     /usr/lib/libGLX.so.0.0.0
7f13eec98000-7f13eecb2000 r-xp 00003000 08:05 137147                     /usr/lib/libGLX.so.0.0.0
7f13eecb2000-7f13eecb5000 r--p 0001d000 08:05 137147                     /usr/lib/libGLX.so.0.0.0
7f13eecb5000-7f13eecb6000 ---p 00020000 08:05 137147                     /usr/lib/libGLX.so.0.0.0
7f13eecb6000-7f13eecb7000 r--p 00020000 08:05 137147                     /usr/lib/libGLX.so.0.0.0
7f13eecb7000-7f13eecb8000 rw-p 00021000 08:05 137147                     /usr/lib/libGLX.so.0.0.0
7f13eecb8000-7f13eecc8000 rw-p 00000000 00:00 0 
7f13eeccd000-7f13eed0e000 r--p 00000000 08:05 137149                     /usr/lib/libGLdispatch.so.0.0.0
7f13eed0e000-7f13eed4c000 r-xp 00041000 08:05 137149                     /usr/lib/libGLdispatch.so.0.0.0
7f13eed4c000-7f13eed5f000 r--p 0007f000 08:05 137149                     /usr/lib/libGLdispatch.so.0.0.0
7f13eed5f000-7f13eed60000 ---p 00092000 08:05 137149                     /usr/lib/libGLdispatch.so.0.0.0
7f13eed60000-7f13eed7c000 r--p 00092000 08:05 137149                     /usr/lib/libGLdispatch.so.0.0.0
7f13eed7c000-7f13eed7d000 rw-p 000ae000 08:05 137149                     /usr/lib/libGLdispatch.so.0.0.0
7f13eed7d000-7f13eed85000 rw-p 00000000 00:00 0 
7f13eed85000-7f13eedc7000 r--p 00000000 08:05 137145                     /usr/lib/libGL.so.1.7.0
7f13eedc7000-7f13eede6000 r-xp 00042000 08:05 137145                     /usr/lib/libGL.so.1.7.0
7f13eede6000-7f13eedfb000 r--p 00061000 08:05 137145                     /usr/lib/libGL.so.1.7.0
7f13eedfb000-7f13eee09000 r--p 00075000 08:05 137145                     /usr/lib/libGL.so.1.7.0
7f13eee09000-7f13eee0a000 rw-p 00083000 08:05 137145                     /usr/lib/libGL.so.1.7.0
7f13eee0a000-7f13eee0b000 rw-p 00000000 00:00 0 
7f13eee0d000-7f13eee0f000 r--p 00000000 08:05 137163                     /usr/lib/libXfixes.so.3.1.0
7f13eee0f000-7f13eee12000 r-xp 00002000 08:05 137163                     /usr/lib/libXfixes.so.3.1.0
7f13eee12000-7f13eee13000 r--p 00005000 08:05 137163                     /usr/lib/libXfixes.so.3.1.0
7f13eee13000-7f13eee14000 ---p 00006000 08:05 137163                     /usr/lib/libXfixes.so.3.1.0
7f13eee14000-7f13eee15000 r--p 00006000 08:05 137163                     /usr/lib/libXfixes.so.3.1.0
7f13eee15000-7f13eee16000 rw-p 00007000 08:05 137163                     /usr/lib/libXfixes.so.3.1.0
7f13eee1d000-7f13eee20000 r--p 00000000 08:05 146294                     /usr/lib/libXcursor.so.1.0.2
7f13eee20000-7f13eee25000 r-xp 00003000 08:05 146294                     /usr/lib/libXcursor.so.1.0.2
7f13eee25000-7f13eee27000 r--p 00008000 08:05 146294                     /usr/lib/libXcursor.so.1.0.2
7f13eee27000-7f13eee28000 r--p 00009000 08:05 146294                     /usr/lib/libXcursor.so.1.0.2
7f13eee28000-7f13eee29000 rw-p 0000a000 08:05 146294                     /usr/lib/libXcursor.so.1.0.2
7f13eee2d000-7f13eee2f000 r--p 00000000 08:05 146303                     /usr/lib/libXrender.so.1.3.0
7f13eee2f000-7f13eee36000 r-xp 00002000 08:05 146303                     /usr/lib/libXrender.so.1.3.0
7f13eee36000-7f13eee38000 r--p 00009000 08:05 146303                     /usr/lib/libXrender.so.1.3.0
7f13eee38000-7f13eee39000 r--p 0000a000 08:05 146303                     /usr/lib/libXrender.so.1.3.0
7f13eee39000-7f13eee3a000 rw-p 0000b000 08:05 146303                     /usr/lib/libXrender.so.1.3.0
7f13eee3d000-7f13eee3f000 r--p 00000000 08:05 146302                     /usr/lib/libXrandr.so.2.2.0
7f13eee3f000-7f13eee46000 r-xp 00002000 08:05 146302                     /usr/lib/libXrandr.so.2.2.0
7f13eee46000-7f13eee48000 r--p 00009000 08:05 146302                     /usr/lib/libXrandr.so.2.2.0
7f13eee48000-7f13eee49000 r--p 0000a000 08:05 146302                     /usr/lib/libXrandr.so.2.2.0
7f13eee49000-7f13eee4a000 rw-p 0000b000 08:05 146302                     /usr/lib/libXrandr.so.2.2.0
7f13eee4d000-7f13eee50000 r--p 00000000 08:05 146297                     /usr/lib/libXi.so.6.1.0
7f13eee50000-7f13eee5c000 r-xp 00003000 08:05 146297                     /usr/lib/libXi.so.6.1.0
7f13eee5c000-7f13eee5f000 r--p 0000f000 08:05 146297                     /usr/lib/libXi.so.6.1.0
7f13eee5f000-7f13eee60000 r--p 00011000 08:05 146297                     /usr/lib/libXi.so.6.1.0
7f13eee60000-7f13eee61000 rw-p 00012000 08:05 146297                     /usr/lib/libXi.so.6.1.0
7f13eee65000-7f13eee69000 r--p 00000000 08:05 137162                     /usr/lib/libXext.so.6.4.0
7f13eee69000-7f13eee74000 r-xp 00004000 08:05 137162                     /usr/lib/libXext.so.6.4.0
7f13eee74000-7f13eee78000 r--p 0000f000 08:05 137162                     /usr/lib/libXext.so.6.4.0
7f13eee78000-7f13eee79000 r--p 00012000 08:05 137162                     /usr/lib/libXext.so.6.4.0
7f13eee79000-7f13eee7a000 rw-p 00013000 08:05 137162                     /usr/lib/libXext.so.6.4.0
7f13eee7d000-7f13eee7e000 r--p 00000000 08:05 137164                     /usr/lib/libXxf86vm.so.1.0.0
7f13eee7e000-7f13eee81000 r-xp 00001000 08:05 137164                     /usr/lib/libXxf86vm.so.1.0.0
7f13eee81000-7f13eee82000 r--p 00004000 08:05 137164                     /usr/lib/libXxf86vm.so.1.0.0
7f13eee82000-7f13eee83000 r--p 00004000 08:05 137164                     /usr/lib/libXxf86vm.so.1.0.0
7f13eee83000-7f13eee84000 rw-p 00005000 08:05 137164                     /usr/lib/libXxf86vm.so.1.0.0
7f13eee85000-7f13eee91000 r--p 00000000 08:05 137491                     /usr/lib/libxcb.so.1.1.0
7f13eee91000-7f13eeea4000 r-xp 0000c000 08:05 137491                     /usr/lib/libxcb.so.1.1.0
7f13eeea4000-7f13eeead000 r--p 0001f000 08:05 137491                     /usr/lib/libxcb.so.1.1.0
7f13eeead000-7f13eeeae000 r--p 00027000 08:05 137491                     /usr/lib/libxcb.so.1.1.0
7f13eeeae000-7f13eeeaf000 rw-p 00028000 08:05 137491                     /usr/lib/libxcb.so.1.1.0
7f13eeeb5000-7f13eeed1000 r--p 00000000 08:05 137158                     /usr/lib/libX11.so.6.4.0
7f13eeed1000-7f13eef5b000 r-xp 0001c000 08:05 137158                     /usr/lib/libX11.so.6.4.0
7f13eef5b000-7f13eefef000 r--p 000a6000 08:05 137158                     /usr/lib/libX11.so.6.4.0
7f13eefef000-7f13eeff2000 r--p 00139000 08:05 137158                     /usr/lib/libX11.so.6.4.0
7f13eeff2000-7f13eeff6000 rw-p 0013c000 08:05 137158                     /usr/lib/libX11.so.6.4.0
7f13ef015000-7f13ef016000 rw-s 00000000 00:01 2723                       /memfd:xshmfence (deleted)
7f13ef01d000-7f13ef01e000 rw-s 00000000 00:01 2724                       /memfd:xshmfence (deleted)
7f13ef020000-7f13ef021000 rw-s 122a73000 00:05 469                       /dev/dri/renderD128
7f13ef024000-7f13ef025000 rw-s 11ab17000 00:05 469                       /dev/dri/renderD128
7f13ef02c000-7f13ef1ec000 rw-p 00000000 00:00 0 
7f13ef1ec000-7f13ef22c000 ---p 00000000 00:00 0 
7f13ef22d000-7f13ef284000 r-xp 00000000 00:26 299                        /tmp/lwjglkarmugilan/3.3.0-build-21/libglfw.so
7f13ef284000-7f13ef483000 ---p 00057000 00:26 299                        /tmp/lwjglkarmugilan/3.3.0-build-21/libglfw.so
7f13ef483000-7f13ef486000 r--p 00056000 00:26 299                        /tmp/lwjglkarmugilan/3.3.0-build-21/libglfw.so
7f13ef486000-7f13ef488000 rw-p 00059000 00:26 299                        /tmp/lwjglkarmugilan/3.3.0-build-21/libglfw.so
7f13ef488000-7f13ef4ab000 rw-p 00000000 00:00 0 
7f13ef4ad000-7f13ef50c000 r-xp 00000000 00:26 298                        /tmp/lwjglkarmugilan/3.3.0-build-21/liblwjgl.so
7f13ef50c000-7f13ef70b000 ---p 0005f000 00:26 298                        /tmp/lwjglkarmugilan/3.3.0-build-21/liblwjgl.so
7f13ef70b000-7f13ef70c000 r--p 0005e000 00:26 298                        /tmp/lwjglkarmugilan/3.3.0-build-21/liblwjgl.so
7f13ef70c000-7f13ef70d000 rw-p 0005f000 00:26 298                        /tmp/lwjglkarmugilan/3.3.0-build-21/liblwjgl.so
7f13ef70e000-7f13ef712000 ---p 00000000 00:00 0 
7f13ef712000-7f13ef80f000 rw-p 00000000 00:00 0 
7f13ef80f000-7f13ef810000 ---p 00000000 00:00 0 
7f13ef810000-7f13ef911000 rw-p 00000000 00:00 0 
7f13ef911000-7f13ef915000 ---p 00000000 00:00 0 
7f13ef915000-7f13efa12000 rw-p 00000000 00:00 0 
7f13efa12000-7f13efa16000 ---p 00000000 00:00 0 
7f13efa16000-7f13efb13000 rw-p 00000000 00:00 0 
7f13efb13000-7f13efb17000 ---p 00000000 00:00 0 
7f13efb17000-7f13efc14000 rw-p 00000000 00:00 0 
7f13efc14000-7f13efc18000 ---p 00000000 00:00 0 
7f13efc18000-7f13efd15000 rw-p 00000000 00:00 0 
7f13efd15000-7f13efffd000 r--p 00000000 08:05 140811                     /usr/lib/locale/locale-archive
7f13f0000000-7f13f0021000 rw-p 00000000 00:00 0 
7f13f0021000-7f13f4000000 ---p 00000000 00:00 0 
7f13f4000000-7f13f4021000 rw-p 00000000 00:00 0 
7f13f4021000-7f13f8000000 ---p 00000000 00:00 0 
7f13f8000000-7f13f8021000 rw-p 00000000 00:00 0 
7f13f8021000-7f13fc000000 ---p 00000000 00:00 0 
7f13fc000000-7f13fc021000 rw-p 00000000 00:00 0 
7f13fc021000-7f1400000000 ---p 00000000 00:00 0 
7f1400000000-7f1400021000 rw-p 00000000 00:00 0 
7f1400021000-7f1404000000 ---p 00000000 00:00 0 
7f1404000000-7f1404021000 rw-p 00000000 00:00 0 
7f1404021000-7f1408000000 ---p 00000000 00:00 0 
7f1408000000-7f1408021000 rw-p 00000000 00:00 0 
7f1408021000-7f140c000000 ---p 00000000 00:00 0 
7f140c005000-7f140c006000 r--p 00000000 08:05 137157                     /usr/lib/libX11-xcb.so.1.0.0
7f140c006000-7f140c007000 r-xp 00001000 08:05 137157                     /usr/lib/libX11-xcb.so.1.0.0
7f140c007000-7f140c008000 r--p 00002000 08:05 137157                     /usr/lib/libX11-xcb.so.1.0.0
7f140c008000-7f140c009000 r--p 00002000 08:05 137157                     /usr/lib/libX11-xcb.so.1.0.0
7f140c009000-7f140c00a000 rw-p 00003000 08:05 137157                     /usr/lib/libX11-xcb.so.1.0.0
7f140c00d000-7f140c00f000 r--p 00000000 08:05 137161                     /usr/lib/libXdmcp.so.6.0.0
7f140c00f000-7f140c011000 r-xp 00002000 08:05 137161                     /usr/lib/libXdmcp.so.6.0.0
7f140c011000-7f140c013000 r--p 00004000 08:05 137161                     /usr/lib/libXdmcp.so.6.0.0
7f140c013000-7f140c014000 r--p 00005000 08:05 137161                     /usr/lib/libXdmcp.so.6.0.0
7f140c014000-7f140c015000 rw-p 00006000 08:05 137161                     /usr/lib/libXdmcp.so.6.0.0
7f140c01c000-7f140c04d000 rw-p 00000000 00:00 0 
7f140c04d000-7f140c062000 r-xp 00000000 08:05 2625506                    /home/karmugilan/Documents/desktop/eclipse/plugins/org.eclipse.justj.openjdk.hotspot.jre.full.linux.x86_64_15.0.2.v20210201-0955/jre/lib/libnet.so
7f140c062000-7f140c063000 r--p 00014000 08:05 2625506                    /home/karmugilan/Documents/desktop/eclipse/plugins/org.eclipse.justj.openjdk.hotspot.jre.full.linux.x86_64_15.0.2.v20210201-0955/jre/lib/libnet.so
7f140c063000-7f140c064000 rw-p 00015000 08:05 2625506                    /home/karmugilan/Documents/desktop/eclipse/plugins/org.eclipse.justj.openjdk.hotspot.jre.full.linux.x86_64_15.0.2.v20210201-0955/jre/lib/libnet.so
7f140c065000-7f140c069000 ---p 00000000 00:00 0 
7f140c069000-7f140c166000 rw-p 00000000 00:00 0 
7f140c166000-7f140c16a000 ---p 00000000 00:00 0 
7f140c16a000-7f140c267000 rw-p 00000000 00:00 0 
7f140c267000-7f140c26b000 ---p 00000000 00:00 0 
7f140c26b000-7f140c368000 rw-p 00000000 00:00 0 
7f140c368000-7f140c36c000 ---p 00000000 00:00 0 
7f140c36c000-7f140c469000 rw-p 00000000 00:00 0 
7f140c469000-7f140c46a000 ---p 00000000 00:00 0 
7f140c46a000-7f140ce88000 rw-p 00000000 00:00 0 
7f140ce88000-7f140ce89000 ---p 00000000 00:00 0 
7f140ce89000-7f140cf8a000 rw-p 00000000 00:00 0 
7f140cf8a000-7f140cf8b000 ---p 00000000 00:00 0 
7f140cf8b000-7f140f28e000 rw-p 00000000 00:00 0 
7f140f28e000-7f140f28f000 ---p 00000000 00:00 0 
7f140f28f000-7f140f390000 rw-p 00000000 00:00 0 
7f140f390000-7f140f391000 ---p 00000000 00:00 0 
7f140f391000-7f140f492000 rw-p 00000000 00:00 0 
7f140f492000-7f140f493000 ---p 00000000 00:00 0 
7f140f493000-7f140f66c000 rw-p 00000000 00:00 0 
7f140f66c000-7f14102d4000 ---p 00000000 00:00 0 
7f14102d4000-7f14103ac000 rw-p 00000000 00:00 0 
7f14103ac000-7f1411014000 ---p 00000000 00:00 0 
7f1411014000-7f141102f000 rw-p 00000000 00:00 0 
7f141102f000-7f14111bc000 ---p 00000000 00:00 0 
7f14111bc000-7f14111d7000 rw-p 00000000 00:00 0 
7f14111d7000-7f1411364000 ---p 00000000 00:00 0 
7f1411364000-7f141137f000 rw-p 00000000 00:00 0 
7f141137f000-7f141150c000 ---p 00000000 00:00 0 
7f141150c000-7f141160d000 rw-p 00000000 00:00 0 
7f141160d000-7f141187d000 rwxp 00000000 00:00 0 
7f141187d000-7f1411b9c000 ---p 00000000 00:00 0 
7f1411b9c000-7f1411e0c000 rwxp 00000000 00:00 0 
7f1411e0c000-7f14190d4000 ---p 00000000 00:00 0 
7f14190d4000-7f1419344000 rwxp 00000000 00:00 0 
7f1419344000-7f142060d000 ---p 00000000 00:00 0 
7f142060d000-7f1423ffe000 r--s 00000000 08:05 2625516                    /home/karmugilan/Documents/desktop/eclipse/plugins/org.eclipse.justj.openjdk.hotspot.jre.full.linux.x86_64_15.0.2.v20210201-0955/jre/lib/modules
7f1424000000-7f1424bc5000 rw-p 00000000 00:00 0 
7f1424bc5000-7f1428000000 ---p 00000000 00:00 0 
7f1428005000-7f1428006000 r--p 00000000 08:05 146298                     /usr/lib/libXinerama.so.1.0.0
7f1428006000-7f1428007000 r-xp 00001000 08:05 146298                     /usr/lib/libXinerama.so.1.0.0
7f1428007000-7f1428008000 r--p 00002000 08:05 146298                     /usr/lib/libXinerama.so.1.0.0
7f1428008000-7f1428009000 r--p 00002000 08:05 146298                     /usr/lib/libXinerama.so.1.0.0
7f1428009000-7f142800a000 rw-p 00003000 08:05 146298                     /usr/lib/libXinerama.so.1.0.0
7f142800d000-7f142801f000 r-xp 00000000 08:05 2625507                    /home/karmugilan/Documents/desktop/eclipse/plugins/org.eclipse.justj.openjdk.hotspot.jre.full.linux.x86_64_15.0.2.v20210201-0955/jre/lib/libnio.so
7f142801f000-7f1428020000 r--p 00011000 08:05 2625507                    /home/karmugilan/Documents/desktop/eclipse/plugins/org.eclipse.justj.openjdk.hotspot.jre.full.linux.x86_64_15.0.2.v20210201-0955/jre/lib/libnio.so
7f1428020000-7f1428021000 rw-p 00012000 08:05 2625507                    /home/karmugilan/Documents/desktop/eclipse/plugins/org.eclipse.justj.openjdk.hotspot.jre.full.linux.x86_64_15.0.2.v20210201-0955/jre/lib/libnio.so
7f1428025000-7f142802c000 r-xp 00000000 08:05 2625515                    /home/karmugilan/Documents/desktop/eclipse/plugins/org.eclipse.justj.openjdk.hotspot.jre.full.linux.x86_64_15.0.2.v20210201-0955/jre/lib/libzip.so
7f142802c000-7f142802d000 ---p 00007000 08:05 2625515                    /home/karmugilan/Documents/desktop/eclipse/plugins/org.eclipse.justj.openjdk.hotspot.jre.full.linux.x86_64_15.0.2.v20210201-0955/jre/lib/libzip.so
7f142802d000-7f142802e000 r--p 00007000 08:05 2625515                    /home/karmugilan/Documents/desktop/eclipse/plugins/org.eclipse.justj.openjdk.hotspot.jre.full.linux.x86_64_15.0.2.v20210201-0955/jre/lib/libzip.so
7f142802e000-7f142802f000 rw-p 00008000 08:05 2625515                    /home/karmugilan/Documents/desktop/eclipse/plugins/org.eclipse.justj.openjdk.hotspot.jre.full.linux.x86_64_15.0.2.v20210201-0955/jre/lib/libzip.so
7f1428034000-7f142817c000 rw-p 00000000 00:00 0 
7f142817c000-7f1428262000 ---p 00000000 00:00 0 
7f1428262000-7f1428267000 rw-p 00000000 00:00 0 
7f1428267000-7f142834d000 ---p 00000000 00:00 0 
7f142834d000-7f1428371000 r-xp 00000000 08:05 2625493                    /home/karmugilan/Documents/desktop/eclipse/plugins/org.eclipse.justj.openjdk.hotspot.jre.full.linux.x86_64_15.0.2.v20210201-0955/jre/lib/libjava.so
7f1428371000-7f1428372000 ---p 00024000 08:05 2625493                    /home/karmugilan/Documents/desktop/eclipse/plugins/org.eclipse.justj.openjdk.hotspot.jre.full.linux.x86_64_15.0.2.v20210201-0955/jre/lib/libjava.so
7f1428372000-7f1428373000 r--p 00024000 08:05 2625493                    /home/karmugilan/Documents/desktop/eclipse/plugins/org.eclipse.justj.openjdk.hotspot.jre.full.linux.x86_64_15.0.2.v20210201-0955/jre/lib/libjava.so
7f1428373000-7f1428374000 rw-p 00025000 08:05 2625493                    /home/karmugilan/Documents/desktop/eclipse/plugins/org.eclipse.justj.openjdk.hotspot.jre.full.linux.x86_64_15.0.2.v20210201-0955/jre/lib/libjava.so
7f1428374000-7f1428375000 rw-p 00000000 00:00 0 
7f1428375000-7f1428378000 r--p 00000000 08:05 137366                     /usr/lib/libnss_files-2.33.so
7f1428378000-7f142837f000 r-xp 00003000 08:05 137366                     /usr/lib/libnss_files-2.33.so
7f142837f000-7f1428381000 r--p 0000a000 08:05 137366                     /usr/lib/libnss_files-2.33.so
7f1428381000-7f1428382000 r--p 0000b000 08:05 137366                     /usr/lib/libnss_files-2.33.so
7f1428382000-7f1428383000 rw-p 0000c000 08:05 137366                     /usr/lib/libnss_files-2.33.so
7f1428383000-7f1428389000 rw-p 00000000 00:00 0 
7f142838d000-7f142838e000 r--p 00000000 08:05 137159                     /usr/lib/libXau.so.6.0.0
7f142838e000-7f142838f000 r-xp 00001000 08:05 137159                     /usr/lib/libXau.so.6.0.0
7f142838f000-7f1428390000 r--p 00002000 08:05 137159                     /usr/lib/libXau.so.6.0.0
7f1428390000-7f1428391000 r--p 00002000 08:05 137159                     /usr/lib/libXau.so.6.0.0
7f1428391000-7f1428392000 rw-p 00003000 08:05 137159                     /usr/lib/libXau.so.6.0.0
7f1428398000-7f14283b5000 rw-p 00000000 00:00 0 
7f14283b5000-7f14283bd000 rw-s 00000000 00:26 311                        /tmp/hsperfdata_karmugilan/9045
7f14283bd000-7f14283c0000 r--p 00000000 08:05 137417                     /usr/lib/librt-2.33.so
7f14283c0000-7f14283c4000 r-xp 00003000 08:05 137417                     /usr/lib/librt-2.33.so
7f14283c4000-7f14283c6000 r--p 00007000 08:05 137417                     /usr/lib/librt-2.33.so
7f14283c6000-7f14283c7000 r--p 00008000 08:05 137417                     /usr/lib/librt-2.33.so
7f14283c7000-7f14283c8000 rw-p 00009000 08:05 137417                     /usr/lib/librt-2.33.so
7f14283cc000-7f14283d0000 ---p 00000000 00:00 0 
7f14283d0000-7f14284cd000 rw-p 00000000 00:00 0 
7f14284cd000-7f14284dc000 r--p 00000000 08:05 137324                     /usr/lib/libm-2.33.so
7f14284dc000-7f1428576000 r-xp 0000f000 08:05 137324                     /usr/lib/libm-2.33.so
7f1428576000-7f142860e000 r--p 000a9000 08:05 137324                     /usr/lib/libm-2.33.so
7f142860e000-7f142860f000 ---p 00141000 08:05 137324                     /usr/lib/libm-2.33.so
7f142860f000-7f1428610000 r--p 00141000 08:05 137324                     /usr/lib/libm-2.33.so
7f1428610000-7f1428611000 rw-p 00142000 08:05 137324                     /usr/lib/libm-2.33.so
7f1428615000-7f142965c000 r-xp 00000000 08:05 2625707                    /home/karmugilan/Documents/desktop/eclipse/plugins/org.eclipse.justj.openjdk.hotspot.jre.full.linux.x86_64_15.0.2.v20210201-0955/jre/lib/server/libjvm.so
7f142965c000-7f142965d000 ---p 01047000 08:05 2625707                    /home/karmugilan/Documents/desktop/eclipse/plugins/org.eclipse.justj.openjdk.hotspot.jre.full.linux.x86_64_15.0.2.v20210201-0955/jre/lib/server/libjvm.so
7f142965d000-7f14296f7000 r--p 01047000 08:05 2625707                    /home/karmugilan/Documents/desktop/eclipse/plugins/org.eclipse.justj.openjdk.hotspot.jre.full.linux.x86_64_15.0.2.v20210201-0955/jre/lib/server/libjvm.so
7f14296f7000-7f142972e000 rw-p 010e1000 08:05 2625707                    /home/karmugilan/Documents/desktop/eclipse/plugins/org.eclipse.justj.openjdk.hotspot.jre.full.linux.x86_64_15.0.2.v20210201-0955/jre/lib/server/libjvm.so
7f142972e000-7f14297b7000 rw-p 00000000 00:00 0 
7f14297bd000-7f14297e3000 r--p 00000000 08:05 137192                     /usr/lib/libc-2.33.so
7f14297e3000-7f142992e000 r-xp 00026000 08:05 137192                     /usr/lib/libc-2.33.so
7f142992e000-7f142997a000 r--p 00171000 08:05 137192                     /usr/lib/libc-2.33.so
7f142997a000-7f142997d000 r--p 001bc000 08:05 137192                     /usr/lib/libc-2.33.so
7f142997d000-7f1429980000 rw-p 001bf000 08:05 137192                     /usr/lib/libc-2.33.so
7f1429980000-7f1429989000 rw-p 00000000 00:00 0 
7f142998d000-7f142998f000 r--p 00000000 08:05 137217                     /usr/lib/libdl-2.33.so
7f142998f000-7f1429991000 r-xp 00002000 08:05 137217                     /usr/lib/libdl-2.33.so
7f1429991000-7f1429992000 r--p 00004000 08:05 137217                     /usr/lib/libdl-2.33.so
7f1429992000-7f1429993000 r--p 00004000 08:05 137217                     /usr/lib/libdl-2.33.so
7f1429993000-7f1429994000 rw-p 00005000 08:05 137217                     /usr/lib/libdl-2.33.so
7f1429995000-7f142999c000 r--p 00000000 08:05 137406                     /usr/lib/libpthread-2.33.so
7f142999c000-7f14299ab000 r-xp 00007000 08:05 137406                     /usr/lib/libpthread-2.33.so
7f14299ab000-7f14299af000 r--p 00016000 08:05 137406                     /usr/lib/libpthread-2.33.so
7f14299af000-7f14299b0000 ---p 0001a000 08:05 137406                     /usr/lib/libpthread-2.33.so
7f14299b0000-7f14299b1000 r--p 0001a000 08:05 137406                     /usr/lib/libpthread-2.33.so
7f14299b1000-7f14299b2000 rw-p 0001b000 08:05 137406                     /usr/lib/libpthread-2.33.so
7f14299b2000-7f14299b6000 rw-p 00000000 00:00 0 
7f14299bd000-7f14299cc000 r-xp 00000000 08:05 2625498                    /home/karmugilan/Documents/desktop/eclipse/plugins/org.eclipse.justj.openjdk.hotspot.jre.full.linux.x86_64_15.0.2.v20210201-0955/jre/lib/libjli.so
7f14299cc000-7f14299cd000 r--p 0000e000 08:05 2625498                    /home/karmugilan/Documents/desktop/eclipse/plugins/org.eclipse.justj.openjdk.hotspot.jre.full.linux.x86_64_15.0.2.v20210201-0955/jre/lib/libjli.so
7f14299cd000-7f14299ce000 rw-p 0000f000 08:05 2625498                    /home/karmugilan/Documents/desktop/eclipse/plugins/org.eclipse.justj.openjdk.hotspot.jre.full.linux.x86_64_15.0.2.v20210201-0955/jre/lib/libjli.so
7f14299d5000-7f14299d8000 r--p 00000000 08:05 137497                     /usr/lib/libz.so.1.2.11
7f14299d8000-7f14299e6000 r-xp 00003000 08:05 137497                     /usr/lib/libz.so.1.2.11
7f14299e6000-7f14299ec000 r--p 00011000 08:05 137497                     /usr/lib/libz.so.1.2.11
7f14299ec000-7f14299ed000 ---p 00017000 08:05 137497                     /usr/lib/libz.so.1.2.11
7f14299ed000-7f14299ee000 r--p 00017000 08:05 137497                     /usr/lib/libz.so.1.2.11
7f14299ee000-7f14299ef000 rw-p 00018000 08:05 137497                     /usr/lib/libz.so.1.2.11
7f14299f1000-7f14299f6000 rw-p 00000000 00:00 0 
7f14299f6000-7f14299fd000 ---p 00000000 00:00 0 
7f14299fd000-7f1429a19000 r-xp 00000000 08:05 2625497                    /home/karmugilan/Documents/desktop/eclipse/plugins/org.eclipse.justj.openjdk.hotspot.jre.full.linux.x86_64_15.0.2.v20210201-0955/jre/lib/libjimage.so
7f1429a19000-7f1429a1b000 r--p 0001b000 08:05 2625497                    /home/karmugilan/Documents/desktop/eclipse/plugins/org.eclipse.justj.openjdk.hotspot.jre.full.linux.x86_64_15.0.2.v20210201-0955/jre/lib/libjimage.so
7f1429a1b000-7f1429a1c000 rw-p 0001d000 08:05 2625497                    /home/karmugilan/Documents/desktop/eclipse/plugins/org.eclipse.justj.openjdk.hotspot.jre.full.linux.x86_64_15.0.2.v20210201-0955/jre/lib/libjimage.so
7f1429a1c000-7f1429a1d000 rwxp 00000000 00:00 0 
7f1429a1d000-7f1429a1e000 rw-p 00000000 00:00 0 
7f1429a1e000-7f1429a1f000 r-xp 00049000 00:26 298                        /tmp/lwjglkarmugilan/3.3.0-build-21/liblwjgl.so
7f1429a1f000-7f1429a20000 rw-p 00000000 00:00 0 
7f1429a20000-7f1429a21000 ---p 00000000 00:00 0 
7f1429a21000-7f1429a22000 r--p 00000000 00:00 0 
7f1429a22000-7f1429a23000 ---p 00000000 00:00 0 
7f1429a23000-7f1429a25000 rw-p 00000000 00:00 0 
7f1429a25000-7f1429a26000 r--p 00000000 08:05 137140                     /usr/lib/ld-2.33.so
7f1429a26000-7f1429a4a000 r-xp 00001000 08:05 137140                     /usr/lib/ld-2.33.so
7f1429a4a000-7f1429a53000 r--p 00025000 08:05 137140                     /usr/lib/ld-2.33.so
7f1429a53000-7f1429a55000 r--p 0002d000 08:05 137140                     /usr/lib/ld-2.33.so
7f1429a55000-7f1429a57000 rw-p 0002f000 08:05 137140                     /usr/lib/ld-2.33.so
7f1429a57000-7f1429a5b000 rw-p 00000000 00:00 0 
7ffe0e46f000-7ffe0e491000 rw-p 00000000 00:00 0                          [stack]
7ffe0e515000-7ffe0e519000 r--p 00000000 00:00 0                          [vvar]
7ffe0e519000-7ffe0e51b000 r-xp 00000000 00:00 0                          [vdso]
ffffffffff600000-ffffffffff601000 --xp 00000000 00:00 0                  [vsyscall]


VM Arguments:
jvm_args: -Dfile.encoding=UTF-8 -XX:+ShowCodeDetailsInExceptionMessages 
java_command: mario.Main
java_class_path (initial): /home/karmugilan/Documents/eclipse-workspace/twodengine/mario/lib/bin/main:/home/karmugilan/.gradle/caches/modules-2/files-2.1/org.apache.commons/commons-math3/3.6.1/e4ba98f1d4b3c80ec46392f25e094a6a2e58fcbf/commons-math3-3.6.1.jar:/home/karmugilan/.gradle/caches/modules-2/files-2.1/com.google.guava/guava/29.0-jre/801142b4c3d0f0770dd29abea50906cacfddd447/guava-29.0-jre.jar:/home/karmugilan/.gradle/caches/modules-2/files-2.1/org.lwjgl/lwjgl-assimp/3.3.0/82135e856184e76d38a97f729141298d3edcf0e4/lwjgl-assimp-3.3.0.jar:/home/karmugilan/.gradle/caches/modules-2/files-2.1/org.lwjgl/lwjgl-glfw/3.3.0/899e34f314525596f8fdb6476d3e56104da4601d/lwjgl-glfw-3.3.0.jar:/home/karmugilan/.gradle/caches/modules-2/files-2.1/org.lwjgl/lwjgl-nfd/3.3.0/6d0e4be3e2811979b3cad55f642c5b13559fa202/lwjgl-nfd-3.3.0.jar:/home/karmugilan/.gradle/caches/modules-2/files-2.1/org.lwjgl/lwjgl-openal/3.3.0/902dd57b5a46e8a75ee843c2db61f80b4d130d48/lwjgl-openal-3.3.0.jar:/home/karmugilan/.gradle/caches/modules-2/files-2.1/org.lwjgl/lwjgl-opengl/3.3.0/a1f395f7758a3abd5aff75fc8a20368ac371631e/lwjgl-opengl-3.3.0.jar:/home/karmugilan/.gradle/caches/modules-2/files-2.1/org.lwjgl/lwjgl-stb/3.3.0/69becce49e19671fccca33bfb273231055bd9fcf/lwjgl-stb-3.3.0.jar:/home/karmugilan/.gradle/caches/modules-2/files-2.1/org.lwjgl/lwjgl/3.3.0/77b0dc0b6a6c82fb47368e73d55e23fdcfcf49a1/lwjgl-3.3.0.jar:/home/karmugilan/.gradle/caches/modules-2/files-2.1/org.joml/joml/1.10.2/194a5217c25777c5f9f9de354de7c2c894e618c9/joml-1.10.2.jar:/home/karmugilan/.gradle/caches/modules-2/files-2.1/com.google.guava/failureaccess/1.0.1/1dcf1de382a0bf95a3d8b0849546c88bac1292c9/failureaccess-1.0.1.jar:/home/karmugilan/.gradle/caches/modules-2/files-2.1/com.google.guava/listenablefuture/9999.0-empty-to-avoid-conflict-with-guava/b421526c5f297295adef1c886e5246c39d4ac629/listenablefuture-9999.0-empty-to-avoid-conflict-with-guava.jar:/home/karmugilan/.gradle/caches/modules-2/files-2.1/com.google.code.findbugs/jsr305/3.0.2/25ea2
Launcher Type: SUN_STANDARD

[Global flags]
     intx CICompilerCount                          = 2                                         {product} {ergonomic}
     uint ConcGCThreads                            = 1                                         {product} {ergonomic}
     uint G1ConcRefinementThreads                  = 2                                         {product} {ergonomic}
   size_t G1HeapRegionSize                         = 1048576                                   {product} {ergonomic}
    uintx GCDrainStackTargetSize                   = 64                                        {product} {ergonomic}
   size_t InitialHeapSize                          = 56623104                                  {product} {ergonomic}
   size_t MarkStackSize                            = 4194304                                   {product} {ergonomic}
   size_t MaxHeapSize                              = 889192448                                 {product} {ergonomic}
   size_t MaxNewSize                               = 532676608                                 {product} {ergonomic}
   size_t MinHeapDeltaBytes                        = 1048576                                   {product} {ergonomic}
   size_t MinHeapSize                              = 8388608                                   {product} {ergonomic}
    uintx NonNMethodCodeHeapSize                   = 5826188                                {pd product} {ergonomic}
    uintx NonProfiledCodeHeapSize                  = 122916026                              {pd product} {ergonomic}
    uintx ProfiledCodeHeapSize                     = 122916026                              {pd product} {ergonomic}
    uintx ReservedCodeCacheSize                    = 251658240                              {pd product} {ergonomic}
     bool SegmentedCodeCache                       = true                                      {product} {ergonomic}
     bool ShowCodeDetailsInExceptionMessages       = true                                   {manageable} {command line}
   size_t SoftMaxHeapSize                          = 889192448                              {manageable} {ergonomic}
     bool UseCompressedClassPointers               = true                                 {lp64_product} {ergonomic}
     bool UseCompressedOops                        = true                                 {lp64_product} {ergonomic}
     bool UseG1GC                                  = true                                      {product} {ergonomic}

Logging:
Log output configuration:
 #0: stdout all=warning uptime,level,tags
 #1: stderr all=off uptime,level,tags

Environment Variables:
PATH=/home/karmugilan/.local/bin:/usr/local/sbin:/usr/local/bin:/usr/bin:/opt/android-sdk/platform-tools:/usr/bin/site_perl:/usr/bin/vendor_perl:/usr/bin/core_perl:/var/lib/snapd/snap/bin
SHELL=/bin/bash
DISPLAY=:0
LANG=en_IN

Signal Handlers:
SIGSEGV: [libjvm.so+0xd64200], sa_mask[0]=11111111011111111101111111111110, sa_flags=SA_RESTART|SA_SIGINFO
SIGBUS: [libjvm.so+0xd64200], sa_mask[0]=11111111011111111101111111111110, sa_flags=SA_RESTART|SA_SIGINFO
SIGFPE: [libjvm.so+0xd64200], sa_mask[0]=11111111011111111101111111111110, sa_flags=SA_RESTART|SA_SIGINFO
SIGPIPE: [libjvm.so+0xb419c0], sa_mask[0]=11111111011111111101111111111110, sa_flags=SA_RESTART|SA_SIGINFO
SIGXFSZ: [libjvm.so+0xb419c0], sa_mask[0]=11111111011111111101111111111110, sa_flags=SA_RESTART|SA_SIGINFO
SIGILL: [libjvm.so+0xd64200], sa_mask[0]=11111111011111111101111111111110, sa_flags=SA_RESTART|SA_SIGINFO
SIGUSR2: [libjvm.so+0xb41860], sa_mask[0]=00100000000000000000000000000000, sa_flags=SA_RESTART|SA_SIGINFO
SIGHUP: [libjvm.so+0xb420d0], sa_mask[0]=11111111011111111101111111111110, sa_flags=SA_RESTART|SA_SIGINFO
SIGINT: [libjvm.so+0xb420d0], sa_mask[0]=11111111011111111101111111111110, sa_flags=SA_RESTART|SA_SIGINFO
SIGTERM: [libjvm.so+0xb420d0], sa_mask[0]=11111111011111111101111111111110, sa_flags=SA_RESTART|SA_SIGINFO
SIGQUIT: [libjvm.so+0xb420d0], sa_mask[0]=11111111011111111101111111111110, sa_flags=SA_RESTART|SA_SIGINFO


---------------  S Y S T E M  ---------------

OS:
DISTRIB_ID=ManjaroLinux
DISTRIB_RELEASE=21.2rc
DISTRIB_CODENAME=Qonos
DISTRIB_DESCRIPTION="Manjaro Linux"
uname: Linux 5.14.21-2-MANJARO #1 SMP PREEMPT Sun Nov 21 22:43:47 UTC 2021 x86_64
OS uptime: 0 days 2:21 hours
libc: glibc 2.33 NPTL 2.33 
rlimit (soft/hard): STACK 8192k/infinity , CORE infinity/infinity , NPROC 13505/13505 , NOFILE 524288/524288 , AS infinity/infinity , CPU infinity/infinity , DATA infinity/infinity , FSIZE infinity/infinity , MEMLOCK 64k/64k
load average: 12.08 5.17 2.33

/proc/meminfo:
MemTotal:        3472356 kB
MemFree:          357916 kB
MemAvailable:     517952 kB
Buffers:           14232 kB
Cached:           328384 kB
SwapCached:        39844 kB
Active:          1364616 kB
Inactive:         884872 kB
Active(anon):    1214412 kB
Inactive(anon):   696188 kB
Active(file):     150204 kB
Inactive(file):   188684 kB
Unevictable:         176 kB
Mlocked:             176 kB
SwapTotal:       1023996 kB
SwapFree:           3028 kB
Dirty:               116 kB
Writeback:             0 kB
AnonPages:       1867316 kB
Mapped:           159828 kB
Shmem:              3708 kB
KReclaimable:      44288 kB
Slab:             136648 kB
SReclaimable:      44288 kB
SUnreclaim:        92360 kB
KernelStack:        9552 kB
PageTables:        24716 kB
NFS_Unstable:          0 kB
Bounce:                0 kB
WritebackTmp:          0 kB
CommitLimit:     2760172 kB
Committed_AS:    7688068 kB
VmallocTotal:   34359738367 kB
VmallocUsed:       36972 kB
VmallocChunk:          0 kB
Percpu:             2496 kB
HardwareCorrupted:     0 kB
AnonHugePages:         0 kB
ShmemHugePages:        0 kB
ShmemPmdMapped:        0 kB
FileHugePages:         0 kB
FilePmdMapped:         0 kB
CmaTotal:              0 kB
CmaFree:               0 kB
HugePages_Total:       0
HugePages_Free:        0
HugePages_Rsvd:        0
HugePages_Surp:        0
Hugepagesize:       2048 kB
Hugetlb:               0 kB
DirectMap4k:      962304 kB
DirectMap2M:     2674688 kB
DirectMap1G:           0 kB

/sys/kernel/mm/transparent_hugepage/enabled: always [madvise] never
/sys/kernel/mm/transparent_hugepage/defrag (defrag/compaction efforts parameter): always defer defer+madvise [madvise] never

/proc/sys/kernel/threads-max (system-wide limit on the number of threads): 27010
/proc/sys/vm/max_map_count (maximum number of memory map areas a process may have): 65530
/proc/sys/kernel/pid_max (system-wide limit on number of process identifiers): 4194304

container (cgroup) information:
container_type: cgroupv2
cpu_cpuset_cpus: not supported
cpu_memory_nodes: not supported
active_processor_count: 2
cpu_quota: not supported
cpu_period: not supported
cpu_shares: not supported
memory_limit_in_bytes: unlimited
memory_and_swap_limit_in_bytes: unlimited
memory_soft_limit_in_bytes: unlimited
memory_usage_in_bytes: 1847881728
memory_max_usage_in_bytes: not supported

Steal ticks since vm start: 0
Steal ticks percentage since vm start:  0.000

CPU: total 2 (initial active 2) (2 cores per cpu, 1 threads per core) family 21 model 112 stepping 0 microcode 0x6006705, cmov, cx8, fxsr, mmx, sse, sse2, sse3, ssse3, sse4.1, sse4.2, popcnt, vzeroupper, avx, avx2, aes, clmul, 3dnowpref, lzcnt, sse4a, tsc, tscinvbit, tscinv, bmi1, bmi2, fma, clflush
CPU Model and flags from /proc/cpuinfo:
model name	: AMD PRO A4-4350B R4, 5 COMPUTE CORES 2C+3G
flags		: fpu vme de pse tsc msr pae mce cx8 apic sep mtrr pge mca cmov pat pse36 clflush mmx fxsr sse sse2 ht syscall nx mmxext fxsr_opt pdpe1gb rdtscp lm constant_tsc rep_good acc_power nopl nonstop_tsc cpuid extd_apicid aperfmperf pni pclmulqdq monitor ssse3 fma cx16 sse4_1 sse4_2 movbe popcnt aes xsave avx f16c lahf_lm cmp_legacy svm extapic cr8_legacy abm sse4a misalignsse 3dnowprefetch osvw ibs xop skinit wdt lwp fma4 tce nodeid_msr tbm perfctr_core perfctr_nb bpext ptsc mwaitx cpb hw_pstate ssbd ibpb vmmcall fsgsbase bmi1 avx2 smep bmi2 xsaveopt arat npt lbrv svm_lock nrip_save tsc_scale vmcb_clean flushbyasid decodeassists pausefilter pfthreshold avic v_vmsave_vmload vgif overflow_recov

Online cpus: 0-1
Offline cpus: 2-3
BIOS frequency limitation: 2500000
Frequency switch latency (ns): 4000
Available cpu frequencies: 2500000 2300000 2100000 1900000 1600000 1300000 
Current governor: powersave
Core performance/turbo boost: 0

Memory: 4k page, physical 3472356k(357788k free), swap 1023996k(3028k free)

vm_info: OpenJDK 64-Bit Server VM (15.0.2+7-27) for linux-amd64 JRE (15.0.2+7-27), built on Dec  7 2020 19:54:59 by "mach5one" with gcc 9.2.0

END.
