#
# A fatal error has been detected by the Java Runtime Environment:
#
#  SIGSEGV (0xb) at pc=0x00007f0a66722c80, pid=9117, tid=9123
#
# JRE version: OpenJDK Runtime Environment (15.0.2+7) (build 15.0.2+7-27)
# Java VM: OpenJDK 64-Bit Server VM (15.0.2+7-27, mixed mode, tiered, compressed oops, g1 gc, linux-amd64)
# Problematic frame:
# C  [radeonsi_dri.so+0x1115c80]
#
# Core dump will be written. Default location: Core dumps may be processed with "/usr/lib/systemd/systemd-coredump %P %u %g %s %t %c %h" (or dumping to /home/karmugilan/Documents/eclipse-workspace/twodengine/mario/lib/core.9117)
#
# If you would like to submit a bug report, please visit:
#   https://bugreport.java.com/bugreport/crash.jsp
# The crash happened outside the Java Virtual Machine in native code.
# See problematic frame for where to report the bug.
#

---------------  S U M M A R Y ------------

Command Line: -Dfile.encoding=UTF-8 -XX:+ShowCodeDetailsInExceptionMessages mario.Main

Host: AMD PRO A4-4350B R4, 5 COMPUTE CORES 2C+3G, 2 cores, 3G, Manjaro Linux
Time: Fri Dec 24 13:00:16 2021 IST elapsed time: 5.994586 seconds (0d 0h 0m 5s)

---------------  T H R E A D  ---------------

Current thread (0x00007f0ab4028b40):  JavaThread "main" [_thread_in_native, id=9123, stack(0x00007f0ab89c4000,0x00007f0ab8ac5000)]

Stack: [0x00007f0ab89c4000,0x00007f0ab8ac5000],  sp=0x00007f0ab8ac3450,  free space=1021k
Native frames: (J=compiled Java code, A=aot compiled Java code, j=interpreted, Vv=VM code, C=native code)
C  [radeonsi_dri.so+0x1115c80]

Java frames: (J=compiled Java code, j=interpreted, Vv=VM code)
j  org.lwjgl.opengl.GL11C.nglDrawElements(IIIJ)V+0
j  org.lwjgl.opengl.GL11C.glDrawElements(IIIJ)V+4
j  org.lwjgl.opengl.GL11.glDrawElements(IIIJ)V+4
j  twodengine.LevelEditorScene.update(F)V+32
j  twodengine.Window.loop()V+52
j  twodengine.Window.run()V+29
j  mario.Main.main([Ljava/lang/String;)V+13
v  ~StubRoutines::call_stub

siginfo: si_signo: 11 (SIGSEGV), si_code: 1 (SEGV_MAPERR), si_addr: 0x0000000000000000

Register to memory mapping:

RAX=0x0000000000000018 is an unknown value
RBX=0x00007f0ab8ac34e4 is pointing into the stack for thread: 0x00007f0ab4028b40
RCX=0x0 is NULL
RDX=0x0000000000000005 is an unknown value
RSP=0x00007f0ab8ac3450 is pointing into the stack for thread: 0x00007f0ab4028b40
RBP=0x00007f0ab8ac34e0 is pointing into the stack for thread: 0x00007f0ab4028b40
RSI=0x0 is NULL
RDI=0x00007f0ab8ac3490 is pointing into the stack for thread: 0x00007f0ab4028b40
R8 =0x00007f0ab8ac3494 is pointing into the stack for thread: 0x00007f0ab4028b40
R9 =0x00007f0ab8ac34e4 is pointing into the stack for thread: 0x00007f0ab4028b40
R10=0x0 is NULL
R11=0x0 is NULL
R12=0x0 is NULL
R13=0x0000000000000001 is an unknown value
R14=0x00007f0ab8ac3590 is pointing into the stack for thread: 0x00007f0ab4028b40
R15=0x00007f0ab8ac3584 is pointing into the stack for thread: 0x00007f0ab4028b40


Registers:
RAX=0x0000000000000018, RBX=0x00007f0ab8ac34e4, RCX=0x0000000000000000, RDX=0x0000000000000005
RSP=0x00007f0ab8ac3450, RBP=0x00007f0ab8ac34e0, RSI=0x0000000000000000, RDI=0x00007f0ab8ac3490
R8 =0x00007f0ab8ac3494, R9 =0x00007f0ab8ac34e4, R10=0x0000000000000000, R11=0x0000000000000000
R12=0x0000000000000000, R13=0x0000000000000001, R14=0x00007f0ab8ac3590, R15=0x00007f0ab8ac3584
RIP=0x00007f0a66722c80, EFLAGS=0x0000000000010206, CSGSFS=0x002b000000000033, ERR=0x0000000000000004
  TRAPNO=0x000000000000000e

Top of Stack: (sp=0x00007f0ab8ac3450)
0x00007f0ab8ac3450:   00007f0ab4bb9680 0000001000000080
0x00007f0ab8ac3460:   0000000000000000 00007f0ab4ba30a0
0x00007f0ab8ac3470:   00007f0ab47368c8 1dbc34197f392b00
0x00007f0ab8ac3480:   0000000000000000 00007f0a65a2a363 

Instructions: (pc=0x00007f0a66722c80)
0x00007f0a66722b80:   48 83 ec 38 48 89 f8 49 89 d0 48 89 f7 89 ca 64
0x00007f0a66722b90:   48 8b 0c 25 28 00 00 00 48 89 4c 24 28 31 c9 a8
0x00007f0a66722ba0:   0f 0f 84 0e 01 00 00 85 d2 0f 84 13 01 00 00 66
0x00007f0a66722bb0:   0f 76 c9 66 0f ef d2 eb 0f 0f 1f 80 00 00 00 00
0x00007f0a66722bc0:   85 d2 0f 84 cf 00 00 00 66 0f 6e 00 48 83 c0 04
0x00007f0a66722bd0:   83 ea 01 66 0f 38 3f d0 66 0f 38 3b c8 a8 0f 75
0x00007f0a66722be0:   df 83 fa 07 0f 86 e2 00 00 00 89 d6 41 89 d2 66
0x00007f0a66722bf0:   0f 76 ed 48 89 c1 c1 ee 02 41 83 e2 fc 66 0f ef
0x00007f0a66722c00:   e4 83 ee 01 48 c1 e6 04 48 8d 74 30 10 0f 1f 00
0x00007f0a66722c10:   66 0f 6f 19 66 0f 6f 01 48 83 c1 10 66 0f 38 3f
0x00007f0a66722c20:   dc 66 0f 38 3b c5 66 0f 6f e3 66 0f 6f e8 48 39
0x00007f0a66722c30:   f1 75 dd 0f 29 1c 24 31 c9 49 89 e1 48 8d 74 24
0x00007f0a66722c40:   10 0f 29 44 24 10 66 41 0f 6e 04 09 66 0f 38 3f
0x00007f0a66722c50:   d0 66 0f 6e 04 0e 48 83 c1 04 66 0f 38 3b c8 48
0x00007f0a66722c60:   83 f9 10 75 e1 44 39 d2 76 2d 83 ea 01 44 89 d6
0x00007f0a66722c70:   44 29 d2 48 8d 0c b0 48 01 f2 48 8d 44 90 04 90
0x00007f0a66722c80:   66 0f 6e 01 48 83 c1 04 66 0f 38 3f d0 66 0f 38
0x00007f0a66722c90:   3b c8 48 39 c8 75 e9 66 0f 7e 0f 66 41 0f 7e 10
0x00007f0a66722ca0:   48 8b 44 24 28 64 48 2b 04 25 28 00 00 00 75 21
0x00007f0a66722cb0:   48 83 c4 38 c3 66 0f 76 c9 66 0f ef d2 e9 1f ff
0x00007f0a66722cc0:   ff ff 66 0f ef d2 66 0f 76 c9 eb cb 45 31 d2 eb
0x00007f0a66722cd0:   94 ff 15 61 97 69 00 66 0f 1f 84 00 00 00 00 00
0x00007f0a66722ce0:   41 57 49 89 d3 41 56 41 55 41 54 55 89 f5 53 8b
0x00007f0a66722cf0:   32 89 fb 48 89 cf 44 8b 52 04 8b 4a 08 44 8d 24
0x00007f0a66722d00:   f5 00 00 00 00 45 85 d2 0f 8e 42 01 00 00 43 8d
0x00007f0a66722d10:   44 14 ff 99 41 f7 fc 49 63 53 0c 0f af c6 48 98
0x00007f0a66722d20:   48 0f af c2 85 c9 8d 51 07 0f 49 d1 c1 fa 03 48
0x00007f0a66722d30:   63 d2 48 01 d0 48 01 c7 45 8d 62 0e 41 83 c2 07
0x00007f0a66722d40:   45 0f 49 e2 41 c1 fc 03 44 89 e0 99 f7 fe 29 d6
0x00007f0a66722d50:   44 01 e6 85 d2 44 0f 4f e6 41 80 7b 1a 00 74 03
0x00007f0a66722d60:   41 f7 dc 85 ed 0f 8e d5 00 00 00 8d 43 ff 45 31
0x00007f0a66722d70:   d2 83 e1 07 41 80 7b 19 00 4d 63 e4 4d 63 c9 49 


Stack slot to memory mapping:
stack at sp + 0 slots: 0x00007f0ab4bb9680 points into unknown readable memory: 0x00100000000fffb7 | b7 ff 0f 00 00 00 10 00
stack at sp + 1 slots: 0x0000001000000080 is an unknown value
stack at sp + 2 slots: 0x0 is NULL
stack at sp + 3 slots: 0x00007f0ab4ba30a0 points into unknown readable memory: 0x0000c00300000014 | 14 00 00 00 03 c0 00 00
stack at sp + 4 slots: 0x00007f0ab47368c8 points into unknown readable memory: 0x0000000000000000 | 00 00 00 00 00 00 00 00
stack at sp + 5 slots: 0x1dbc34197f392b00 is an unknown value
stack at sp + 6 slots: 0x0 is NULL
stack at sp + 7 slots: 0x00007f0a65a2a363: <offset 0x000000000041d363> in /usr/lib/dri/radeonsi_dri.so at 0x00007f0a6560d000


---------------  P R O C E S S  ---------------

Threads class SMR info:
_java_thread_list=0x00007f0ab41d4c90, length=10, elements={
0x00007f0ab4028b40, 0x00007f0ab411f890, 0x00007f0ab41214b0, 0x00007f0ab4138010,
0x00007f0ab4139720, 0x00007f0ab413b050, 0x00007f0ab413c880, 0x00007f0ab413df30,
0x00007f0ab41c3660, 0x00007f0ab41d1640
}

Java Threads: ( => current thread )
=>0x00007f0ab4028b40 JavaThread "main" [_thread_in_native, id=9123, stack(0x00007f0ab89c4000,0x00007f0ab8ac5000)]
  0x00007f0ab411f890 JavaThread "Reference Handler" daemon [_thread_blocked, id=9131, stack(0x00007f0a9c960000,0x00007f0a9ca61000)]
  0x00007f0ab41214b0 JavaThread "Finalizer" daemon [_thread_blocked, id=9132, stack(0x00007f0a9c85f000,0x00007f0a9c960000)]
  0x00007f0ab4138010 JavaThread "Signal Dispatcher" daemon [_thread_blocked, id=9133, stack(0x00007f0a9c474000,0x00007f0a9c575000)]
  0x00007f0ab4139720 JavaThread "Service Thread" daemon [_thread_blocked, id=9134, stack(0x00007f0a9c373000,0x00007f0a9c474000)]
  0x00007f0ab413b050 JavaThread "C2 CompilerThread0" daemon [_thread_blocked, id=9135, stack(0x00007f0a9c272000,0x00007f0a9c373000)]
  0x00007f0ab413c880 JavaThread "C1 CompilerThread0" daemon [_thread_blocked, id=9136, stack(0x00007f0a9c171000,0x00007f0a9c272000)]
  0x00007f0ab413df30 JavaThread "Sweeper thread" daemon [_thread_blocked, id=9137, stack(0x00007f0a9c070000,0x00007f0a9c171000)]
  0x00007f0ab41c3660 JavaThread "Notification Thread" daemon [_thread_blocked, id=9138, stack(0x00007f0a67eff000,0x00007f0a68000000)]
  0x00007f0ab41d1640 JavaThread "Common-Cleaner" daemon [_thread_blocked, id=9140, stack(0x00007f0a67cfc000,0x00007f0a67dfd000)]

Other Threads:
  0x00007f0ab41056e0 VMThread "VM Thread" [stack: 0x00007f0a9ca63000,0x00007f0a9cb63000] [id=9130]
  0x00007f0ab41284d0 WatcherThread [stack: 0x00007f0a67dff000,0x00007f0a67eff000] [id=9139]
  0x00007f0ab4054be0 GCTaskThread "GC Thread#0" [stack: 0x00007f0a9fa8d000,0x00007f0a9fb8d000] [id=9124]
  0x00007f0a80001090 GCTaskThread "GC Thread#1" [stack: 0x00007f0a558a6000,0x00007f0a559a6000] [id=9146]
  0x00007f0ab405cf30 ConcurrentGCThread "G1 Main Marker" [stack: 0x00007f0a9f98b000,0x00007f0a9fa8b000] [id=9125]
  0x00007f0ab405e1c0 ConcurrentGCThread "G1 Conc#0" [stack: 0x00007f0a9f889000,0x00007f0a9f989000] [id=9126]
  0x00007f0ab408c180 ConcurrentGCThread "G1 Refine#0" [stack: 0x00007f0a9d585000,0x00007f0a9d685000] [id=9127]
  0x00007f0ab408d390 ConcurrentGCThread "G1 Young RemSet Sampling" [stack: 0x00007f0a9d483000,0x00007f0a9d583000] [id=9128]

Threads with active compile tasks:

VM state: not at safepoint (normal execution)

VM Mutex/Monitor currently owned by a thread: None

Heap address: 0x00000000cb000000, size: 848 MB, Compressed Oops mode: 32-bit
CDS disabled.
Compressed class space mapped at: 0x0000000100000000-0x0000000140000000, size: 1073741824
Narrow klass base: 0x0000000000000000, Narrow klass shift: 3, Narrow klass range: 0x140000000

GC Precious Log:
 CPUs: 2 total, 2 available
 Memory: 3390M
 Large Page Support: Disabled
 NUMA Support: Disabled
 Compressed Oops: Enabled (32-bit)
 Heap Region Size: 1M
 Heap Min Capacity: 8M
 Heap Initial Capacity: 54M
 Heap Max Capacity: 848M
 Pre-touch: Disabled
 Parallel Workers: 2
 Concurrent Workers: 1
 Concurrent Refinement Workers: 2
 Periodic GC: Disabled

Heap:
 garbage-first heap   total 55296K, used 2882K [0x00000000cb000000, 0x0000000100000000)
  region size 1024K, 4 young (4096K), 1 survivors (1024K)
 Metaspace       used 10403K, capacity 10525K, committed 10880K, reserved 1058816K
  class space    used 784K, capacity 823K, committed 896K, reserved 1048576K

Heap Regions: E=young(eden), S=young(survivor), O=old, HS=humongous(starts), HC=humongous(continues), CS=collection set, F=free, OA=open archive, CA=closed archive, TAMS=top-at-mark-start (previous, next)
|   0|0x00000000cb000000, 0x00000000cb0d0800, 0x00000000cb100000| 81%| O|  |TAMS 0x00000000cb000000, 0x00000000cb000000| Untracked 
|   1|0x00000000cb100000, 0x00000000cb100000, 0x00000000cb200000|  0%| F|  |TAMS 0x00000000cb100000, 0x00000000cb100000| Untracked 
|   2|0x00000000cb200000, 0x00000000cb200000, 0x00000000cb300000|  0%| F|  |TAMS 0x00000000cb200000, 0x00000000cb200000| Untracked 
|   3|0x00000000cb300000, 0x00000000cb300000, 0x00000000cb400000|  0%| F|  |TAMS 0x00000000cb300000, 0x00000000cb300000| Untracked 
|   4|0x00000000cb400000, 0x00000000cb400000, 0x00000000cb500000|  0%| F|  |TAMS 0x00000000cb400000, 0x00000000cb400000| Untracked 
|   5|0x00000000cb500000, 0x00000000cb500000, 0x00000000cb600000|  0%| F|  |TAMS 0x00000000cb500000, 0x00000000cb500000| Untracked 
|   6|0x00000000cb600000, 0x00000000cb600000, 0x00000000cb700000|  0%| F|  |TAMS 0x00000000cb600000, 0x00000000cb600000| Untracked 
|   7|0x00000000cb700000, 0x00000000cb700000, 0x00000000cb800000|  0%| F|  |TAMS 0x00000000cb700000, 0x00000000cb700000| Untracked 
|   8|0x00000000cb800000, 0x00000000cb800000, 0x00000000cb900000|  0%| F|  |TAMS 0x00000000cb800000, 0x00000000cb800000| Untracked 
|   9|0x00000000cb900000, 0x00000000cb900000, 0x00000000cba00000|  0%| F|  |TAMS 0x00000000cb900000, 0x00000000cb900000| Untracked 
|  10|0x00000000cba00000, 0x00000000cba00000, 0x00000000cbb00000|  0%| F|  |TAMS 0x00000000cba00000, 0x00000000cba00000| Untracked 
|  11|0x00000000cbb00000, 0x00000000cbb00000, 0x00000000cbc00000|  0%| F|  |TAMS 0x00000000cbb00000, 0x00000000cbb00000| Untracked 
|  12|0x00000000cbc00000, 0x00000000cbc00000, 0x00000000cbd00000|  0%| F|  |TAMS 0x00000000cbc00000, 0x00000000cbc00000| Untracked 
|  13|0x00000000cbd00000, 0x00000000cbd00000, 0x00000000cbe00000|  0%| F|  |TAMS 0x00000000cbd00000, 0x00000000cbd00000| Untracked 
|  14|0x00000000cbe00000, 0x00000000cbe00000, 0x00000000cbf00000|  0%| F|  |TAMS 0x00000000cbe00000, 0x00000000cbe00000| Untracked 
|  15|0x00000000cbf00000, 0x00000000cbf00000, 0x00000000cc000000|  0%| F|  |TAMS 0x00000000cbf00000, 0x00000000cbf00000| Untracked 
|  16|0x00000000cc000000, 0x00000000cc000000, 0x00000000cc100000|  0%| F|  |TAMS 0x00000000cc000000, 0x00000000cc000000| Untracked 
|  17|0x00000000cc100000, 0x00000000cc100000, 0x00000000cc200000|  0%| F|  |TAMS 0x00000000cc100000, 0x00000000cc100000| Untracked 
|  18|0x00000000cc200000, 0x00000000cc200000, 0x00000000cc300000|  0%| F|  |TAMS 0x00000000cc200000, 0x00000000cc200000| Untracked 
|  19|0x00000000cc300000, 0x00000000cc300000, 0x00000000cc400000|  0%| F|  |TAMS 0x00000000cc300000, 0x00000000cc300000| Untracked 
|  20|0x00000000cc400000, 0x00000000cc400000, 0x00000000cc500000|  0%| F|  |TAMS 0x00000000cc400000, 0x00000000cc400000| Untracked 
|  21|0x00000000cc500000, 0x00000000cc500000, 0x00000000cc600000|  0%| F|  |TAMS 0x00000000cc500000, 0x00000000cc500000| Untracked 
|  22|0x00000000cc600000, 0x00000000cc600000, 0x00000000cc700000|  0%| F|  |TAMS 0x00000000cc600000, 0x00000000cc600000| Untracked 
|  23|0x00000000cc700000, 0x00000000cc700000, 0x00000000cc800000|  0%| F|  |TAMS 0x00000000cc700000, 0x00000000cc700000| Untracked 
|  24|0x00000000cc800000, 0x00000000cc800000, 0x00000000cc900000|  0%| F|  |TAMS 0x00000000cc800000, 0x00000000cc800000| Untracked 
|  25|0x00000000cc900000, 0x00000000cc900000, 0x00000000cca00000|  0%| F|  |TAMS 0x00000000cc900000, 0x00000000cc900000| Untracked 
|  26|0x00000000cca00000, 0x00000000cca00000, 0x00000000ccb00000|  0%| F|  |TAMS 0x00000000cca00000, 0x00000000cca00000| Untracked 
|  27|0x00000000ccb00000, 0x00000000ccb00000, 0x00000000ccc00000|  0%| F|  |TAMS 0x00000000ccb00000, 0x00000000ccb00000| Untracked 
|  28|0x00000000ccc00000, 0x00000000ccc00000, 0x00000000ccd00000|  0%| F|  |TAMS 0x00000000ccc00000, 0x00000000ccc00000| Untracked 
|  29|0x00000000ccd00000, 0x00000000ccd00000, 0x00000000cce00000|  0%| F|  |TAMS 0x00000000ccd00000, 0x00000000ccd00000| Untracked 
|  30|0x00000000cce00000, 0x00000000cce00000, 0x00000000ccf00000|  0%| F|  |TAMS 0x00000000cce00000, 0x00000000cce00000| Untracked 
|  31|0x00000000ccf00000, 0x00000000ccf00000, 0x00000000cd000000|  0%| F|  |TAMS 0x00000000ccf00000, 0x00000000ccf00000| Untracked 
|  32|0x00000000cd000000, 0x00000000cd000000, 0x00000000cd100000|  0%| F|  |TAMS 0x00000000cd000000, 0x00000000cd000000| Untracked 
|  33|0x00000000cd100000, 0x00000000cd100000, 0x00000000cd200000|  0%| F|  |TAMS 0x00000000cd100000, 0x00000000cd100000| Untracked 
|  34|0x00000000cd200000, 0x00000000cd200000, 0x00000000cd300000|  0%| F|  |TAMS 0x00000000cd200000, 0x00000000cd200000| Untracked 
|  35|0x00000000cd300000, 0x00000000cd300000, 0x00000000cd400000|  0%| F|  |TAMS 0x00000000cd300000, 0x00000000cd300000| Untracked 
|  36|0x00000000cd400000, 0x00000000cd400000, 0x00000000cd500000|  0%| F|  |TAMS 0x00000000cd400000, 0x00000000cd400000| Untracked 
|  37|0x00000000cd500000, 0x00000000cd500000, 0x00000000cd600000|  0%| F|  |TAMS 0x00000000cd500000, 0x00000000cd500000| Untracked 
|  38|0x00000000cd600000, 0x00000000cd600000, 0x00000000cd700000|  0%| F|  |TAMS 0x00000000cd600000, 0x00000000cd600000| Untracked 
|  39|0x00000000cd700000, 0x00000000cd700000, 0x00000000cd800000|  0%| F|  |TAMS 0x00000000cd700000, 0x00000000cd700000| Untracked 
|  40|0x00000000cd800000, 0x00000000cd800000, 0x00000000cd900000|  0%| F|  |TAMS 0x00000000cd800000, 0x00000000cd800000| Untracked 
|  41|0x00000000cd900000, 0x00000000cd900000, 0x00000000cda00000|  0%| F|  |TAMS 0x00000000cd900000, 0x00000000cd900000| Untracked 
|  42|0x00000000cda00000, 0x00000000cda00000, 0x00000000cdb00000|  0%| F|  |TAMS 0x00000000cda00000, 0x00000000cda00000| Untracked 
|  43|0x00000000cdb00000, 0x00000000cdb00000, 0x00000000cdc00000|  0%| F|  |TAMS 0x00000000cdb00000, 0x00000000cdb00000| Untracked 
|  44|0x00000000cdc00000, 0x00000000cdc00000, 0x00000000cdd00000|  0%| F|  |TAMS 0x00000000cdc00000, 0x00000000cdc00000| Untracked 
|  45|0x00000000cdd00000, 0x00000000cdd00000, 0x00000000cde00000|  0%| F|  |TAMS 0x00000000cdd00000, 0x00000000cdd00000| Untracked 
|  46|0x00000000cde00000, 0x00000000cde00000, 0x00000000cdf00000|  0%| F|  |TAMS 0x00000000cde00000, 0x00000000cde00000| Untracked 
|  47|0x00000000cdf00000, 0x00000000ce000000, 0x00000000ce000000|100%| S|CS|TAMS 0x00000000cdf00000, 0x00000000cdf00000| Complete 
|  48|0x00000000ce000000, 0x00000000ce000000, 0x00000000ce100000|  0%| F|  |TAMS 0x00000000ce000000, 0x00000000ce000000| Untracked 
|  49|0x00000000ce100000, 0x00000000ce100000, 0x00000000ce200000|  0%| F|  |TAMS 0x00000000ce100000, 0x00000000ce100000| Untracked 
|  50|0x00000000ce200000, 0x00000000ce200000, 0x00000000ce300000|  0%| F|  |TAMS 0x00000000ce200000, 0x00000000ce200000| Untracked 
|  51|0x00000000ce300000, 0x00000000ce39d978, 0x00000000ce400000| 61%| E|  |TAMS 0x00000000ce300000, 0x00000000ce300000| Complete 
|  52|0x00000000ce400000, 0x00000000ce500000, 0x00000000ce500000|100%| E|  |TAMS 0x00000000ce400000, 0x00000000ce400000| Complete 
|  53|0x00000000ce500000, 0x00000000ce600000, 0x00000000ce600000|100%| E|CS|TAMS 0x00000000ce500000, 0x00000000ce500000| Complete 

Card table byte_map: [0x00007f0ab8245000,0x00007f0ab83ed000] _byte_map_base: 0x00007f0ab7bed000

Marking Bits (Prev, Next): (CMBitMap*) 0x00007f0ab4055980, (CMBitMap*) 0x00007f0ab40559c0
 Prev Bits: [0x00007f0aa08cd000, 0x00007f0aa160d000)
 Next Bits: [0x00007f0a9fb8d000, 0x00007f0aa08cd000)

Polling page: 0x00007f0ab9ffb000

Metaspace:

Usage:
  Non-class:      9.47 MB capacity,     9.39 MB (>99%) used,    72.66 KB ( <1%) free+waste,    10.31 KB ( <1%) overhead. 
      Class:    823.00 KB capacity,   784.41 KB ( 95%) used,    34.96 KB (  4%) free+waste,     3.62 KB ( <1%) overhead. 
       Both:     10.28 MB capacity,    10.16 MB ( 99%) used,   107.62 KB (  1%) free+waste,    13.94 KB ( <1%) overhead. 

Virtual space:
  Non-class space:       10.00 MB reserved,       9.75 MB ( 98%) committed 
      Class space:        1.00 GB reserved,     896.00 KB ( <1%) committed 
             Both:        1.01 GB reserved,      10.62 MB (  1%) committed 

Chunk freelists:
   Non-Class:  138.00 KB
       Class:  9.00 KB
        Both:  147.00 KB

MaxMetaspaceSize: 17179869184.00 GB
CompressedClassSpaceSize: 1.00 GB

CodeHeap 'non-profiled nmethods': size=120036Kb used=175Kb max_used=175Kb free=119860Kb
 bounds [0x00007f0aa90d4000, 0x00007f0aa9344000, 0x00007f0ab060d000]
CodeHeap 'profiled nmethods': size=120032Kb used=824Kb max_used=824Kb free=119207Kb
 bounds [0x00007f0aa1b9c000, 0x00007f0aa1e0c000, 0x00007f0aa90d4000]
CodeHeap 'non-nmethods': size=5692Kb used=1538Kb max_used=1552Kb free=4153Kb
 bounds [0x00007f0aa160d000, 0x00007f0aa187d000, 0x00007f0aa1b9c000]
 total_blobs=1510 nmethods=592 adapters=833
 compilation: enabled
              stopped_count=0, restarted_count=0
 full_count=0

Compilation events (20 events):
Event: 5.888 Thread 0x00007f0ab413c880 nmethod 584 0x00007f0aa1c60e90 code [0x00007f0aa1c61040, 0x00007f0aa1c61240]
Event: 5.897 Thread 0x00007f0ab413c880  585       3       java.lang.ref.SoftReference::get (29 bytes)
Event: 5.897 Thread 0x00007f0ab413c880 nmethod 585 0x00007f0aa1c61310 code [0x00007f0aa1c614a0, 0x00007f0aa1c61670]
Event: 5.899 Thread 0x00007f0ab413c880  586   !   3       java.util.jar.JarFile::isMultiRelease (33 bytes)
Event: 5.900 Thread 0x00007f0ab413c880 nmethod 586 0x00007f0aa1c61710 code [0x00007f0aa1c618c0, 0x00007f0aa1c61aa0]
Event: 5.900 Thread 0x00007f0ab413c880  587       3       java.lang.ref.Cleaner::register (25 bytes)
Event: 5.901 Thread 0x00007f0ab413c880 nmethod 587 0x00007f0aa1c61b90 code [0x00007f0aa1c61d80, 0x00007f0aa1c622a0]
Event: 5.907 Thread 0x00007f0ab413c880  589       3       java.lang.String::toLowerCase (8 bytes)
Event: 5.909 Thread 0x00007f0ab413c880 nmethod 589 0x00007f0aa1c62490 code [0x00007f0aa1c62660, 0x00007f0aa1c629b0]
Event: 5.916 Thread 0x00007f0ab413b050 nmethod 582 0x00007f0aa90fed10 code [0x00007f0aa90feea0, 0x00007f0aa90ff298]
Event: 5.916 Thread 0x00007f0ab413b050  588       4       jdk.internal.misc.Unsafe::putReferenceRelease (9 bytes)
Event: 5.919 Thread 0x00007f0ab413b050 nmethod 588 0x00007f0aa90ff490 code [0x00007f0aa90ff600, 0x00007f0aa90ff718]
Event: 5.919 Thread 0x00007f0ab413b050  583       4       java.util.concurrent.ConcurrentHashMap::casTabAt (21 bytes)
Event: 5.921 Thread 0x00007f0ab413c880  590       3       java.net.URLStreamHandler::setURL (73 bytes)
Event: 5.924 Thread 0x00007f0ab413c880 nmethod 590 0x00007f0aa1c62b10 code [0x00007f0aa1c62de0, 0x00007f0aa1c63bd0]
Event: 5.928 Thread 0x00007f0ab413c880  591   !   3       java.net.URL::<init> (543 bytes)
Event: 5.946 Thread 0x00007f0ab413b050 nmethod 583 0x00007f0aa90ff790 code [0x00007f0aa90ff900, 0x00007f0aa90ffa18]
Event: 5.954 Thread 0x00007f0ab413c880 nmethod 591 0x00007f0aa1c64110 code [0x00007f0aa1c647a0, 0x00007f0aa1c67f60]
Event: 5.954 Thread 0x00007f0ab413c880  592       1       java.util.zip.ZipEntry::getSize (5 bytes)
Event: 5.955 Thread 0x00007f0ab413c880 nmethod 592 0x00007f0aa90ffa90 code [0x00007f0aa90ffc20, 0x00007f0aa90ffcd0]

GC Heap History (2 events):
Event: 5.300 GC heap before
{Heap before GC invocations=0 (full 0):
 garbage-first heap   total 55296K, used 5120K [0x00000000cb000000, 0x0000000100000000)
  region size 1024K, 6 young (6144K), 0 survivors (0K)
 Metaspace       used 9132K, capacity 9255K, committed 9600K, reserved 1058816K
  class space    used 769K, capacity 823K, committed 896K, reserved 1048576K
}
Event: 5.309 GC heap after
{Heap after GC invocations=1 (full 0):
 garbage-first heap   total 55296K, used 1858K [0x00000000cb000000, 0x0000000100000000)
  region size 1024K, 1 young (1024K), 1 survivors (1024K)
 Metaspace       used 9132K, capacity 9255K, committed 9600K, reserved 1058816K
  class space    used 769K, capacity 823K, committed 896K, reserved 1048576K
}

Deoptimization events (20 events):
Event: 1.291 Thread 0x00007f0ab4028b40 DEOPT PACKING pc=0x00007f0aa1bb69be sp=0x00007f0ab8ac22c0
Event: 1.291 Thread 0x00007f0ab4028b40 DEOPT UNPACKING pc=0x00007f0aa165ac2b sp=0x00007f0ab8ac1780 mode 0
Event: 1.292 Thread 0x00007f0ab4028b40 DEOPT PACKING pc=0x00007f0aa1bb6136 sp=0x00007f0ab8ac2260
Event: 1.292 Thread 0x00007f0ab4028b40 DEOPT UNPACKING pc=0x00007f0aa165ac2b sp=0x00007f0ab8ac17a0 mode 0
Event: 1.292 Thread 0x00007f0ab4028b40 DEOPT PACKING pc=0x00007f0aa1bb69be sp=0x00007f0ab8ac22c0
Event: 1.292 Thread 0x00007f0ab4028b40 DEOPT UNPACKING pc=0x00007f0aa165ac2b sp=0x00007f0ab8ac1780 mode 0
Event: 1.292 Thread 0x00007f0ab4028b40 DEOPT PACKING pc=0x00007f0aa1bb6136 sp=0x00007f0ab8ac2260
Event: 1.292 Thread 0x00007f0ab4028b40 DEOPT UNPACKING pc=0x00007f0aa165ac2b sp=0x00007f0ab8ac17a0 mode 0
Event: 1.292 Thread 0x00007f0ab4028b40 DEOPT PACKING pc=0x00007f0aa1bb69be sp=0x00007f0ab8ac22c0
Event: 1.293 Thread 0x00007f0ab4028b40 DEOPT UNPACKING pc=0x00007f0aa165ac2b sp=0x00007f0ab8ac1780 mode 0
Event: 1.293 Thread 0x00007f0ab4028b40 DEOPT PACKING pc=0x00007f0aa1bb6136 sp=0x00007f0ab8ac2260
Event: 1.293 Thread 0x00007f0ab4028b40 DEOPT UNPACKING pc=0x00007f0aa165ac2b sp=0x00007f0ab8ac17a0 mode 0
Event: 1.301 Thread 0x00007f0ab4028b40 DEOPT PACKING pc=0x00007f0aa1bb69be sp=0x00007f0ab8ac22c0
Event: 1.301 Thread 0x00007f0ab4028b40 DEOPT UNPACKING pc=0x00007f0aa165ac2b sp=0x00007f0ab8ac1780 mode 0
Event: 1.898 Thread 0x00007f0ab4028b40 Uncommon trap: trap_request=0xffffff45 fr.pc=0x00007f0aa90d8658 relative=0x0000000000000058
Event: 1.898 Thread 0x00007f0ab4028b40 Uncommon trap: reason=unstable_if action=reinterpret pc=0x00007f0aa90d8658 method=java.lang.String.isLatin1()Z @ 10 c2
Event: 1.898 Thread 0x00007f0ab4028b40 DEOPT PACKING pc=0x00007f0aa90d8658 sp=0x00007f0ab8ac1080
Event: 1.898 Thread 0x00007f0ab4028b40 DEOPT UNPACKING pc=0x00007f0aa165ae25 sp=0x00007f0ab8ac1030 mode 2
Event: 5.161 Thread 0x00007f0ab4028b40 DEOPT PACKING pc=0x00007f0aa1bbf068 sp=0x00007f0ab8ac2500
Event: 5.161 Thread 0x00007f0ab4028b40 DEOPT UNPACKING pc=0x00007f0aa165ac2b sp=0x00007f0ab8ac1998 mode 0

Classes unloaded (0 events):
No events

Classes redefined (0 events):
No events

Internal exceptions (20 events):
Event: 1.568 Thread 0x00007f0ab4028b40 Exception <a 'java/lang/NoSuchMethodError'{0x00000000ce3a7200}: 'void java.lang.invoke.DirectMethodHandle$Holder.invokeStatic(java.lang.Object, java.lang.Object)'> (0x00000000ce3a7200) 
thrown [open/src/hotspot/share/interpreter/linkResolver.cpp, line 781]
Event: 1.572 Thread 0x00007f0ab4028b40 Exception <a 'java/lang/NoSuchMethodError'{0x00000000ce3acb38}: 'void java.lang.invoke.DirectMethodHandle$Holder.invokeSpecial(java.lang.Object, java.lang.Object, java.lang.Object)'> (0x00000000ce3acb38) 
thrown [open/src/hotspot/share/interpreter/linkResolver.cpp, line 781]
Event: 1.584 Thread 0x00007f0ab4028b40 Exception <a 'java/lang/NoSuchMethodError'{0x00000000ce3c1b40}: 'java.lang.Object java.lang.invoke.DirectMethodHandle$Holder.invokeStatic(java.lang.Object, java.lang.Object, int)'> (0x00000000ce3c1b40) 
thrown [open/src/hotspot/share/interpreter/linkResolver.cpp, line 781]
Event: 1.590 Thread 0x00007f0ab4028b40 Exception <a 'java/lang/NoSuchMethodError'{0x00000000ce3cdec8}: 'void java.lang.invoke.DelegatingMethodHandle$Holder.delegate(java.lang.Object, java.lang.Object, int, java.lang.Object)'> (0x00000000ce3cdec8) 
thrown [open/src/hotspot/share/interpreter/linkResolver.cpp, line 781]
Event: 1.592 Thread 0x00007f0ab4028b40 Exception <a 'java/lang/NoSuchMethodError'{0x00000000ce3d2210}: 'int java.lang.invoke.DirectMethodHandle$Holder.invokeSpecial(java.lang.Object, java.lang.Object, java.lang.Object)'> (0x00000000ce3d2210) 
thrown [open/src/hotspot/share/interpreter/linkResolver.cpp, line 781]
Event: 1.750 Thread 0x00007f0ab4028b40 Exception <a 'sun/nio/fs/UnixException'{0x00000000ce2a9898}> (0x00000000ce2a9898) 
thrown [open/src/hotspot/share/prims/jni.cpp, line 578]
Event: 1.941 Thread 0x00007f0ab4028b40 Exception <a 'java/lang/NoSuchMethodError'{0x00000000ce1535b0}: 'int java.lang.invoke.DirectMethodHandle$Holder.invokeStaticInit(java.lang.Object, java.lang.Object, int, long)'> (0x00000000ce1535b0) 
thrown [open/src/hotspot/share/interpreter/linkResolver.cpp, line 781]
Event: 1.944 Thread 0x00007f0ab4028b40 Exception <a 'java/lang/NoSuchMethodError'{0x00000000ce159080}: 'java.lang.Object java.lang.invoke.DirectMethodHandle$Holder.newInvokeSpecial(java.lang.Object, java.lang.Object, int)'> (0x00000000ce159080) 
thrown [open/src/hotspot/share/interpreter/linkResolver.cpp, line 781]
Event: 1.951 Thread 0x00007f0ab4028b40 Exception <a 'java/lang/NoSuchMethodError'{0x00000000ce168e90}: 'int java.lang.invoke.DirectMethodHandle$Holder.invokeStaticInit(java.lang.Object, java.lang.Object, long, long)'> (0x00000000ce168e90) 
thrown [open/src/hotspot/share/interpreter/linkResolver.cpp, line 781]
Event: 1.954 Thread 0x00007f0ab4028b40 Exception <a 'java/lang/NoSuchMethodError'{0x00000000ce16f310}: 'java.lang.Object java.lang.invoke.DirectMethodHandle$Holder.newInvokeSpecial(java.lang.Object, java.lang.Object, long)'> (0x00000000ce16f310) 
thrown [open/src/hotspot/share/interpreter/linkResolver.cpp, line 781]
Event: 1.956 Thread 0x00007f0ab4028b40 Exception <a 'java/lang/NoSuchMethodError'{0x00000000ce173458}: 'java.lang.Object java.lang.invoke.Invokers$Holder.linkToTargetMethod(java.lang.Object, long, java.lang.Object)'> (0x00000000ce173458) 
thrown [open/src/hotspot/share/interpreter/linkResolver.cpp, line 781]
Event: 1.959 Thread 0x00007f0ab4028b40 Exception <a 'java/lang/NoSuchMethodError'{0x00000000ce17ae38}: 'int java.lang.invoke.DirectMethodHandle$Holder.invokeStaticInit(java.lang.Object, java.lang.Object, java.lang.Object, long)'> (0x00000000ce17ae38) 
thrown [open/src/hotspot/share/interpreter/linkResolver.cpp, line 781]
Event: 2.065 Thread 0x00007f0ab4028b40 Exception <a 'sun/nio/fs/UnixException'{0x00000000ce03dea8}> (0x00000000ce03dea8) 
thrown [open/src/hotspot/share/prims/jni.cpp, line 578]
Event: 5.155 Thread 0x00007f0ab4028b40 Exception <a 'java/lang/NoSuchMethodError'{0x00000000ce094e38}: 'void java.lang.invoke.DirectMethodHandle$Holder.invokeStaticInit(java.lang.Object, long, double, double)'> (0x00000000ce094e38) 
thrown [open/src/hotspot/share/interpreter/linkResolver.cpp, line 781]
Event: 5.165 Thread 0x00007f0ab4028b40 Exception <a 'java/lang/NoSuchMethodError'{0x00000000ce0a5b50}: 'void java.lang.invoke.DirectMethodHandle$Holder.invokeStaticInit(java.lang.Object, long, int, int, int)'> (0x00000000ce0a5b50) 
thrown [open/src/hotspot/share/interpreter/linkResolver.cpp, line 781]
Event: 5.182 Thread 0x00007f0ab4028b40 Exception <a 'java/lang/NoSuchMethodError'{0x00000000ce0c1e00}: 'void java.lang.invoke.DirectMethodHandle$Holder.invokeStaticInit(java.lang.Object, long, int, int, int, int)'> (0x00000000ce0c1e00) 
thrown [open/src/hotspot/share/interpreter/linkResolver.cpp, line 781]
Event: 5.193 Thread 0x00007f0ab4028b40 Exception <a 'java/lang/NoSuchMethodError'{0x00000000ce0d0a70}: 'void java.lang.invoke.DirectMethodHandle$Holder.invokeStatic(java.lang.Object, int, int)'> (0x00000000ce0d0a70) 
thrown [open/src/hotspot/share/interpreter/linkResolver.cpp, line 781]
Event: 5.195 Thread 0x00007f0ab4028b40 Exception <a 'java/lang/NoSuchMethodError'{0x00000000ce0d41f8}: 'void java.lang.invoke.DirectMethodHandle$Holder.invokeStaticInit(java.lang.Object, int, int)'> (0x00000000ce0d41f8) 
thrown [open/src/hotspot/share/interpreter/linkResolver.cpp, line 781]
Event: 5.347 Thread 0x00007f0ab4028b40 Exception <a 'sun/nio/fs/UnixException'{0x00000000ce5100c0}> (0x00000000ce5100c0) 
thrown [open/src/hotspot/share/prims/jni.cpp, line 578]
Event: 5.380 Thread 0x00007f0ab4028b40 Exception <a 'sun/nio/fs/UnixException'{0x00000000ce52a818}> (0x00000000ce52a818) 
thrown [open/src/hotspot/share/prims/jni.cpp, line 578]

Events (20 events):
Event: 1.964 loading class java/math/BigInteger
Event: 1.975 loading class java/math/BigInteger done
Event: 1.977 loading class java/math/MutableBigInteger
Event: 1.978 loading class java/math/MutableBigInteger done
Event: 1.979 loading class java/nio/InvalidMarkException
Event: 1.980 loading class java/nio/InvalidMarkException done
Event: 1.980 loading class java/nio/BufferUnderflowException
Event: 1.980 loading class java/nio/BufferUnderflowException done
Event: 2.014 loading class java/util/function/BiPredicate
Event: 2.014 loading class java/util/function/BiPredicate done
Event: 2.067 loading class java/lang/NoSuchFieldError
Event: 2.067 loading class java/lang/NoSuchFieldError done
Event: 2.077 loading class jdk/internal/reflect/UnsafeQualifiedStaticIntegerFieldAccessorImpl
Event: 2.077 loading class jdk/internal/reflect/UnsafeQualifiedStaticIntegerFieldAccessorImpl done
Event: 5.300 Executing VM operation: G1CollectForAllocation
Event: 5.309 Executing VM operation: G1CollectForAllocation done
Event: 5.348 Loaded shared library /tmp/lwjglkarmugilan/3.3.0-build-21/liblwjgl_opengl.so
Event: 5.523 loading class java/util/function/IntFunction
Event: 5.524 loading class java/util/function/IntFunction done
Event: 5.553 Loaded shared library /tmp/lwjglkarmugilan/3.3.0-build-21/liblwjgl.so


Dynamic libraries:
cb000000-ce600000 rw-p 00000000 00:00 0 
ce600000-100000000 ---p 00000000 00:00 0 
100000000-1000e0000 rw-p 00000000 00:00 0 
1000e0000-140000000 ---p 00000000 00:00 0 
5591c6574000-5591c6575000 r-xp 00000000 08:05 2625428                    /home/karmugilan/Documents/desktop/eclipse/plugins/org.eclipse.justj.openjdk.hotspot.jre.full.linux.x86_64_15.0.2.v20210201-0955/jre/bin/java
5591c6576000-5591c6577000 r--p 00001000 08:05 2625428                    /home/karmugilan/Documents/desktop/eclipse/plugins/org.eclipse.justj.openjdk.hotspot.jre.full.linux.x86_64_15.0.2.v20210201-0955/jre/bin/java
5591c6577000-5591c6578000 rw-p 00002000 08:05 2625428                    /home/karmugilan/Documents/desktop/eclipse/plugins/org.eclipse.justj.openjdk.hotspot.jre.full.linux.x86_64_15.0.2.v20210201-0955/jre/bin/java
5591c6934000-5591c6955000 rw-p 00000000 00:00 0                          [heap]
7f0a5544c000-7f0a5564c000 rw-s 12e2a7000 00:05 469                       /dev/dri/renderD128
7f0a5564d000-7f0a556a3000 r-xp 00000000 00:26 300                        /tmp/lwjglkarmugilan/3.3.0-build-21/liblwjgl_opengl.so
7f0a556a3000-7f0a558a2000 ---p 00056000 00:26 300                        /tmp/lwjglkarmugilan/3.3.0-build-21/liblwjgl_opengl.so
7f0a558a2000-7f0a558a3000 r--p 00055000 00:26 300                        /tmp/lwjglkarmugilan/3.3.0-build-21/liblwjgl_opengl.so
7f0a558a3000-7f0a558a4000 rw-p 00056000 00:26 300                        /tmp/lwjglkarmugilan/3.3.0-build-21/liblwjgl_opengl.so
7f0a558a4000-7f0a558a5000 ---p 00000000 00:00 0 
7f0a558a5000-7f0a559a6000 rw-p 00000000 00:00 0 
7f0a559a6000-7f0a55ba6000 rw-s 1092f1000 00:05 469                       /dev/dri/renderD128
7f0a55ba9000-7f0a55baa000 ---p 00000000 00:00 0 
7f0a55baa000-7f0a563aa000 rw-p 00000000 00:00 0 
7f0a563aa000-7f0a563ab000 ---p 00000000 00:00 0 
7f0a563ab000-7f0a56bab000 rw-p 00000000 00:00 0 
7f0a56bab000-7f0a56bac000 ---p 00000000 00:00 0 
7f0a56bac000-7f0a573ac000 rw-p 00000000 00:00 0 
7f0a573ac000-7f0a573ad000 ---p 00000000 00:00 0 
7f0a573ad000-7f0a57bad000 rw-p 00000000 00:00 0 
7f0a57bad000-7f0a597c8000 r--p 00000000 08:05 136938                     /usr/lib/libicudata.so.70.1
7f0a597c8000-7f0a597c9000 r--p 01c1a000 08:05 136938                     /usr/lib/libicudata.so.70.1
7f0a597cd000-7f0a5a105000 r--p 00000000 08:05 135369                     /usr/lib/libLLVM-13.so
7f0a5a105000-7f0a5d88f000 r-xp 00938000 08:05 135369                     /usr/lib/libLLVM-13.so
7f0a5d88f000-7f0a5fa55000 r--p 040c2000 08:05 135369                     /usr/lib/libLLVM-13.so
7f0a5fa55000-7f0a5ff84000 r--p 06287000 08:05 135369                     /usr/lib/libLLVM-13.so
7f0a5ff84000-7f0a5ff8d000 rw-p 067b6000 08:05 135369                     /usr/lib/libLLVM-13.so
7f0a5ff8d000-7f0a5fffb000 rw-p 00000000 00:00 0 
7f0a60000000-7f0a60021000 rw-p 00000000 00:00 0 
7f0a60021000-7f0a64000000 ---p 00000000 00:00 0 
7f0a64045000-7f0a64245000 rw-s 111030000 00:05 469                       /dev/dri/renderD128
7f0a6424b000-7f0a6444b000 rw-s 10c406000 00:05 469                       /dev/dri/renderD128
7f0a6444d000-7f0a6458e000 rw-s 00000000 08:05 2621528                    /home/karmugilan/.cache/mesa_shader_cache/index
7f0a64594000-7f0a64595000 ---p 00000000 00:00 0 
7f0a64595000-7f0a64d95000 rw-p 00000000 00:00 0 
7f0a64d95000-7f0a64d98000 r--p 00000000 08:05 137321                     /usr/lib/liblzma.so.5.2.5
7f0a64d98000-7f0a64db0000 r-xp 00003000 08:05 137321                     /usr/lib/liblzma.so.5.2.5
7f0a64db0000-7f0a64dbb000 r--p 0001b000 08:05 137321                     /usr/lib/liblzma.so.5.2.5
7f0a64dbb000-7f0a64dbc000 ---p 00026000 08:05 137321                     /usr/lib/liblzma.so.5.2.5
7f0a64dbc000-7f0a64dbd000 r--p 00026000 08:05 137321                     /usr/lib/liblzma.so.5.2.5
7f0a64dbd000-7f0a64dbe000 rw-p 00027000 08:05 137321                     /usr/lib/liblzma.so.5.2.5
7f0a64dc5000-7f0a64e2d000 r--p 00000000 08:05 155694                     /usr/lib/libicuuc.so.70.1
7f0a64e2d000-7f0a64f1f000 r-xp 00068000 08:05 155694                     /usr/lib/libicuuc.so.70.1
7f0a64f1f000-7f0a64fab000 r--p 0015a000 08:05 155694                     /usr/lib/libicuuc.so.70.1
7f0a64fab000-7f0a64fbe000 r--p 001e5000 08:05 155694                     /usr/lib/libicuuc.so.70.1
7f0a64fbe000-7f0a64fbf000 rw-p 001f8000 08:05 155694                     /usr/lib/libicuuc.so.70.1
7f0a64fbf000-7f0a64fc1000 rw-p 00000000 00:00 0 
7f0a64fc5000-7f0a64ff4000 r--p 00000000 08:05 137588                     /usr/lib/libxml2.so.2.9.12
7f0a64ff4000-7f0a650dd000 r-xp 0002f000 08:05 137588                     /usr/lib/libxml2.so.2.9.12
7f0a650dd000-7f0a65127000 r--p 00118000 08:05 137588                     /usr/lib/libxml2.so.2.9.12
7f0a65127000-7f0a65128000 ---p 00162000 08:05 137588                     /usr/lib/libxml2.so.2.9.12
7f0a65128000-7f0a65131000 r--p 00162000 08:05 137588                     /usr/lib/libxml2.so.2.9.12
7f0a65131000-7f0a65132000 rw-p 0016b000 08:05 137588                     /usr/lib/libxml2.so.2.9.12
7f0a65132000-7f0a65133000 rw-p 00000000 00:00 0 
7f0a65135000-7f0a6514b000 r--p 00000000 08:05 137330                     /usr/lib/libncursesw.so.6.3
7f0a6514b000-7f0a6518a000 r-xp 00016000 08:05 137330                     /usr/lib/libncursesw.so.6.3
7f0a6518a000-7f0a651a2000 r--p 00055000 08:05 137330                     /usr/lib/libncursesw.so.6.3
7f0a651a2000-7f0a651a3000 ---p 0006d000 08:05 137330                     /usr/lib/libncursesw.so.6.3
7f0a651a3000-7f0a651a7000 r--p 0006d000 08:05 137330                     /usr/lib/libncursesw.so.6.3
7f0a651a7000-7f0a651a8000 rw-p 00071000 08:05 137330                     /usr/lib/libncursesw.so.6.3
7f0a651ad000-7f0a651b6000 r--p 00000000 08:05 137230                     /usr/lib/libedit.so.0.0.68
7f0a651b6000-7f0a651d3000 r-xp 00009000 08:05 137230                     /usr/lib/libedit.so.0.0.68
7f0a651d3000-7f0a651e1000 r--p 00026000 08:05 137230                     /usr/lib/libedit.so.0.0.68
7f0a651e1000-7f0a651e2000 ---p 00034000 08:05 137230                     /usr/lib/libedit.so.0.0.68
7f0a651e2000-7f0a651e4000 r--p 00034000 08:05 137230                     /usr/lib/libedit.so.0.0.68
7f0a651e4000-7f0a651e5000 rw-p 00036000 08:05 137230                     /usr/lib/libedit.so.0.0.68
7f0a651e5000-7f0a651e8000 rw-p 00000000 00:00 0 
7f0a651ed000-7f0a651ef000 r--p 00000000 08:05 140937                     /usr/lib/libffi.so.8.1.0
7f0a651ef000-7f0a651f5000 r-xp 00002000 08:05 140937                     /usr/lib/libffi.so.8.1.0
7f0a651f5000-7f0a651f7000 r--p 00008000 08:05 140937                     /usr/lib/libffi.so.8.1.0
7f0a651f7000-7f0a651f8000 r--p 00009000 08:05 140937                     /usr/lib/libffi.so.8.1.0
7f0a651f8000-7f0a651f9000 rw-p 0000a000 08:05 140937                     /usr/lib/libffi.so.8.1.0
7f0a651fd000-7f0a65200000 r--p 00000000 08:05 137254                     /usr/lib/libgcc_s.so.1
7f0a65200000-7f0a65212000 r-xp 00003000 08:05 137254                     /usr/lib/libgcc_s.so.1
7f0a65212000-7f0a65215000 r--p 00015000 08:05 137254                     /usr/lib/libgcc_s.so.1
7f0a65215000-7f0a65216000 ---p 00018000 08:05 137254                     /usr/lib/libgcc_s.so.1
7f0a65216000-7f0a65217000 r--p 00018000 08:05 137254                     /usr/lib/libgcc_s.so.1
7f0a65217000-7f0a65218000 rw-p 00019000 08:05 137254                     /usr/lib/libgcc_s.so.1
7f0a6521d000-7f0a652b6000 r--p 00000000 08:05 137431                     /usr/lib/libstdc++.so.6.0.29
7f0a652b6000-7f0a653b6000 r-xp 00099000 08:05 137431                     /usr/lib/libstdc++.so.6.0.29
7f0a653b6000-7f0a65422000 r--p 00199000 08:05 137431                     /usr/lib/libstdc++.so.6.0.29
7f0a65422000-7f0a6542f000 r--p 00204000 08:05 137431                     /usr/lib/libstdc++.so.6.0.29
7f0a6542f000-7f0a65430000 rw-p 00211000 08:05 137431                     /usr/lib/libstdc++.so.6.0.29
7f0a65430000-7f0a65433000 rw-p 00000000 00:00 0 
7f0a65435000-7f0a6544a000 r--p 00000000 08:05 141039                     /usr/lib/libvulkan.so.1.2.199
7f0a6544a000-7f0a6547b000 r-xp 00015000 08:05 141039                     /usr/lib/libvulkan.so.1.2.199
7f0a6547b000-7f0a65490000 r--p 00046000 08:05 141039                     /usr/lib/libvulkan.so.1.2.199
7f0a65490000-7f0a65491000 ---p 0005b000 08:05 141039                     /usr/lib/libvulkan.so.1.2.199
7f0a65491000-7f0a65494000 r--p 0005b000 08:05 141039                     /usr/lib/libvulkan.so.1.2.199
7f0a65494000-7f0a65495000 rw-p 0005e000 08:05 141039                     /usr/lib/libvulkan.so.1.2.199
7f0a65495000-7f0a65497000 r--p 00000000 08:05 140924                     /usr/lib/libdrm_nouveau.so.2.0.0
7f0a65497000-7f0a6549b000 r-xp 00002000 08:05 140924                     /usr/lib/libdrm_nouveau.so.2.0.0
7f0a6549b000-7f0a6549d000 r--p 00006000 08:05 140924                     /usr/lib/libdrm_nouveau.so.2.0.0
7f0a6549d000-7f0a6549e000 r--p 00007000 08:05 140924                     /usr/lib/libdrm_nouveau.so.2.0.0
7f0a6549e000-7f0a6549f000 rw-p 00008000 08:05 140924                     /usr/lib/libdrm_nouveau.so.2.0.0
7f0a654a5000-7f0a654a8000 r--p 00000000 08:05 135509                     /usr/lib/libdrm_amdgpu.so.1.0.0
7f0a654a8000-7f0a654ad000 r-xp 00003000 08:05 135509                     /usr/lib/libdrm_amdgpu.so.1.0.0
7f0a654ad000-7f0a654af000 r--p 00008000 08:05 135509                     /usr/lib/libdrm_amdgpu.so.1.0.0
7f0a654af000-7f0a654b0000 r--p 00009000 08:05 135509                     /usr/lib/libdrm_amdgpu.so.1.0.0
7f0a654b0000-7f0a654b1000 rw-p 0000a000 08:05 135509                     /usr/lib/libdrm_amdgpu.so.1.0.0
7f0a654b5000-7f0a654b8000 r--p 00000000 08:05 137226                     /usr/lib/libelf-0.186.so
7f0a654b8000-7f0a654c8000 r-xp 00003000 08:05 137226                     /usr/lib/libelf-0.186.so
7f0a654c8000-7f0a654cc000 r--p 00013000 08:05 137226                     /usr/lib/libelf-0.186.so
7f0a654cc000-7f0a654cd000 ---p 00017000 08:05 137226                     /usr/lib/libelf-0.186.so
7f0a654cd000-7f0a654ce000 r--p 00017000 08:05 137226                     /usr/lib/libelf-0.186.so
7f0a654ce000-7f0a654cf000 rw-p 00018000 08:05 137226                     /usr/lib/libelf-0.186.so
7f0a654d5000-7f0a654d7000 r--p 00000000 08:05 140927                     /usr/lib/libdrm_radeon.so.1.0.1
7f0a654d7000-7f0a654dd000 r-xp 00002000 08:05 140927                     /usr/lib/libdrm_radeon.so.1.0.1
7f0a654dd000-7f0a654e1000 r--p 00008000 08:05 140927                     /usr/lib/libdrm_radeon.so.1.0.1
7f0a654e1000-7f0a654e2000 r--p 0000b000 08:05 140927                     /usr/lib/libdrm_radeon.so.1.0.1
7f0a654e2000-7f0a654e3000 rw-p 0000c000 08:05 140927                     /usr/lib/libdrm_radeon.so.1.0.1
7f0a654e5000-7f0a654e8000 r--p 00000000 08:05 137422                     /usr/lib/libsensors.so.5.0.0
7f0a654e8000-7f0a654ef000 r-xp 00003000 08:05 137422                     /usr/lib/libsensors.so.5.0.0
7f0a654ef000-7f0a654f4000 r--p 0000a000 08:05 137422                     /usr/lib/libsensors.so.5.0.0
7f0a654f4000-7f0a654f5000 r--p 0000e000 08:05 137422                     /usr/lib/libsensors.so.5.0.0
7f0a654f5000-7f0a654f6000 rw-p 0000f000 08:05 137422                     /usr/lib/libsensors.so.5.0.0
7f0a654fd000-7f0a65502000 r--p 00000000 08:05 137498                     /usr/lib/libzstd.so.1.5.0
7f0a65502000-7f0a655f6000 r-xp 00005000 08:05 137498                     /usr/lib/libzstd.so.1.5.0
7f0a655f6000-7f0a65609000 r--p 000f9000 08:05 137498                     /usr/lib/libzstd.so.1.5.0
7f0a65609000-7f0a6560a000 ---p 0010c000 08:05 137498                     /usr/lib/libzstd.so.1.5.0
7f0a6560a000-7f0a6560b000 r--p 0010c000 08:05 137498                     /usr/lib/libzstd.so.1.5.0
7f0a6560b000-7f0a6560c000 rw-p 0010d000 08:05 137498                     /usr/lib/libzstd.so.1.5.0
7f0a6560d000-7f0a6579e000 r--p 00000000 08:05 135358                     /usr/lib/dri/radeonsi_dri.so
7f0a6579e000-7f0a66826000 r-xp 00191000 08:05 135358                     /usr/lib/dri/radeonsi_dri.so
7f0a66826000-7f0a66c90000 r--p 01219000 08:05 135358                     /usr/lib/dri/radeonsi_dri.so
7f0a66c90000-7f0a66c91000 ---p 01683000 08:05 135358                     /usr/lib/dri/radeonsi_dri.so
7f0a66c91000-7f0a66dbe000 r--p 01683000 08:05 135358                     /usr/lib/dri/radeonsi_dri.so
7f0a66dbe000-7f0a66ef3000 rw-p 017b0000 08:05 135358                     /usr/lib/dri/radeonsi_dri.so
7f0a66ef3000-7f0a67115000 rw-p 00000000 00:00 0 
7f0a67115000-7f0a67118000 r--p 00000000 08:05 137484                     /usr/lib/libxcb-xfixes.so.0.0.0
7f0a67118000-7f0a6711b000 r-xp 00003000 08:05 137484                     /usr/lib/libxcb-xfixes.so.0.0.0
7f0a6711b000-7f0a6711c000 r--p 00006000 08:05 137484                     /usr/lib/libxcb-xfixes.so.0.0.0
7f0a6711c000-7f0a6711d000 ---p 00007000 08:05 137484                     /usr/lib/libxcb-xfixes.so.0.0.0
7f0a6711d000-7f0a6711e000 r--p 00007000 08:05 137484                     /usr/lib/libxcb-xfixes.so.0.0.0
7f0a6711e000-7f0a6711f000 rw-p 00008000 08:05 137484                     /usr/lib/libxcb-xfixes.so.0.0.0
7f0a67125000-7f0a67126000 r--p 00000000 08:05 137493                     /usr/lib/libxshmfence.so.1.0.0
7f0a67126000-7f0a67127000 r-xp 00001000 08:05 137493                     /usr/lib/libxshmfence.so.1.0.0
7f0a67127000-7f0a67128000 r--p 00002000 08:05 137493                     /usr/lib/libxshmfence.so.1.0.0
7f0a67128000-7f0a67129000 r--p 00002000 08:05 137493                     /usr/lib/libxshmfence.so.1.0.0
7f0a67129000-7f0a6712a000 rw-p 00003000 08:05 137493                     /usr/lib/libxshmfence.so.1.0.0
7f0a6712d000-7f0a67130000 r--p 00000000 08:05 137482                     /usr/lib/libxcb-sync.so.1.0.0
7f0a67130000-7f0a67133000 r-xp 00003000 08:05 137482                     /usr/lib/libxcb-sync.so.1.0.0
7f0a67133000-7f0a67134000 r--p 00006000 08:05 137482                     /usr/lib/libxcb-sync.so.1.0.0
7f0a67134000-7f0a67135000 ---p 00007000 08:05 137482                     /usr/lib/libxcb-sync.so.1.0.0
7f0a67135000-7f0a67136000 r--p 00007000 08:05 137482                     /usr/lib/libxcb-sync.so.1.0.0
7f0a67136000-7f0a67137000 rw-p 00008000 08:05 137482                     /usr/lib/libxcb-sync.so.1.0.0
7f0a6713d000-7f0a6713e000 r--p 00000000 08:05 137474                     /usr/lib/libxcb-present.so.0.0.0
7f0a6713e000-7f0a6713f000 r-xp 00001000 08:05 137474                     /usr/lib/libxcb-present.so.0.0.0
7f0a6713f000-7f0a67140000 r--p 00002000 08:05 137474                     /usr/lib/libxcb-present.so.0.0.0
7f0a67140000-7f0a67141000 r--p 00002000 08:05 137474                     /usr/lib/libxcb-present.so.0.0.0
7f0a67141000-7f0a67142000 rw-p 00003000 08:05 137474                     /usr/lib/libxcb-present.so.0.0.0
7f0a67145000-7f0a67147000 r--p 00000000 08:05 137472                     /usr/lib/libxcb-dri3.so.0.0.0
7f0a67147000-7f0a67148000 r-xp 00002000 08:05 137472                     /usr/lib/libxcb-dri3.so.0.0.0
7f0a67148000-7f0a67149000 r--p 00003000 08:05 137472                     /usr/lib/libxcb-dri3.so.0.0.0
7f0a67149000-7f0a6714a000 r--p 00003000 08:05 137472                     /usr/lib/libxcb-dri3.so.0.0.0
7f0a6714a000-7f0a6714b000 rw-p 00004000 08:05 137472                     /usr/lib/libxcb-dri3.so.0.0.0
7f0a6714d000-7f0a67151000 r--p 00000000 08:05 137240                     /usr/lib/libexpat.so.1.8.1
7f0a67151000-7f0a6716f000 r-xp 00004000 08:05 137240                     /usr/lib/libexpat.so.1.8.1
7f0a6716f000-7f0a67179000 r--p 00022000 08:05 137240                     /usr/lib/libexpat.so.1.8.1
7f0a67179000-7f0a6717a000 ---p 0002c000 08:05 137240                     /usr/lib/libexpat.so.1.8.1
7f0a6717a000-7f0a6717c000 r--p 0002c000 08:05 137240                     /usr/lib/libexpat.so.1.8.1
7f0a6717c000-7f0a6717d000 rw-p 0002e000 08:05 137240                     /usr/lib/libexpat.so.1.8.1
7f0a6717d000-7f0a6717e000 r--p 00000000 08:05 137481                     /usr/lib/libxcb-shm.so.0.0.0
7f0a6717e000-7f0a6717f000 r-xp 00001000 08:05 137481                     /usr/lib/libxcb-shm.so.0.0.0
7f0a6717f000-7f0a67180000 r--p 00002000 08:05 137481                     /usr/lib/libxcb-shm.so.0.0.0
7f0a67180000-7f0a67181000 r--p 00002000 08:05 137481                     /usr/lib/libxcb-shm.so.0.0.0
7f0a67181000-7f0a67182000 rw-p 00003000 08:05 137481                     /usr/lib/libxcb-shm.so.0.0.0
7f0a67185000-7f0a67187000 r--p 00000000 08:05 137471                     /usr/lib/libxcb-dri2.so.0.0.0
7f0a67187000-7f0a67189000 r-xp 00002000 08:05 137471                     /usr/lib/libxcb-dri2.so.0.0.0
7f0a67189000-7f0a6718a000 r--p 00004000 08:05 137471                     /usr/lib/libxcb-dri2.so.0.0.0
7f0a6718a000-7f0a6718b000 r--p 00004000 08:05 137471                     /usr/lib/libxcb-dri2.so.0.0.0
7f0a6718b000-7f0a6718c000 rw-p 00005000 08:05 137471                     /usr/lib/libxcb-dri2.so.0.0.0
7f0a6718d000-7f0a67199000 r--p 00000000 08:05 137473                     /usr/lib/libxcb-glx.so.0.0.0
7f0a67199000-7f0a671a2000 r-xp 0000c000 08:05 137473                     /usr/lib/libxcb-glx.so.0.0.0
7f0a671a2000-7f0a671a7000 r--p 00015000 08:05 137473                     /usr/lib/libxcb-glx.so.0.0.0
7f0a671a7000-7f0a671a8000 ---p 0001a000 08:05 137473                     /usr/lib/libxcb-glx.so.0.0.0
7f0a671a8000-7f0a671aa000 r--p 0001a000 08:05 137473                     /usr/lib/libxcb-glx.so.0.0.0
7f0a671aa000-7f0a671ab000 rw-p 0001c000 08:05 137473                     /usr/lib/libxcb-glx.so.0.0.0
7f0a671ad000-7f0a671b2000 r--p 00000000 08:05 135503                     /usr/lib/libdrm.so.2.4.0
7f0a671b2000-7f0a671bd000 r-xp 00005000 08:05 135503                     /usr/lib/libdrm.so.2.4.0
7f0a671bd000-7f0a671c1000 r--p 00010000 08:05 135503                     /usr/lib/libdrm.so.2.4.0
7f0a671c1000-7f0a671c2000 ---p 00014000 08:05 135503                     /usr/lib/libdrm.so.2.4.0
7f0a671c2000-7f0a671c3000 r--p 00014000 08:05 135503                     /usr/lib/libdrm.so.2.4.0
7f0a671c3000-7f0a671c4000 rw-p 00015000 08:05 135503                     /usr/lib/libdrm.so.2.4.0
7f0a671c5000-7f0a671d2000 r--p 00000000 08:05 137433                     /usr/lib/libglapi.so.0.0.0
7f0a671d2000-7f0a671e0000 r-xp 0000d000 08:05 137433                     /usr/lib/libglapi.so.0.0.0
7f0a671e0000-7f0a671f9000 r--p 0001b000 08:05 137433                     /usr/lib/libglapi.so.0.0.0
7f0a671f9000-7f0a671fa000 ---p 00034000 08:05 137433                     /usr/lib/libglapi.so.0.0.0
7f0a671fa000-7f0a671fe000 r--p 00034000 08:05 137433                     /usr/lib/libglapi.so.0.0.0
7f0a671fe000-7f0a671ff000 rw-p 00038000 08:05 137433                     /usr/lib/libglapi.so.0.0.0
7f0a671ff000-7f0a67200000 rw-p 00000000 00:00 0 
7f0a67205000-7f0a6721e000 r--p 00000000 08:05 135933                     /usr/lib/libGLX_mesa.so.0.0.0
7f0a6721e000-7f0a67262000 r-xp 00019000 08:05 135933                     /usr/lib/libGLX_mesa.so.0.0.0
7f0a67262000-7f0a67279000 r--p 0005d000 08:05 135933                     /usr/lib/libGLX_mesa.so.0.0.0
7f0a67279000-7f0a6727a000 ---p 00074000 08:05 135933                     /usr/lib/libGLX_mesa.so.0.0.0
7f0a6727a000-7f0a6727d000 r--p 00074000 08:05 135933                     /usr/lib/libGLX_mesa.so.0.0.0
7f0a6727d000-7f0a6727e000 rw-p 00077000 08:05 135933                     /usr/lib/libGLX_mesa.so.0.0.0
7f0a67285000-7f0a67288000 r--p 00000000 08:05 137147                     /usr/lib/libGLX.so.0.0.0
7f0a67288000-7f0a672a2000 r-xp 00003000 08:05 137147                     /usr/lib/libGLX.so.0.0.0
7f0a672a2000-7f0a672a5000 r--p 0001d000 08:05 137147                     /usr/lib/libGLX.so.0.0.0
7f0a672a5000-7f0a672a6000 ---p 00020000 08:05 137147                     /usr/lib/libGLX.so.0.0.0
7f0a672a6000-7f0a672a7000 r--p 00020000 08:05 137147                     /usr/lib/libGLX.so.0.0.0
7f0a672a7000-7f0a672a8000 rw-p 00021000 08:05 137147                     /usr/lib/libGLX.so.0.0.0
7f0a672a8000-7f0a672b8000 rw-p 00000000 00:00 0 
7f0a672bd000-7f0a672fe000 r--p 00000000 08:05 137149                     /usr/lib/libGLdispatch.so.0.0.0
7f0a672fe000-7f0a6733c000 r-xp 00041000 08:05 137149                     /usr/lib/libGLdispatch.so.0.0.0
7f0a6733c000-7f0a6734f000 r--p 0007f000 08:05 137149                     /usr/lib/libGLdispatch.so.0.0.0
7f0a6734f000-7f0a67350000 ---p 00092000 08:05 137149                     /usr/lib/libGLdispatch.so.0.0.0
7f0a67350000-7f0a6736c000 r--p 00092000 08:05 137149                     /usr/lib/libGLdispatch.so.0.0.0
7f0a6736c000-7f0a6736d000 rw-p 000ae000 08:05 137149                     /usr/lib/libGLdispatch.so.0.0.0
7f0a6736d000-7f0a67375000 rw-p 00000000 00:00 0 
7f0a67375000-7f0a673b7000 r--p 00000000 08:05 137145                     /usr/lib/libGL.so.1.7.0
7f0a673b7000-7f0a673d6000 r-xp 00042000 08:05 137145                     /usr/lib/libGL.so.1.7.0
7f0a673d6000-7f0a673eb000 r--p 00061000 08:05 137145                     /usr/lib/libGL.so.1.7.0
7f0a673eb000-7f0a673f9000 r--p 00075000 08:05 137145                     /usr/lib/libGL.so.1.7.0
7f0a673f9000-7f0a673fa000 rw-p 00083000 08:05 137145                     /usr/lib/libGL.so.1.7.0
7f0a673fa000-7f0a673fb000 rw-p 00000000 00:00 0 
7f0a673fd000-7f0a673ff000 r--p 00000000 08:05 137163                     /usr/lib/libXfixes.so.3.1.0
7f0a673ff000-7f0a67402000 r-xp 00002000 08:05 137163                     /usr/lib/libXfixes.so.3.1.0
7f0a67402000-7f0a67403000 r--p 00005000 08:05 137163                     /usr/lib/libXfixes.so.3.1.0
7f0a67403000-7f0a67404000 ---p 00006000 08:05 137163                     /usr/lib/libXfixes.so.3.1.0
7f0a67404000-7f0a67405000 r--p 00006000 08:05 137163                     /usr/lib/libXfixes.so.3.1.0
7f0a67405000-7f0a67406000 rw-p 00007000 08:05 137163                     /usr/lib/libXfixes.so.3.1.0
7f0a6740d000-7f0a67410000 r--p 00000000 08:05 146294                     /usr/lib/libXcursor.so.1.0.2
7f0a67410000-7f0a67415000 r-xp 00003000 08:05 146294                     /usr/lib/libXcursor.so.1.0.2
7f0a67415000-7f0a67417000 r--p 00008000 08:05 146294                     /usr/lib/libXcursor.so.1.0.2
7f0a67417000-7f0a67418000 r--p 00009000 08:05 146294                     /usr/lib/libXcursor.so.1.0.2
7f0a67418000-7f0a67419000 rw-p 0000a000 08:05 146294                     /usr/lib/libXcursor.so.1.0.2
7f0a6741d000-7f0a6741f000 r--p 00000000 08:05 146303                     /usr/lib/libXrender.so.1.3.0
7f0a6741f000-7f0a67426000 r-xp 00002000 08:05 146303                     /usr/lib/libXrender.so.1.3.0
7f0a67426000-7f0a67428000 r--p 00009000 08:05 146303                     /usr/lib/libXrender.so.1.3.0
7f0a67428000-7f0a67429000 r--p 0000a000 08:05 146303                     /usr/lib/libXrender.so.1.3.0
7f0a67429000-7f0a6742a000 rw-p 0000b000 08:05 146303                     /usr/lib/libXrender.so.1.3.0
7f0a6742d000-7f0a6742f000 r--p 00000000 08:05 146302                     /usr/lib/libXrandr.so.2.2.0
7f0a6742f000-7f0a67436000 r-xp 00002000 08:05 146302                     /usr/lib/libXrandr.so.2.2.0
7f0a67436000-7f0a67438000 r--p 00009000 08:05 146302                     /usr/lib/libXrandr.so.2.2.0
7f0a67438000-7f0a67439000 r--p 0000a000 08:05 146302                     /usr/lib/libXrandr.so.2.2.0
7f0a67439000-7f0a6743a000 rw-p 0000b000 08:05 146302                     /usr/lib/libXrandr.so.2.2.0
7f0a6743d000-7f0a67440000 r--p 00000000 08:05 146297                     /usr/lib/libXi.so.6.1.0
7f0a67440000-7f0a6744c000 r-xp 00003000 08:05 146297                     /usr/lib/libXi.so.6.1.0
7f0a6744c000-7f0a6744f000 r--p 0000f000 08:05 146297                     /usr/lib/libXi.so.6.1.0
7f0a6744f000-7f0a67450000 r--p 00011000 08:05 146297                     /usr/lib/libXi.so.6.1.0
7f0a67450000-7f0a67451000 rw-p 00012000 08:05 146297                     /usr/lib/libXi.so.6.1.0
7f0a67455000-7f0a67459000 r--p 00000000 08:05 137162                     /usr/lib/libXext.so.6.4.0
7f0a67459000-7f0a67464000 r-xp 00004000 08:05 137162                     /usr/lib/libXext.so.6.4.0
7f0a67464000-7f0a67468000 r--p 0000f000 08:05 137162                     /usr/lib/libXext.so.6.4.0
7f0a67468000-7f0a67469000 r--p 00012000 08:05 137162                     /usr/lib/libXext.so.6.4.0
7f0a67469000-7f0a6746a000 rw-p 00013000 08:05 137162                     /usr/lib/libXext.so.6.4.0
7f0a6746d000-7f0a67479000 r--p 00000000 08:05 137491                     /usr/lib/libxcb.so.1.1.0
7f0a67479000-7f0a6748c000 r-xp 0000c000 08:05 137491                     /usr/lib/libxcb.so.1.1.0
7f0a6748c000-7f0a67495000 r--p 0001f000 08:05 137491                     /usr/lib/libxcb.so.1.1.0
7f0a67495000-7f0a67496000 r--p 00027000 08:05 137491                     /usr/lib/libxcb.so.1.1.0
7f0a67496000-7f0a67497000 rw-p 00028000 08:05 137491                     /usr/lib/libxcb.so.1.1.0
7f0a6749d000-7f0a674b9000 r--p 00000000 08:05 137158                     /usr/lib/libX11.so.6.4.0
7f0a674b9000-7f0a67543000 r-xp 0001c000 08:05 137158                     /usr/lib/libX11.so.6.4.0
7f0a67543000-7f0a675d7000 r--p 000a6000 08:05 137158                     /usr/lib/libX11.so.6.4.0
7f0a675d7000-7f0a675da000 r--p 00139000 08:05 137158                     /usr/lib/libX11.so.6.4.0
7f0a675da000-7f0a675de000 rw-p 0013c000 08:05 137158                     /usr/lib/libX11.so.6.4.0
7f0a675fd000-7f0a675fe000 rw-s 00000000 00:01 2753                       /memfd:xshmfence (deleted)
7f0a67605000-7f0a67606000 rw-s 00000000 00:01 2754                       /memfd:xshmfence (deleted)
7f0a6760c000-7f0a6760d000 rw-s 11ab17000 00:05 469                       /dev/dri/renderD128
7f0a67610000-7f0a67611000 rw-s 122a73000 00:05 469                       /dev/dri/renderD128
7f0a67614000-7f0a677d4000 rw-p 00000000 00:00 0 
7f0a677d4000-7f0a67814000 ---p 00000000 00:00 0 
7f0a67815000-7f0a6786c000 r-xp 00000000 00:26 299                        /tmp/lwjglkarmugilan/3.3.0-build-21/libglfw.so
7f0a6786c000-7f0a67a6b000 ---p 00057000 00:26 299                        /tmp/lwjglkarmugilan/3.3.0-build-21/libglfw.so
7f0a67a6b000-7f0a67a6e000 r--p 00056000 00:26 299                        /tmp/lwjglkarmugilan/3.3.0-build-21/libglfw.so
7f0a67a6e000-7f0a67a70000 rw-p 00059000 00:26 299                        /tmp/lwjglkarmugilan/3.3.0-build-21/libglfw.so
7f0a67a70000-7f0a67a93000 rw-p 00000000 00:00 0 
7f0a67a95000-7f0a67af4000 r-xp 00000000 00:26 298                        /tmp/lwjglkarmugilan/3.3.0-build-21/liblwjgl.so
7f0a67af4000-7f0a67cf3000 ---p 0005f000 00:26 298                        /tmp/lwjglkarmugilan/3.3.0-build-21/liblwjgl.so
7f0a67cf3000-7f0a67cf4000 r--p 0005e000 00:26 298                        /tmp/lwjglkarmugilan/3.3.0-build-21/liblwjgl.so
7f0a67cf4000-7f0a67cf5000 rw-p 0005f000 00:26 298                        /tmp/lwjglkarmugilan/3.3.0-build-21/liblwjgl.so
7f0a67cfc000-7f0a67d00000 ---p 00000000 00:00 0 
7f0a67d00000-7f0a67dfd000 rw-p 00000000 00:00 0 
7f0a67dfd000-7f0a67dfe000 ---p 00000000 00:00 0 
7f0a67dfe000-7f0a67eff000 rw-p 00000000 00:00 0 
7f0a67eff000-7f0a67f03000 ---p 00000000 00:00 0 
7f0a67f03000-7f0a68000000 rw-p 00000000 00:00 0 
7f0a68000000-7f0a6816f000 rw-p 00000000 00:00 0 
7f0a6816f000-7f0a6c000000 ---p 00000000 00:00 0 
7f0a6c000000-7f0a6c021000 rw-p 00000000 00:00 0 
7f0a6c021000-7f0a70000000 ---p 00000000 00:00 0 
7f0a70000000-7f0a70021000 rw-p 00000000 00:00 0 
7f0a70021000-7f0a74000000 ---p 00000000 00:00 0 
7f0a74000000-7f0a742d6000 rw-p 00000000 00:00 0 
7f0a742d6000-7f0a78000000 ---p 00000000 00:00 0 
7f0a78000000-7f0a78021000 rw-p 00000000 00:00 0 
7f0a78021000-7f0a7c000000 ---p 00000000 00:00 0 
7f0a7c000000-7f0a7c021000 rw-p 00000000 00:00 0 
7f0a7c021000-7f0a80000000 ---p 00000000 00:00 0 
7f0a80000000-7f0a80021000 rw-p 00000000 00:00 0 
7f0a80021000-7f0a84000000 ---p 00000000 00:00 0 
7f0a84000000-7f0a84021000 rw-p 00000000 00:00 0 
7f0a84021000-7f0a88000000 ---p 00000000 00:00 0 
7f0a88000000-7f0a88021000 rw-p 00000000 00:00 0 
7f0a88021000-7f0a8c000000 ---p 00000000 00:00 0 
7f0a8c000000-7f0a8c021000 rw-p 00000000 00:00 0 
7f0a8c021000-7f0a90000000 ---p 00000000 00:00 0 
7f0a90000000-7f0a90021000 rw-p 00000000 00:00 0 
7f0a90021000-7f0a94000000 ---p 00000000 00:00 0 
7f0a94000000-7f0a94021000 rw-p 00000000 00:00 0 
7f0a94021000-7f0a98000000 ---p 00000000 00:00 0 
7f0a98000000-7f0a98021000 rw-p 00000000 00:00 0 
7f0a98021000-7f0a9c000000 ---p 00000000 00:00 0 
7f0a9c005000-7f0a9c006000 r--p 00000000 08:05 137157                     /usr/lib/libX11-xcb.so.1.0.0
7f0a9c006000-7f0a9c007000 r-xp 00001000 08:05 137157                     /usr/lib/libX11-xcb.so.1.0.0
7f0a9c007000-7f0a9c008000 r--p 00002000 08:05 137157                     /usr/lib/libX11-xcb.so.1.0.0
7f0a9c008000-7f0a9c009000 r--p 00002000 08:05 137157                     /usr/lib/libX11-xcb.so.1.0.0
7f0a9c009000-7f0a9c00a000 rw-p 00003000 08:05 137157                     /usr/lib/libX11-xcb.so.1.0.0
7f0a9c00d000-7f0a9c00e000 r--p 00000000 08:05 137164                     /usr/lib/libXxf86vm.so.1.0.0
7f0a9c00e000-7f0a9c011000 r-xp 00001000 08:05 137164                     /usr/lib/libXxf86vm.so.1.0.0
7f0a9c011000-7f0a9c012000 r--p 00004000 08:05 137164                     /usr/lib/libXxf86vm.so.1.0.0
7f0a9c012000-7f0a9c013000 r--p 00004000 08:05 137164                     /usr/lib/libXxf86vm.so.1.0.0
7f0a9c013000-7f0a9c014000 rw-p 00005000 08:05 137164                     /usr/lib/libXxf86vm.so.1.0.0
7f0a9c015000-7f0a9c017000 r--p 00000000 08:05 137161                     /usr/lib/libXdmcp.so.6.0.0
7f0a9c017000-7f0a9c019000 r-xp 00002000 08:05 137161                     /usr/lib/libXdmcp.so.6.0.0
7f0a9c019000-7f0a9c01b000 r--p 00004000 08:05 137161                     /usr/lib/libXdmcp.so.6.0.0
7f0a9c01b000-7f0a9c01c000 r--p 00005000 08:05 137161                     /usr/lib/libXdmcp.so.6.0.0
7f0a9c01c000-7f0a9c01d000 rw-p 00006000 08:05 137161                     /usr/lib/libXdmcp.so.6.0.0
7f0a9c024000-7f0a9c055000 rw-p 00000000 00:00 0 
7f0a9c055000-7f0a9c06a000 r-xp 00000000 08:05 2625506                    /home/karmugilan/Documents/desktop/eclipse/plugins/org.eclipse.justj.openjdk.hotspot.jre.full.linux.x86_64_15.0.2.v20210201-0955/jre/lib/libnet.so
7f0a9c06a000-7f0a9c06b000 r--p 00014000 08:05 2625506                    /home/karmugilan/Documents/desktop/eclipse/plugins/org.eclipse.justj.openjdk.hotspot.jre.full.linux.x86_64_15.0.2.v20210201-0955/jre/lib/libnet.so
7f0a9c06b000-7f0a9c06c000 rw-p 00015000 08:05 2625506                    /home/karmugilan/Documents/desktop/eclipse/plugins/org.eclipse.justj.openjdk.hotspot.jre.full.linux.x86_64_15.0.2.v20210201-0955/jre/lib/libnet.so
7f0a9c070000-7f0a9c074000 ---p 00000000 00:00 0 
7f0a9c074000-7f0a9c171000 rw-p 00000000 00:00 0 
7f0a9c171000-7f0a9c175000 ---p 00000000 00:00 0 
7f0a9c175000-7f0a9c272000 rw-p 00000000 00:00 0 
7f0a9c272000-7f0a9c276000 ---p 00000000 00:00 0 
7f0a9c276000-7f0a9c373000 rw-p 00000000 00:00 0 
7f0a9c373000-7f0a9c377000 ---p 00000000 00:00 0 
7f0a9c377000-7f0a9c474000 rw-p 00000000 00:00 0 
7f0a9c474000-7f0a9c478000 ---p 00000000 00:00 0 
7f0a9c478000-7f0a9c575000 rw-p 00000000 00:00 0 
7f0a9c575000-7f0a9c85d000 r--p 00000000 08:05 140811                     /usr/lib/locale/locale-archive
7f0a9c85f000-7f0a9c863000 ---p 00000000 00:00 0 
7f0a9c863000-7f0a9c960000 rw-p 00000000 00:00 0 
7f0a9c960000-7f0a9c964000 ---p 00000000 00:00 0 
7f0a9c964000-7f0a9ca61000 rw-p 00000000 00:00 0 
7f0a9ca61000-7f0a9ca62000 ---p 00000000 00:00 0 
7f0a9ca62000-7f0a9d480000 rw-p 00000000 00:00 0 
7f0a9d481000-7f0a9d482000 ---p 00000000 00:00 0 
7f0a9d482000-7f0a9d583000 rw-p 00000000 00:00 0 
7f0a9d583000-7f0a9d584000 ---p 00000000 00:00 0 
7f0a9d584000-7f0a9f887000 rw-p 00000000 00:00 0 
7f0a9f887000-7f0a9f888000 ---p 00000000 00:00 0 
7f0a9f888000-7f0a9f989000 rw-p 00000000 00:00 0 
7f0a9f989000-7f0a9f98a000 ---p 00000000 00:00 0 
7f0a9f98a000-7f0a9fa8b000 rw-p 00000000 00:00 0 
7f0a9fa8b000-7f0a9fa8c000 ---p 00000000 00:00 0 
7f0a9fa8c000-7f0a9fc65000 rw-p 00000000 00:00 0 
7f0a9fc65000-7f0aa08cd000 ---p 00000000 00:00 0 
7f0aa08cd000-7f0aa09a5000 rw-p 00000000 00:00 0 
7f0aa09a5000-7f0aa160d000 ---p 00000000 00:00 0 
7f0aa160d000-7f0aa187d000 rwxp 00000000 00:00 0 
7f0aa187d000-7f0aa1b9c000 ---p 00000000 00:00 0 
7f0aa1b9c000-7f0aa1e0c000 rwxp 00000000 00:00 0 
7f0aa1e0c000-7f0aa90d4000 ---p 00000000 00:00 0 
7f0aa90d4000-7f0aa9344000 rwxp 00000000 00:00 0 
7f0aa9344000-7f0ab060d000 ---p 00000000 00:00 0 
7f0ab060d000-7f0ab3ffe000 r--s 00000000 08:05 2625516                    /home/karmugilan/Documents/desktop/eclipse/plugins/org.eclipse.justj.openjdk.hotspot.jre.full.linux.x86_64_15.0.2.v20210201-0955/jre/lib/modules
7f0ab4000000-7f0ab4bdf000 rw-p 00000000 00:00 0 
7f0ab4bdf000-7f0ab8000000 ---p 00000000 00:00 0 
7f0ab8005000-7f0ab8006000 r--p 00000000 08:05 146298                     /usr/lib/libXinerama.so.1.0.0
7f0ab8006000-7f0ab8007000 r-xp 00001000 08:05 146298                     /usr/lib/libXinerama.so.1.0.0
7f0ab8007000-7f0ab8008000 r--p 00002000 08:05 146298                     /usr/lib/libXinerama.so.1.0.0
7f0ab8008000-7f0ab8009000 r--p 00002000 08:05 146298                     /usr/lib/libXinerama.so.1.0.0
7f0ab8009000-7f0ab800a000 rw-p 00003000 08:05 146298                     /usr/lib/libXinerama.so.1.0.0
7f0ab800d000-7f0ab800e000 r--p 00000000 08:05 137159                     /usr/lib/libXau.so.6.0.0
7f0ab800e000-7f0ab800f000 r-xp 00001000 08:05 137159                     /usr/lib/libXau.so.6.0.0
7f0ab800f000-7f0ab8010000 r--p 00002000 08:05 137159                     /usr/lib/libXau.so.6.0.0
7f0ab8010000-7f0ab8011000 r--p 00002000 08:05 137159                     /usr/lib/libXau.so.6.0.0
7f0ab8011000-7f0ab8012000 rw-p 00003000 08:05 137159                     /usr/lib/libXau.so.6.0.0
7f0ab8015000-7f0ab8027000 r-xp 00000000 08:05 2625507                    /home/karmugilan/Documents/desktop/eclipse/plugins/org.eclipse.justj.openjdk.hotspot.jre.full.linux.x86_64_15.0.2.v20210201-0955/jre/lib/libnio.so
7f0ab8027000-7f0ab8028000 r--p 00011000 08:05 2625507                    /home/karmugilan/Documents/desktop/eclipse/plugins/org.eclipse.justj.openjdk.hotspot.jre.full.linux.x86_64_15.0.2.v20210201-0955/jre/lib/libnio.so
7f0ab8028000-7f0ab8029000 rw-p 00012000 08:05 2625507                    /home/karmugilan/Documents/desktop/eclipse/plugins/org.eclipse.justj.openjdk.hotspot.jre.full.linux.x86_64_15.0.2.v20210201-0955/jre/lib/libnio.so
7f0ab802d000-7f0ab8034000 r-xp 00000000 08:05 2625515                    /home/karmugilan/Documents/desktop/eclipse/plugins/org.eclipse.justj.openjdk.hotspot.jre.full.linux.x86_64_15.0.2.v20210201-0955/jre/lib/libzip.so
7f0ab8034000-7f0ab8035000 ---p 00007000 08:05 2625515                    /home/karmugilan/Documents/desktop/eclipse/plugins/org.eclipse.justj.openjdk.hotspot.jre.full.linux.x86_64_15.0.2.v20210201-0955/jre/lib/libzip.so
7f0ab8035000-7f0ab8036000 r--p 00007000 08:05 2625515                    /home/karmugilan/Documents/desktop/eclipse/plugins/org.eclipse.justj.openjdk.hotspot.jre.full.linux.x86_64_15.0.2.v20210201-0955/jre/lib/libzip.so
7f0ab8036000-7f0ab8037000 rw-p 00008000 08:05 2625515                    /home/karmugilan/Documents/desktop/eclipse/plugins/org.eclipse.justj.openjdk.hotspot.jre.full.linux.x86_64_15.0.2.v20210201-0955/jre/lib/libzip.so
7f0ab803e000-7f0ab80b8000 rw-p 00000000 00:00 0 
7f0ab80b8000-7f0ab8245000 ---p 00000000 00:00 0 
7f0ab8245000-7f0ab8260000 rw-p 00000000 00:00 0 
7f0ab8260000-7f0ab83ed000 ---p 00000000 00:00 0 
7f0ab83ed000-7f0ab8408000 rw-p 00000000 00:00 0 
7f0ab8408000-7f0ab8595000 ---p 00000000 00:00 0 
7f0ab8595000-7f0ab879c000 rw-p 00000000 00:00 0 
7f0ab879c000-7f0ab8882000 ---p 00000000 00:00 0 
7f0ab8882000-7f0ab8887000 rw-p 00000000 00:00 0 
7f0ab8887000-7f0ab896d000 ---p 00000000 00:00 0 
7f0ab896d000-7f0ab8970000 r--p 00000000 08:05 137366                     /usr/lib/libnss_files-2.33.so
7f0ab8970000-7f0ab8977000 r-xp 00003000 08:05 137366                     /usr/lib/libnss_files-2.33.so
7f0ab8977000-7f0ab8979000 r--p 0000a000 08:05 137366                     /usr/lib/libnss_files-2.33.so
7f0ab8979000-7f0ab897a000 r--p 0000b000 08:05 137366                     /usr/lib/libnss_files-2.33.so
7f0ab897a000-7f0ab897b000 rw-p 0000c000 08:05 137366                     /usr/lib/libnss_files-2.33.so
7f0ab897b000-7f0ab8986000 rw-p 00000000 00:00 0 
7f0ab8986000-7f0ab898d000 ---p 00000000 00:00 0 
7f0ab898d000-7f0ab89b1000 r-xp 00000000 08:05 2625493                    /home/karmugilan/Documents/desktop/eclipse/plugins/org.eclipse.justj.openjdk.hotspot.jre.full.linux.x86_64_15.0.2.v20210201-0955/jre/lib/libjava.so
7f0ab89b1000-7f0ab89b2000 ---p 00024000 08:05 2625493                    /home/karmugilan/Documents/desktop/eclipse/plugins/org.eclipse.justj.openjdk.hotspot.jre.full.linux.x86_64_15.0.2.v20210201-0955/jre/lib/libjava.so
7f0ab89b2000-7f0ab89b3000 r--p 00024000 08:05 2625493                    /home/karmugilan/Documents/desktop/eclipse/plugins/org.eclipse.justj.openjdk.hotspot.jre.full.linux.x86_64_15.0.2.v20210201-0955/jre/lib/libjava.so
7f0ab89b3000-7f0ab89b4000 rw-p 00025000 08:05 2625493                    /home/karmugilan/Documents/desktop/eclipse/plugins/org.eclipse.justj.openjdk.hotspot.jre.full.linux.x86_64_15.0.2.v20210201-0955/jre/lib/libjava.so
7f0ab89b4000-7f0ab89b5000 rw-p 00000000 00:00 0 
7f0ab89b5000-7f0ab89b8000 r--p 00000000 08:05 137417                     /usr/lib/librt-2.33.so
7f0ab89b8000-7f0ab89bc000 r-xp 00003000 08:05 137417                     /usr/lib/librt-2.33.so
7f0ab89bc000-7f0ab89be000 r--p 00007000 08:05 137417                     /usr/lib/librt-2.33.so
7f0ab89be000-7f0ab89bf000 r--p 00008000 08:05 137417                     /usr/lib/librt-2.33.so
7f0ab89bf000-7f0ab89c0000 rw-p 00009000 08:05 137417                     /usr/lib/librt-2.33.so
7f0ab89c4000-7f0ab89c8000 ---p 00000000 00:00 0 
7f0ab89c8000-7f0ab8ac5000 rw-p 00000000 00:00 0 
7f0ab8ac5000-7f0ab8ad4000 r--p 00000000 08:05 137324                     /usr/lib/libm-2.33.so
7f0ab8ad4000-7f0ab8b6e000 r-xp 0000f000 08:05 137324                     /usr/lib/libm-2.33.so
7f0ab8b6e000-7f0ab8c06000 r--p 000a9000 08:05 137324                     /usr/lib/libm-2.33.so
7f0ab8c06000-7f0ab8c07000 ---p 00141000 08:05 137324                     /usr/lib/libm-2.33.so
7f0ab8c07000-7f0ab8c08000 r--p 00141000 08:05 137324                     /usr/lib/libm-2.33.so
7f0ab8c08000-7f0ab8c09000 rw-p 00142000 08:05 137324                     /usr/lib/libm-2.33.so
7f0ab8c0d000-7f0ab9c54000 r-xp 00000000 08:05 2625707                    /home/karmugilan/Documents/desktop/eclipse/plugins/org.eclipse.justj.openjdk.hotspot.jre.full.linux.x86_64_15.0.2.v20210201-0955/jre/lib/server/libjvm.so
7f0ab9c54000-7f0ab9c55000 ---p 01047000 08:05 2625707                    /home/karmugilan/Documents/desktop/eclipse/plugins/org.eclipse.justj.openjdk.hotspot.jre.full.linux.x86_64_15.0.2.v20210201-0955/jre/lib/server/libjvm.so
7f0ab9c55000-7f0ab9cef000 r--p 01047000 08:05 2625707                    /home/karmugilan/Documents/desktop/eclipse/plugins/org.eclipse.justj.openjdk.hotspot.jre.full.linux.x86_64_15.0.2.v20210201-0955/jre/lib/server/libjvm.so
7f0ab9cef000-7f0ab9d26000 rw-p 010e1000 08:05 2625707                    /home/karmugilan/Documents/desktop/eclipse/plugins/org.eclipse.justj.openjdk.hotspot.jre.full.linux.x86_64_15.0.2.v20210201-0955/jre/lib/server/libjvm.so
7f0ab9d26000-7f0ab9daf000 rw-p 00000000 00:00 0 
7f0ab9db5000-7f0ab9ddb000 r--p 00000000 08:05 137192                     /usr/lib/libc-2.33.so
7f0ab9ddb000-7f0ab9f26000 r-xp 00026000 08:05 137192                     /usr/lib/libc-2.33.so
7f0ab9f26000-7f0ab9f72000 r--p 00171000 08:05 137192                     /usr/lib/libc-2.33.so
7f0ab9f72000-7f0ab9f75000 r--p 001bc000 08:05 137192                     /usr/lib/libc-2.33.so
7f0ab9f75000-7f0ab9f78000 rw-p 001bf000 08:05 137192                     /usr/lib/libc-2.33.so
7f0ab9f78000-7f0ab9f81000 rw-p 00000000 00:00 0 
7f0ab9f85000-7f0ab9f87000 r--p 00000000 08:05 137217                     /usr/lib/libdl-2.33.so
7f0ab9f87000-7f0ab9f89000 r-xp 00002000 08:05 137217                     /usr/lib/libdl-2.33.so
7f0ab9f89000-7f0ab9f8a000 r--p 00004000 08:05 137217                     /usr/lib/libdl-2.33.so
7f0ab9f8a000-7f0ab9f8b000 r--p 00004000 08:05 137217                     /usr/lib/libdl-2.33.so
7f0ab9f8b000-7f0ab9f8c000 rw-p 00005000 08:05 137217                     /usr/lib/libdl-2.33.so
7f0ab9f8d000-7f0ab9f94000 r--p 00000000 08:05 137406                     /usr/lib/libpthread-2.33.so
7f0ab9f94000-7f0ab9fa3000 r-xp 00007000 08:05 137406                     /usr/lib/libpthread-2.33.so
7f0ab9fa3000-7f0ab9fa7000 r--p 00016000 08:05 137406                     /usr/lib/libpthread-2.33.so
7f0ab9fa7000-7f0ab9fa8000 ---p 0001a000 08:05 137406                     /usr/lib/libpthread-2.33.so
7f0ab9fa8000-7f0ab9fa9000 r--p 0001a000 08:05 137406                     /usr/lib/libpthread-2.33.so
7f0ab9fa9000-7f0ab9faa000 rw-p 0001b000 08:05 137406                     /usr/lib/libpthread-2.33.so
7f0ab9faa000-7f0ab9fae000 rw-p 00000000 00:00 0 
7f0ab9fb5000-7f0ab9fc4000 r-xp 00000000 08:05 2625498                    /home/karmugilan/Documents/desktop/eclipse/plugins/org.eclipse.justj.openjdk.hotspot.jre.full.linux.x86_64_15.0.2.v20210201-0955/jre/lib/libjli.so
7f0ab9fc4000-7f0ab9fc5000 r--p 0000e000 08:05 2625498                    /home/karmugilan/Documents/desktop/eclipse/plugins/org.eclipse.justj.openjdk.hotspot.jre.full.linux.x86_64_15.0.2.v20210201-0955/jre/lib/libjli.so
7f0ab9fc5000-7f0ab9fc6000 rw-p 0000f000 08:05 2625498                    /home/karmugilan/Documents/desktop/eclipse/plugins/org.eclipse.justj.openjdk.hotspot.jre.full.linux.x86_64_15.0.2.v20210201-0955/jre/lib/libjli.so
7f0ab9fcd000-7f0ab9fd0000 r--p 00000000 08:05 137497                     /usr/lib/libz.so.1.2.11
7f0ab9fd0000-7f0ab9fde000 r-xp 00003000 08:05 137497                     /usr/lib/libz.so.1.2.11
7f0ab9fde000-7f0ab9fe4000 r--p 00011000 08:05 137497                     /usr/lib/libz.so.1.2.11
7f0ab9fe4000-7f0ab9fe5000 ---p 00017000 08:05 137497                     /usr/lib/libz.so.1.2.11
7f0ab9fe5000-7f0ab9fe6000 r--p 00017000 08:05 137497                     /usr/lib/libz.so.1.2.11
7f0ab9fe6000-7f0ab9fe7000 rw-p 00018000 08:05 137497                     /usr/lib/libz.so.1.2.11
7f0ab9fed000-7f0ab9ff5000 rw-s 00000000 00:26 317                        /tmp/hsperfdata_karmugilan/9117
7f0ab9ff7000-7f0ab9ff8000 rwxp 00000000 00:00 0 
7f0ab9ff8000-7f0ab9ff9000 rw-p 00000000 00:00 0 
7f0ab9ff9000-7f0ab9ffa000 r-xp 00049000 00:26 298                        /tmp/lwjglkarmugilan/3.3.0-build-21/liblwjgl.so
7f0ab9ffa000-7f0ab9ffb000 rw-p 00000000 00:00 0 
7f0ab9ffb000-7f0ab9ffc000 ---p 00000000 00:00 0 
7f0ab9ffc000-7f0ab9ffd000 r--p 00000000 00:00 0 
7f0ab9ffd000-7f0aba019000 r-xp 00000000 08:05 2625497                    /home/karmugilan/Documents/desktop/eclipse/plugins/org.eclipse.justj.openjdk.hotspot.jre.full.linux.x86_64_15.0.2.v20210201-0955/jre/lib/libjimage.so
7f0aba019000-7f0aba01b000 r--p 0001b000 08:05 2625497                    /home/karmugilan/Documents/desktop/eclipse/plugins/org.eclipse.justj.openjdk.hotspot.jre.full.linux.x86_64_15.0.2.v20210201-0955/jre/lib/libjimage.so
7f0aba01b000-7f0aba01c000 rw-p 0001d000 08:05 2625497                    /home/karmugilan/Documents/desktop/eclipse/plugins/org.eclipse.justj.openjdk.hotspot.jre.full.linux.x86_64_15.0.2.v20210201-0955/jre/lib/libjimage.so
7f0aba01c000-7f0aba01d000 ---p 00000000 00:00 0 
7f0aba01d000-7f0aba01e000 r--p 00000000 08:05 137140                     /usr/lib/ld-2.33.so
7f0aba01e000-7f0aba042000 r-xp 00001000 08:05 137140                     /usr/lib/ld-2.33.so
7f0aba042000-7f0aba04b000 r--p 00025000 08:05 137140                     /usr/lib/ld-2.33.so
7f0aba04b000-7f0aba04d000 r--p 0002d000 08:05 137140                     /usr/lib/ld-2.33.so
7f0aba04d000-7f0aba04f000 rw-p 0002f000 08:05 137140                     /usr/lib/ld-2.33.so
7f0aba04f000-7f0aba055000 rw-p 00000000 00:00 0 
7ffdf294b000-7ffdf296d000 rw-p 00000000 00:00 0                          [stack]
7ffdf2985000-7ffdf2989000 r--p 00000000 00:00 0                          [vvar]
7ffdf2989000-7ffdf298b000 r-xp 00000000 00:00 0                          [vdso]
ffffffffff600000-ffffffffff601000 --xp 00000000 00:00 0                  [vsyscall]


VM Arguments:
jvm_args: -Dfile.encoding=UTF-8 -XX:+ShowCodeDetailsInExceptionMessages 
java_command: mario.Main
java_class_path (initial): /home/karmugilan/Documents/eclipse-workspace/twodengine/mario/lib/bin/main:/home/karmugilan/.gradle/caches/modules-2/files-2.1/org.apache.commons/commons-math3/3.6.1/e4ba98f1d4b3c80ec46392f25e094a6a2e58fcbf/commons-math3-3.6.1.jar:/home/karmugilan/.gradle/caches/modules-2/files-2.1/com.google.guava/guava/29.0-jre/801142b4c3d0f0770dd29abea50906cacfddd447/guava-29.0-jre.jar:/home/karmugilan/.gradle/caches/modules-2/files-2.1/org.lwjgl/lwjgl-assimp/3.3.0/82135e856184e76d38a97f729141298d3edcf0e4/lwjgl-assimp-3.3.0.jar:/home/karmugilan/.gradle/caches/modules-2/files-2.1/org.lwjgl/lwjgl-glfw/3.3.0/899e34f314525596f8fdb6476d3e56104da4601d/lwjgl-glfw-3.3.0.jar:/home/karmugilan/.gradle/caches/modules-2/files-2.1/org.lwjgl/lwjgl-nfd/3.3.0/6d0e4be3e2811979b3cad55f642c5b13559fa202/lwjgl-nfd-3.3.0.jar:/home/karmugilan/.gradle/caches/modules-2/files-2.1/org.lwjgl/lwjgl-openal/3.3.0/902dd57b5a46e8a75ee843c2db61f80b4d130d48/lwjgl-openal-3.3.0.jar:/home/karmugilan/.gradle/caches/modules-2/files-2.1/org.lwjgl/lwjgl-opengl/3.3.0/a1f395f7758a3abd5aff75fc8a20368ac371631e/lwjgl-opengl-3.3.0.jar:/home/karmugilan/.gradle/caches/modules-2/files-2.1/org.lwjgl/lwjgl-stb/3.3.0/69becce49e19671fccca33bfb273231055bd9fcf/lwjgl-stb-3.3.0.jar:/home/karmugilan/.gradle/caches/modules-2/files-2.1/org.lwjgl/lwjgl/3.3.0/77b0dc0b6a6c82fb47368e73d55e23fdcfcf49a1/lwjgl-3.3.0.jar:/home/karmugilan/.gradle/caches/modules-2/files-2.1/org.joml/joml/1.10.2/194a5217c25777c5f9f9de354de7c2c894e618c9/joml-1.10.2.jar:/home/karmugilan/.gradle/caches/modules-2/files-2.1/com.google.guava/failureaccess/1.0.1/1dcf1de382a0bf95a3d8b0849546c88bac1292c9/failureaccess-1.0.1.jar:/home/karmugilan/.gradle/caches/modules-2/files-2.1/com.google.guava/listenablefuture/9999.0-empty-to-avoid-conflict-with-guava/b421526c5f297295adef1c886e5246c39d4ac629/listenablefuture-9999.0-empty-to-avoid-conflict-with-guava.jar:/home/karmugilan/.gradle/caches/modules-2/files-2.1/com.google.code.findbugs/jsr305/3.0.2/25ea2
Launcher Type: SUN_STANDARD

[Global flags]
     intx CICompilerCount                          = 2                                         {product} {ergonomic}
     uint ConcGCThreads                            = 1                                         {product} {ergonomic}
     uint G1ConcRefinementThreads                  = 2                                         {product} {ergonomic}
   size_t G1HeapRegionSize                         = 1048576                                   {product} {ergonomic}
    uintx GCDrainStackTargetSize                   = 64                                        {product} {ergonomic}
   size_t InitialHeapSize                          = 56623104                                  {product} {ergonomic}
   size_t MarkStackSize                            = 4194304                                   {product} {ergonomic}
   size_t MaxHeapSize                              = 889192448                                 {product} {ergonomic}
   size_t MaxNewSize                               = 532676608                                 {product} {ergonomic}
   size_t MinHeapDeltaBytes                        = 1048576                                   {product} {ergonomic}
   size_t MinHeapSize                              = 8388608                                   {product} {ergonomic}
    uintx NonNMethodCodeHeapSize                   = 5826188                                {pd product} {ergonomic}
    uintx NonProfiledCodeHeapSize                  = 122916026                              {pd product} {ergonomic}
    uintx ProfiledCodeHeapSize                     = 122916026                              {pd product} {ergonomic}
    uintx ReservedCodeCacheSize                    = 251658240                              {pd product} {ergonomic}
     bool SegmentedCodeCache                       = true                                      {product} {ergonomic}
     bool ShowCodeDetailsInExceptionMessages       = true                                   {manageable} {command line}
   size_t SoftMaxHeapSize                          = 889192448                              {manageable} {ergonomic}
     bool UseCompressedClassPointers               = true                                 {lp64_product} {ergonomic}
     bool UseCompressedOops                        = true                                 {lp64_product} {ergonomic}
     bool UseG1GC                                  = true                                      {product} {ergonomic}

Logging:
Log output configuration:
 #0: stdout all=warning uptime,level,tags
 #1: stderr all=off uptime,level,tags

Environment Variables:
PATH=/home/karmugilan/.local/bin:/usr/local/sbin:/usr/local/bin:/usr/bin:/opt/android-sdk/platform-tools:/usr/bin/site_perl:/usr/bin/vendor_perl:/usr/bin/core_perl:/var/lib/snapd/snap/bin
SHELL=/bin/bash
DISPLAY=:0
LANG=en_IN

Signal Handlers:
SIGSEGV: [libjvm.so+0xd64200], sa_mask[0]=11111111011111111101111111111110, sa_flags=SA_RESTART|SA_SIGINFO
SIGBUS: [libjvm.so+0xd64200], sa_mask[0]=11111111011111111101111111111110, sa_flags=SA_RESTART|SA_SIGINFO
SIGFPE: [libjvm.so+0xd64200], sa_mask[0]=11111111011111111101111111111110, sa_flags=SA_RESTART|SA_SIGINFO
SIGPIPE: [libjvm.so+0xb419c0], sa_mask[0]=11111111011111111101111111111110, sa_flags=SA_RESTART|SA_SIGINFO
SIGXFSZ: [libjvm.so+0xb419c0], sa_mask[0]=11111111011111111101111111111110, sa_flags=SA_RESTART|SA_SIGINFO
SIGILL: [libjvm.so+0xd64200], sa_mask[0]=11111111011111111101111111111110, sa_flags=SA_RESTART|SA_SIGINFO
SIGUSR2: [libjvm.so+0xb41860], sa_mask[0]=00100000000000000000000000000000, sa_flags=SA_RESTART|SA_SIGINFO
SIGHUP: [libjvm.so+0xb420d0], sa_mask[0]=11111111011111111101111111111110, sa_flags=SA_RESTART|SA_SIGINFO
SIGINT: [libjvm.so+0xb420d0], sa_mask[0]=11111111011111111101111111111110, sa_flags=SA_RESTART|SA_SIGINFO
SIGTERM: [libjvm.so+0xb420d0], sa_mask[0]=11111111011111111101111111111110, sa_flags=SA_RESTART|SA_SIGINFO
SIGQUIT: [libjvm.so+0xb420d0], sa_mask[0]=11111111011111111101111111111110, sa_flags=SA_RESTART|SA_SIGINFO


---------------  S Y S T E M  ---------------

OS:
DISTRIB_ID=ManjaroLinux
DISTRIB_RELEASE=21.2rc
DISTRIB_CODENAME=Qonos
DISTRIB_DESCRIPTION="Manjaro Linux"
uname: Linux 5.14.21-2-MANJARO #1 SMP PREEMPT Sun Nov 21 22:43:47 UTC 2021 x86_64
OS uptime: 0 days 2:28 hours
libc: glibc 2.33 NPTL 2.33 
rlimit (soft/hard): STACK 8192k/infinity , CORE infinity/infinity , NPROC 13505/13505 , NOFILE 524288/524288 , AS infinity/infinity , CPU infinity/infinity , DATA infinity/infinity , FSIZE infinity/infinity , MEMLOCK 64k/64k
load average: 0.57 2.76 2.43

/proc/meminfo:
MemTotal:        3472356 kB
MemFree:          293260 kB
MemAvailable:     491680 kB
Buffers:            3760 kB
Cached:           377336 kB
SwapCached:        54256 kB
Active:          1419868 kB
Inactive:         893832 kB
Active(anon):    1232616 kB
Inactive(anon):   704104 kB
Active(file):     187252 kB
Inactive(file):   189728 kB
Unevictable:         176 kB
Mlocked:             176 kB
SwapTotal:       1023996 kB
SwapFree:           2796 kB
Dirty:               116 kB
Writeback:             0 kB
AnonPages:       1879000 kB
Mapped:           180708 kB
Shmem:              3896 kB
KReclaimable:      44868 kB
Slab:             137452 kB
SReclaimable:      44868 kB
SUnreclaim:        92584 kB
KernelStack:        9408 kB
PageTables:        24764 kB
NFS_Unstable:          0 kB
Bounce:                0 kB
WritebackTmp:          0 kB
CommitLimit:     2760172 kB
Committed_AS:    7698704 kB
VmallocTotal:   34359738367 kB
VmallocUsed:       36828 kB
VmallocChunk:          0 kB
Percpu:             2496 kB
HardwareCorrupted:     0 kB
AnonHugePages:         0 kB
ShmemHugePages:        0 kB
ShmemPmdMapped:        0 kB
FileHugePages:         0 kB
FilePmdMapped:         0 kB
CmaTotal:              0 kB
CmaFree:               0 kB
HugePages_Total:       0
HugePages_Free:        0
HugePages_Rsvd:        0
HugePages_Surp:        0
Hugepagesize:       2048 kB
Hugetlb:               0 kB
DirectMap4k:      962304 kB
DirectMap2M:     2674688 kB
DirectMap1G:           0 kB

/sys/kernel/mm/transparent_hugepage/enabled: always [madvise] never
/sys/kernel/mm/transparent_hugepage/defrag (defrag/compaction efforts parameter): always defer defer+madvise [madvise] never

/proc/sys/kernel/threads-max (system-wide limit on the number of threads): 27010
/proc/sys/vm/max_map_count (maximum number of memory map areas a process may have): 65530
/proc/sys/kernel/pid_max (system-wide limit on number of process identifiers): 4194304

container (cgroup) information:
container_type: cgroupv2
cpu_cpuset_cpus: not supported
cpu_memory_nodes: not supported
active_processor_count: 2
cpu_quota: not supported
cpu_period: not supported
cpu_shares: not supported
memory_limit_in_bytes: unlimited
memory_and_swap_limit_in_bytes: unlimited
memory_soft_limit_in_bytes: unlimited
memory_usage_in_bytes: 1960394752
memory_max_usage_in_bytes: not supported

Steal ticks since vm start: 0
Steal ticks percentage since vm start:  0.000

CPU: total 2 (initial active 2) (2 cores per cpu, 1 threads per core) family 21 model 112 stepping 0 microcode 0x6006705, cmov, cx8, fxsr, mmx, sse, sse2, sse3, ssse3, sse4.1, sse4.2, popcnt, vzeroupper, avx, avx2, aes, clmul, 3dnowpref, lzcnt, sse4a, tsc, tscinvbit, tscinv, bmi1, bmi2, fma, clflush
CPU Model and flags from /proc/cpuinfo:
model name	: AMD PRO A4-4350B R4, 5 COMPUTE CORES 2C+3G
flags		: fpu vme de pse tsc msr pae mce cx8 apic sep mtrr pge mca cmov pat pse36 clflush mmx fxsr sse sse2 ht syscall nx mmxext fxsr_opt pdpe1gb rdtscp lm constant_tsc rep_good acc_power nopl nonstop_tsc cpuid extd_apicid aperfmperf pni pclmulqdq monitor ssse3 fma cx16 sse4_1 sse4_2 movbe popcnt aes xsave avx f16c lahf_lm cmp_legacy svm extapic cr8_legacy abm sse4a misalignsse 3dnowprefetch osvw ibs xop skinit wdt lwp fma4 tce nodeid_msr tbm perfctr_core perfctr_nb bpext ptsc mwaitx cpb hw_pstate ssbd ibpb vmmcall fsgsbase bmi1 avx2 smep bmi2 xsaveopt arat npt lbrv svm_lock nrip_save tsc_scale vmcb_clean flushbyasid decodeassists pausefilter pfthreshold avic v_vmsave_vmload vgif overflow_recov

Online cpus: 0-1
Offline cpus: 2-3
BIOS frequency limitation: 2500000
Frequency switch latency (ns): 4000
Available cpu frequencies: 2500000 2300000 2100000 1900000 1600000 1300000 
Current governor: powersave
Core performance/turbo boost: 0

Memory: 4k page, physical 3472356k(293260k free), swap 1023996k(2792k free)

vm_info: OpenJDK 64-Bit Server VM (15.0.2+7-27) for linux-amd64 JRE (15.0.2+7-27), built on Dec  7 2020 19:54:59 by "mach5one" with gcc 9.2.0

END.
