#
# A fatal error has been detected by the Java Runtime Environment:
#
#  SIGSEGV (0xb) at pc=0x00007f869560ac80, pid=9199, tid=9204
#
# JRE version: OpenJDK Runtime Environment (15.0.2+7) (build 15.0.2+7-27)
# Java VM: OpenJDK 64-Bit Server VM (15.0.2+7-27, mixed mode, tiered, compressed oops, g1 gc, linux-amd64)
# Problematic frame:
# C  [radeonsi_dri.so+0x1115c80]
#
# Core dump will be written. Default location: Core dumps may be processed with "/usr/lib/systemd/systemd-coredump %P %u %g %s %t %c %h" (or dumping to /home/karmugilan/Documents/eclipse-workspace/twodengine/mario/lib/core.9199)
#
# If you would like to submit a bug report, please visit:
#   https://bugreport.java.com/bugreport/crash.jsp
# The crash happened outside the Java Virtual Machine in native code.
# See problematic frame for where to report the bug.
#

---------------  S U M M A R Y ------------

Command Line: -Dfile.encoding=UTF-8 -XX:+ShowCodeDetailsInExceptionMessages mario.Main

Host: AMD PRO A4-4350B R4, 5 COMPUTE CORES 2C+3G, 2 cores, 3G, Manjaro Linux
Time: Fri Dec 24 13:01:41 2021 IST elapsed time: 5.481569 seconds (0d 0h 0m 5s)

---------------  T H R E A D  ---------------

Current thread (0x00007f86b8028b40):  JavaThread "main" [_thread_in_native, id=9204, stack(0x00007f86bf91c000,0x00007f86bfa1d000)]

Stack: [0x00007f86bf91c000,0x00007f86bfa1d000],  sp=0x00007f86bfa1b450,  free space=1021k
Native frames: (J=compiled Java code, A=aot compiled Java code, j=interpreted, Vv=VM code, C=native code)
C  [radeonsi_dri.so+0x1115c80]

Java frames: (J=compiled Java code, j=interpreted, Vv=VM code)
j  org.lwjgl.opengl.GL11C.nglDrawElements(IIIJ)V+0
j  org.lwjgl.opengl.GL11C.glDrawElements(IIIJ)V+4
j  org.lwjgl.opengl.GL11.glDrawElements(IIIJ)V+4
j  twodengine.LevelEditorScene.update(F)V+32
j  twodengine.Window.loop()V+52
j  twodengine.Window.run()V+29
j  mario.Main.main([Ljava/lang/String;)V+13
v  ~StubRoutines::call_stub

siginfo: si_signo: 11 (SIGSEGV), si_code: 1 (SEGV_MAPERR), si_addr: 0x0000000000000000

Register to memory mapping:

RAX=0x0000000000000018 is an unknown value
RBX=0x00007f86bfa1b4e4 is pointing into the stack for thread: 0x00007f86b8028b40
RCX=0x0 is NULL
RDX=0x0000000000000005 is an unknown value
RSP=0x00007f86bfa1b450 is pointing into the stack for thread: 0x00007f86b8028b40
RBP=0x00007f86bfa1b4e0 is pointing into the stack for thread: 0x00007f86b8028b40
RSI=0x0 is NULL
RDI=0x00007f86bfa1b490 is pointing into the stack for thread: 0x00007f86b8028b40
R8 =0x00007f86bfa1b494 is pointing into the stack for thread: 0x00007f86b8028b40
R9 =0x00007f86bfa1b4e4 is pointing into the stack for thread: 0x00007f86b8028b40
R10=0x0 is NULL
R11=0x0 is NULL
R12=0x0 is NULL
R13=0x0000000000000001 is an unknown value
R14=0x00007f86bfa1b590 is pointing into the stack for thread: 0x00007f86b8028b40
R15=0x00007f86bfa1b584 is pointing into the stack for thread: 0x00007f86b8028b40


Registers:
RAX=0x0000000000000018, RBX=0x00007f86bfa1b4e4, RCX=0x0000000000000000, RDX=0x0000000000000005
RSP=0x00007f86bfa1b450, RBP=0x00007f86bfa1b4e0, RSI=0x0000000000000000, RDI=0x00007f86bfa1b490
R8 =0x00007f86bfa1b494, R9 =0x00007f86bfa1b4e4, R10=0x0000000000000000, R11=0x0000000000000000
R12=0x0000000000000000, R13=0x0000000000000001, R14=0x00007f86bfa1b590, R15=0x00007f86bfa1b584
RIP=0x00007f869560ac80, EFLAGS=0x0000000000010206, CSGSFS=0x002b000000000033, ERR=0x0000000000000004
  TRAPNO=0x000000000000000e

Top of Stack: (sp=0x00007f86bfa1b450)
0x00007f86bfa1b450:   00007f86b8b5d820 0000001000000080
0x00007f86bfa1b460:   0000000000000000 00007f86b8b55760
0x00007f86bfa1b470:   00007f86b86ed068 00b615b605758900
0x00007f86bfa1b480:   0000000000000000 00007f8694912363 

Instructions: (pc=0x00007f869560ac80)
0x00007f869560ab80:   48 83 ec 38 48 89 f8 49 89 d0 48 89 f7 89 ca 64
0x00007f869560ab90:   48 8b 0c 25 28 00 00 00 48 89 4c 24 28 31 c9 a8
0x00007f869560aba0:   0f 0f 84 0e 01 00 00 85 d2 0f 84 13 01 00 00 66
0x00007f869560abb0:   0f 76 c9 66 0f ef d2 eb 0f 0f 1f 80 00 00 00 00
0x00007f869560abc0:   85 d2 0f 84 cf 00 00 00 66 0f 6e 00 48 83 c0 04
0x00007f869560abd0:   83 ea 01 66 0f 38 3f d0 66 0f 38 3b c8 a8 0f 75
0x00007f869560abe0:   df 83 fa 07 0f 86 e2 00 00 00 89 d6 41 89 d2 66
0x00007f869560abf0:   0f 76 ed 48 89 c1 c1 ee 02 41 83 e2 fc 66 0f ef
0x00007f869560ac00:   e4 83 ee 01 48 c1 e6 04 48 8d 74 30 10 0f 1f 00
0x00007f869560ac10:   66 0f 6f 19 66 0f 6f 01 48 83 c1 10 66 0f 38 3f
0x00007f869560ac20:   dc 66 0f 38 3b c5 66 0f 6f e3 66 0f 6f e8 48 39
0x00007f869560ac30:   f1 75 dd 0f 29 1c 24 31 c9 49 89 e1 48 8d 74 24
0x00007f869560ac40:   10 0f 29 44 24 10 66 41 0f 6e 04 09 66 0f 38 3f
0x00007f869560ac50:   d0 66 0f 6e 04 0e 48 83 c1 04 66 0f 38 3b c8 48
0x00007f869560ac60:   83 f9 10 75 e1 44 39 d2 76 2d 83 ea 01 44 89 d6
0x00007f869560ac70:   44 29 d2 48 8d 0c b0 48 01 f2 48 8d 44 90 04 90
0x00007f869560ac80:   66 0f 6e 01 48 83 c1 04 66 0f 38 3f d0 66 0f 38
0x00007f869560ac90:   3b c8 48 39 c8 75 e9 66 0f 7e 0f 66 41 0f 7e 10
0x00007f869560aca0:   48 8b 44 24 28 64 48 2b 04 25 28 00 00 00 75 21
0x00007f869560acb0:   48 83 c4 38 c3 66 0f 76 c9 66 0f ef d2 e9 1f ff
0x00007f869560acc0:   ff ff 66 0f ef d2 66 0f 76 c9 eb cb 45 31 d2 eb
0x00007f869560acd0:   94 ff 15 61 97 69 00 66 0f 1f 84 00 00 00 00 00
0x00007f869560ace0:   41 57 49 89 d3 41 56 41 55 41 54 55 89 f5 53 8b
0x00007f869560acf0:   32 89 fb 48 89 cf 44 8b 52 04 8b 4a 08 44 8d 24
0x00007f869560ad00:   f5 00 00 00 00 45 85 d2 0f 8e 42 01 00 00 43 8d
0x00007f869560ad10:   44 14 ff 99 41 f7 fc 49 63 53 0c 0f af c6 48 98
0x00007f869560ad20:   48 0f af c2 85 c9 8d 51 07 0f 49 d1 c1 fa 03 48
0x00007f869560ad30:   63 d2 48 01 d0 48 01 c7 45 8d 62 0e 41 83 c2 07
0x00007f869560ad40:   45 0f 49 e2 41 c1 fc 03 44 89 e0 99 f7 fe 29 d6
0x00007f869560ad50:   44 01 e6 85 d2 44 0f 4f e6 41 80 7b 1a 00 74 03
0x00007f869560ad60:   41 f7 dc 85 ed 0f 8e d5 00 00 00 8d 43 ff 45 31
0x00007f869560ad70:   d2 83 e1 07 41 80 7b 19 00 4d 63 e4 4d 63 c9 49 


Stack slot to memory mapping:
stack at sp + 0 slots: 0x00007f86b8b5d820 points into unknown readable memory: 0x00100000000fffb7 | b7 ff 0f 00 00 00 10 00
stack at sp + 1 slots: 0x0000001000000080 is an unknown value
stack at sp + 2 slots: 0x0 is NULL
stack at sp + 3 slots: 0x00007f86b8b55760 points into unknown readable memory: 0x0000c00300000014 | 14 00 00 00 03 c0 00 00
stack at sp + 4 slots: 0x00007f86b86ed068 points into unknown readable memory: 0x0000000000000000 | 00 00 00 00 00 00 00 00
stack at sp + 5 slots: 0x00b615b605758900 is an unknown value
stack at sp + 6 slots: 0x0 is NULL
stack at sp + 7 slots: 0x00007f8694912363: <offset 0x000000000041d363> in /usr/lib/dri/radeonsi_dri.so at 0x00007f86944f5000


---------------  P R O C E S S  ---------------

Threads class SMR info:
_java_thread_list=0x00007f86b81bc010, length=10, elements={
0x00007f86b8028b40, 0x00007f86b811f890, 0x00007f86b81214b0, 0x00007f86b8138010,
0x00007f86b8139720, 0x00007f86b813b050, 0x00007f86b813c880, 0x00007f86b813df30,
0x00007f86b81aa9d0, 0x00007f86b81b89e0
}

Java Threads: ( => current thread )
=>0x00007f86b8028b40 JavaThread "main" [_thread_in_native, id=9204, stack(0x00007f86bf91c000,0x00007f86bfa1d000)]
  0x00007f86b811f890 JavaThread "Reference Handler" daemon [_thread_blocked, id=9211, stack(0x00007f86bc2da000,0x00007f86bc3db000)]
  0x00007f86b81214b0 JavaThread "Finalizer" daemon [_thread_blocked, id=9212, stack(0x00007f86bc1d9000,0x00007f86bc2da000)]
  0x00007f86b8138010 JavaThread "Signal Dispatcher" daemon [_thread_blocked, id=9213, stack(0x00007f86bc0d8000,0x00007f86bc1d9000)]
  0x00007f86b8139720 JavaThread "Service Thread" daemon [_thread_blocked, id=9214, stack(0x00007f86a5224000,0x00007f86a5325000)]
  0x00007f86b813b050 JavaThread "C2 CompilerThread0" daemon [_thread_blocked, id=9215, stack(0x00007f86a5123000,0x00007f86a5224000)]
  0x00007f86b813c880 JavaThread "C1 CompilerThread0" daemon [_thread_blocked, id=9216, stack(0x00007f86a5022000,0x00007f86a5123000)]
  0x00007f86b813df30 JavaThread "Sweeper thread" daemon [_thread_blocked, id=9217, stack(0x00007f86a4f21000,0x00007f86a5022000)]
  0x00007f86b81aa9d0 JavaThread "Notification Thread" daemon [_thread_blocked, id=9218, stack(0x00007f86a4e20000,0x00007f86a4f21000)]
  0x00007f86b81b89e0 JavaThread "Common-Cleaner" daemon [_thread_blocked, id=9220, stack(0x00007f86a4c1d000,0x00007f86a4d1e000)]

Other Threads:
  0x00007f86b81056e0 VMThread "VM Thread" [stack: 0x00007f86bc3dd000,0x00007f86bc4dd000] [id=9210]
  0x00007f86b81284d0 WatcherThread [stack: 0x00007f86a4d20000,0x00007f86a4e20000] [id=9219]
  0x00007f86b8054be0 GCTaskThread "GC Thread#0" [stack: 0x00007f86bd458000,0x00007f86bd558000] [id=9205]
  0x00007f868c001090 GCTaskThread "GC Thread#1" [stack: 0x00007f865c7e6000,0x00007f865c8e6000] [id=9226]
  0x00007f86b805cf30 ConcurrentGCThread "G1 Main Marker" [stack: 0x00007f86bd356000,0x00007f86bd456000] [id=9206]
  0x00007f86b805e1c0 ConcurrentGCThread "G1 Conc#0" [stack: 0x00007f86bd254000,0x00007f86bd354000] [id=9207]
  0x00007f86b808c180 ConcurrentGCThread "G1 Refine#0" [stack: 0x00007f86bcf50000,0x00007f86bd050000] [id=9208]
  0x00007f86b808d390 ConcurrentGCThread "G1 Young RemSet Sampling" [stack: 0x00007f86bce4e000,0x00007f86bcf4e000] [id=9209]

Threads with active compile tasks:

VM state: not at safepoint (normal execution)

VM Mutex/Monitor currently owned by a thread: None

Heap address: 0x00000000cb000000, size: 848 MB, Compressed Oops mode: 32-bit
CDS disabled.
Compressed class space mapped at: 0x0000000100000000-0x0000000140000000, size: 1073741824
Narrow klass base: 0x0000000000000000, Narrow klass shift: 3, Narrow klass range: 0x140000000

GC Precious Log:
 CPUs: 2 total, 2 available
 Memory: 3390M
 Large Page Support: Disabled
 NUMA Support: Disabled
 Compressed Oops: Enabled (32-bit)
 Heap Region Size: 1M
 Heap Min Capacity: 8M
 Heap Initial Capacity: 54M
 Heap Max Capacity: 848M
 Pre-touch: Disabled
 Parallel Workers: 2
 Concurrent Workers: 1
 Concurrent Refinement Workers: 2
 Periodic GC: Disabled

Heap:
 garbage-first heap   total 55296K, used 2884K [0x00000000cb000000, 0x0000000100000000)
  region size 1024K, 4 young (4096K), 1 survivors (1024K)
 Metaspace       used 10401K, capacity 10525K, committed 10880K, reserved 1058816K
  class space    used 784K, capacity 823K, committed 896K, reserved 1048576K

Heap Regions: E=young(eden), S=young(survivor), O=old, HS=humongous(starts), HC=humongous(continues), CS=collection set, F=free, OA=open archive, CA=closed archive, TAMS=top-at-mark-start (previous, next)
|   0|0x00000000cb000000, 0x00000000cb0d1000, 0x00000000cb100000| 81%| O|  |TAMS 0x00000000cb000000, 0x00000000cb000000| Untracked 
|   1|0x00000000cb100000, 0x00000000cb100000, 0x00000000cb200000|  0%| F|  |TAMS 0x00000000cb100000, 0x00000000cb100000| Untracked 
|   2|0x00000000cb200000, 0x00000000cb200000, 0x00000000cb300000|  0%| F|  |TAMS 0x00000000cb200000, 0x00000000cb200000| Untracked 
|   3|0x00000000cb300000, 0x00000000cb300000, 0x00000000cb400000|  0%| F|  |TAMS 0x00000000cb300000, 0x00000000cb300000| Untracked 
|   4|0x00000000cb400000, 0x00000000cb400000, 0x00000000cb500000|  0%| F|  |TAMS 0x00000000cb400000, 0x00000000cb400000| Untracked 
|   5|0x00000000cb500000, 0x00000000cb500000, 0x00000000cb600000|  0%| F|  |TAMS 0x00000000cb500000, 0x00000000cb500000| Untracked 
|   6|0x00000000cb600000, 0x00000000cb600000, 0x00000000cb700000|  0%| F|  |TAMS 0x00000000cb600000, 0x00000000cb600000| Untracked 
|   7|0x00000000cb700000, 0x00000000cb700000, 0x00000000cb800000|  0%| F|  |TAMS 0x00000000cb700000, 0x00000000cb700000| Untracked 
|   8|0x00000000cb800000, 0x00000000cb800000, 0x00000000cb900000|  0%| F|  |TAMS 0x00000000cb800000, 0x00000000cb800000| Untracked 
|   9|0x00000000cb900000, 0x00000000cb900000, 0x00000000cba00000|  0%| F|  |TAMS 0x00000000cb900000, 0x00000000cb900000| Untracked 
|  10|0x00000000cba00000, 0x00000000cba00000, 0x00000000cbb00000|  0%| F|  |TAMS 0x00000000cba00000, 0x00000000cba00000| Untracked 
|  11|0x00000000cbb00000, 0x00000000cbb00000, 0x00000000cbc00000|  0%| F|  |TAMS 0x00000000cbb00000, 0x00000000cbb00000| Untracked 
|  12|0x00000000cbc00000, 0x00000000cbc00000, 0x00000000cbd00000|  0%| F|  |TAMS 0x00000000cbc00000, 0x00000000cbc00000| Untracked 
|  13|0x00000000cbd00000, 0x00000000cbd00000, 0x00000000cbe00000|  0%| F|  |TAMS 0x00000000cbd00000, 0x00000000cbd00000| Untracked 
|  14|0x00000000cbe00000, 0x00000000cbe00000, 0x00000000cbf00000|  0%| F|  |TAMS 0x00000000cbe00000, 0x00000000cbe00000| Untracked 
|  15|0x00000000cbf00000, 0x00000000cbf00000, 0x00000000cc000000|  0%| F|  |TAMS 0x00000000cbf00000, 0x00000000cbf00000| Untracked 
|  16|0x00000000cc000000, 0x00000000cc000000, 0x00000000cc100000|  0%| F|  |TAMS 0x00000000cc000000, 0x00000000cc000000| Untracked 
|  17|0x00000000cc100000, 0x00000000cc100000, 0x00000000cc200000|  0%| F|  |TAMS 0x00000000cc100000, 0x00000000cc100000| Untracked 
|  18|0x00000000cc200000, 0x00000000cc200000, 0x00000000cc300000|  0%| F|  |TAMS 0x00000000cc200000, 0x00000000cc200000| Untracked 
|  19|0x00000000cc300000, 0x00000000cc300000, 0x00000000cc400000|  0%| F|  |TAMS 0x00000000cc300000, 0x00000000cc300000| Untracked 
|  20|0x00000000cc400000, 0x00000000cc400000, 0x00000000cc500000|  0%| F|  |TAMS 0x00000000cc400000, 0x00000000cc400000| Untracked 
|  21|0x00000000cc500000, 0x00000000cc500000, 0x00000000cc600000|  0%| F|  |TAMS 0x00000000cc500000, 0x00000000cc500000| Untracked 
|  22|0x00000000cc600000, 0x00000000cc600000, 0x00000000cc700000|  0%| F|  |TAMS 0x00000000cc600000, 0x00000000cc600000| Untracked 
|  23|0x00000000cc700000, 0x00000000cc700000, 0x00000000cc800000|  0%| F|  |TAMS 0x00000000cc700000, 0x00000000cc700000| Untracked 
|  24|0x00000000cc800000, 0x00000000cc800000, 0x00000000cc900000|  0%| F|  |TAMS 0x00000000cc800000, 0x00000000cc800000| Untracked 
|  25|0x00000000cc900000, 0x00000000cc900000, 0x00000000cca00000|  0%| F|  |TAMS 0x00000000cc900000, 0x00000000cc900000| Untracked 
|  26|0x00000000cca00000, 0x00000000cca00000, 0x00000000ccb00000|  0%| F|  |TAMS 0x00000000cca00000, 0x00000000cca00000| Untracked 
|  27|0x00000000ccb00000, 0x00000000ccb00000, 0x00000000ccc00000|  0%| F|  |TAMS 0x00000000ccb00000, 0x00000000ccb00000| Untracked 
|  28|0x00000000ccc00000, 0x00000000ccc00000, 0x00000000ccd00000|  0%| F|  |TAMS 0x00000000ccc00000, 0x00000000ccc00000| Untracked 
|  29|0x00000000ccd00000, 0x00000000ccd00000, 0x00000000cce00000|  0%| F|  |TAMS 0x00000000ccd00000, 0x00000000ccd00000| Untracked 
|  30|0x00000000cce00000, 0x00000000cce00000, 0x00000000ccf00000|  0%| F|  |TAMS 0x00000000cce00000, 0x00000000cce00000| Untracked 
|  31|0x00000000ccf00000, 0x00000000ccf00000, 0x00000000cd000000|  0%| F|  |TAMS 0x00000000ccf00000, 0x00000000ccf00000| Untracked 
|  32|0x00000000cd000000, 0x00000000cd000000, 0x00000000cd100000|  0%| F|  |TAMS 0x00000000cd000000, 0x00000000cd000000| Untracked 
|  33|0x00000000cd100000, 0x00000000cd100000, 0x00000000cd200000|  0%| F|  |TAMS 0x00000000cd100000, 0x00000000cd100000| Untracked 
|  34|0x00000000cd200000, 0x00000000cd200000, 0x00000000cd300000|  0%| F|  |TAMS 0x00000000cd200000, 0x00000000cd200000| Untracked 
|  35|0x00000000cd300000, 0x00000000cd300000, 0x00000000cd400000|  0%| F|  |TAMS 0x00000000cd300000, 0x00000000cd300000| Untracked 
|  36|0x00000000cd400000, 0x00000000cd400000, 0x00000000cd500000|  0%| F|  |TAMS 0x00000000cd400000, 0x00000000cd400000| Untracked 
|  37|0x00000000cd500000, 0x00000000cd500000, 0x00000000cd600000|  0%| F|  |TAMS 0x00000000cd500000, 0x00000000cd500000| Untracked 
|  38|0x00000000cd600000, 0x00000000cd600000, 0x00000000cd700000|  0%| F|  |TAMS 0x00000000cd600000, 0x00000000cd600000| Untracked 
|  39|0x00000000cd700000, 0x00000000cd700000, 0x00000000cd800000|  0%| F|  |TAMS 0x00000000cd700000, 0x00000000cd700000| Untracked 
|  40|0x00000000cd800000, 0x00000000cd800000, 0x00000000cd900000|  0%| F|  |TAMS 0x00000000cd800000, 0x00000000cd800000| Untracked 
|  41|0x00000000cd900000, 0x00000000cd900000, 0x00000000cda00000|  0%| F|  |TAMS 0x00000000cd900000, 0x00000000cd900000| Untracked 
|  42|0x00000000cda00000, 0x00000000cda00000, 0x00000000cdb00000|  0%| F|  |TAMS 0x00000000cda00000, 0x00000000cda00000| Untracked 
|  43|0x00000000cdb00000, 0x00000000cdb00000, 0x00000000cdc00000|  0%| F|  |TAMS 0x00000000cdb00000, 0x00000000cdb00000| Untracked 
|  44|0x00000000cdc00000, 0x00000000cdc00000, 0x00000000cdd00000|  0%| F|  |TAMS 0x00000000cdc00000, 0x00000000cdc00000| Untracked 
|  45|0x00000000cdd00000, 0x00000000cdd00000, 0x00000000cde00000|  0%| F|  |TAMS 0x00000000cdd00000, 0x00000000cdd00000| Untracked 
|  46|0x00000000cde00000, 0x00000000cde00000, 0x00000000cdf00000|  0%| F|  |TAMS 0x00000000cde00000, 0x00000000cde00000| Untracked 
|  47|0x00000000cdf00000, 0x00000000ce000000, 0x00000000ce000000|100%| S|CS|TAMS 0x00000000cdf00000, 0x00000000cdf00000| Complete 
|  48|0x00000000ce000000, 0x00000000ce000000, 0x00000000ce100000|  0%| F|  |TAMS 0x00000000ce000000, 0x00000000ce000000| Untracked 
|  49|0x00000000ce100000, 0x00000000ce100000, 0x00000000ce200000|  0%| F|  |TAMS 0x00000000ce100000, 0x00000000ce100000| Untracked 
|  50|0x00000000ce200000, 0x00000000ce200000, 0x00000000ce300000|  0%| F|  |TAMS 0x00000000ce200000, 0x00000000ce200000| Untracked 
|  51|0x00000000ce300000, 0x00000000ce39d448, 0x00000000ce400000| 61%| E|  |TAMS 0x00000000ce300000, 0x00000000ce300000| Complete 
|  52|0x00000000ce400000, 0x00000000ce500000, 0x00000000ce500000|100%| E|  |TAMS 0x00000000ce400000, 0x00000000ce400000| Complete 
|  53|0x00000000ce500000, 0x00000000ce600000, 0x00000000ce600000|100%| E|CS|TAMS 0x00000000ce500000, 0x00000000ce500000| Complete 

Card table byte_map: [0x00007f86bf19d000,0x00007f86bf345000] _byte_map_base: 0x00007f86beb45000

Marking Bits (Prev, Next): (CMBitMap*) 0x00007f86b8055980, (CMBitMap*) 0x00007f86b80559c0
 Prev Bits: [0x00007f86be2b5000, 0x00007f86beff5000)
 Next Bits: [0x00007f86bd575000, 0x00007f86be2b5000)

Polling page: 0x00007f86c0f53000

Metaspace:

Usage:
  Non-class:      9.47 MB capacity,     9.39 MB (>99%) used,    75.01 KB ( <1%) free+waste,    10.31 KB ( <1%) overhead. 
      Class:    823.00 KB capacity,   784.41 KB ( 95%) used,    34.96 KB (  4%) free+waste,     3.62 KB ( <1%) overhead. 
       Both:     10.28 MB capacity,    10.16 MB ( 99%) used,   109.97 KB (  1%) free+waste,    13.94 KB ( <1%) overhead. 

Virtual space:
  Non-class space:       10.00 MB reserved,       9.75 MB ( 98%) committed 
      Class space:        1.00 GB reserved,     896.00 KB ( <1%) committed 
             Both:        1.01 GB reserved,      10.62 MB (  1%) committed 

Chunk freelists:
   Non-Class:  106.00 KB
       Class:  9.00 KB
        Both:  115.00 KB

MaxMetaspaceSize: 17179869184.00 GB
CompressedClassSpaceSize: 1.00 GB

CodeHeap 'non-profiled nmethods': size=120036Kb used=182Kb max_used=182Kb free=119853Kb
 bounds [0x00007f86ad0d4000, 0x00007f86ad344000, 0x00007f86b460d000]
CodeHeap 'profiled nmethods': size=120032Kb used=833Kb max_used=833Kb free=119198Kb
 bounds [0x00007f86a5b9c000, 0x00007f86a5e0c000, 0x00007f86ad0d4000]
CodeHeap 'non-nmethods': size=5692Kb used=1539Kb max_used=1551Kb free=4152Kb
 bounds [0x00007f86a560d000, 0x00007f86a587d000, 0x00007f86a5b9c000]
 total_blobs=1511 nmethods=593 adapters=833
 compilation: enabled
              stopped_count=0, restarted_count=0
 full_count=0

Compilation events (20 events):
Event: 5.407 Thread 0x00007f86b813b050 nmethod 578 0x00007f86ad100190 code [0x00007f86ad100320, 0x00007f86ad100718]
Event: 5.407 Thread 0x00007f86b813b050  579       4       java.lang.StringBuilder::append (8 bytes)
Event: 5.416 Thread 0x00007f86b813c880  580   !   3       java.util.zip.ZipFile$ZipFileInputStream::close (59 bytes)
Event: 5.417 Thread 0x00007f86b813c880 nmethod 580 0x00007f86a5c5d690 code [0x00007f86a5c5d840, 0x00007f86a5c5db80]
Event: 5.417 Thread 0x00007f86b813c880  581       3       java.util.Collections$SetFromMap::remove (19 bytes)
Event: 5.418 Thread 0x00007f86b813c880 nmethod 581 0x00007f86a5c5dd90 code [0x00007f86a5c5df40, 0x00007f86a5c5e160]
Event: 5.427 Thread 0x00007f86b813b050 nmethod 579 0x00007f86ad100910 code [0x00007f86ad100aa0, 0x00007f86ad101078]
Event: 5.432 Thread 0x00007f86b813c880  582       3       java.io.UnixFileSystem::prefixLength (15 bytes)
Event: 5.433 Thread 0x00007f86b813c880 nmethod 582 0x00007f86a5c5e210 code [0x00007f86a5c5e3c0, 0x00007f86a5c5e5c0]
Event: 5.437 Thread 0x00007f86b813b050  585       4       jdk.internal.misc.Unsafe::putReferenceRelease (9 bytes)
Event: 5.439 Thread 0x00007f86b813c880  584   !   3       java.util.jar.JarFile::isMultiRelease (33 bytes)
Event: 5.440 Thread 0x00007f86b813c880 nmethod 584 0x00007f86a5c5e690 code [0x00007f86a5c5e840, 0x00007f86a5c5ea20]
Event: 5.440 Thread 0x00007f86b813c880  583       3       java.lang.StringLatin1::toLowerCase (186 bytes)
Event: 5.442 Thread 0x00007f86b813c880 nmethod 583 0x00007f86a5c5eb10 code [0x00007f86a5c5ed60, 0x00007f86a5c5f7f0]
Event: 5.443 Thread 0x00007f86b813c880  586       3       java.lang.String::toLowerCase (8 bytes)
Event: 5.445 Thread 0x00007f86b813c880 nmethod 586 0x00007f86a5c5fc10 code [0x00007f86a5c5fde0, 0x00007f86a5c60130]
Event: 5.445 Thread 0x00007f86b813c880  587       3       java.util.Locale::getDefault (4 bytes)
Event: 5.445 Thread 0x00007f86b813c880 nmethod 587 0x00007f86a5c60290 code [0x00007f86a5c60420, 0x00007f86a5c60510]
Event: 5.448 Thread 0x00007f86b813c880  589   !   3       java.net.URL::<init> (543 bytes)
Event: 5.454 Thread 0x00007f86b813b050 nmethod 585 0x00007f86ad101410 code [0x00007f86ad101580, 0x00007f86ad101698]

GC Heap History (2 events):
Event: 5.008 GC heap before
{Heap before GC invocations=0 (full 0):
 garbage-first heap   total 55296K, used 5120K [0x00000000cb000000, 0x0000000100000000)
  region size 1024K, 6 young (6144K), 0 survivors (0K)
 Metaspace       used 9122K, capacity 9255K, committed 9600K, reserved 1058816K
  class space    used 769K, capacity 823K, committed 896K, reserved 1048576K
}
Event: 5.022 GC heap after
{Heap after GC invocations=1 (full 0):
 garbage-first heap   total 55296K, used 1860K [0x00000000cb000000, 0x0000000100000000)
  region size 1024K, 1 young (1024K), 1 survivors (1024K)
 Metaspace       used 9122K, capacity 9255K, committed 9600K, reserved 1058816K
  class space    used 769K, capacity 823K, committed 896K, reserved 1048576K
}

Deoptimization events (20 events):
Event: 1.188 Thread 0x00007f86b8028b40 DEOPT PACKING pc=0x00007f86a5bb84be sp=0x00007f86bfa1a2c0
Event: 1.188 Thread 0x00007f86b8028b40 DEOPT UNPACKING pc=0x00007f86a565ac2b sp=0x00007f86bfa19780 mode 0
Event: 1.188 Thread 0x00007f86b8028b40 DEOPT PACKING pc=0x00007f86a5bb84be sp=0x00007f86bfa1a2c0
Event: 1.188 Thread 0x00007f86b8028b40 DEOPT UNPACKING pc=0x00007f86a565ac2b sp=0x00007f86bfa19780 mode 0
Event: 1.189 Thread 0x00007f86b8028b40 DEOPT PACKING pc=0x00007f86a5bb84be sp=0x00007f86bfa1a2c0
Event: 1.189 Thread 0x00007f86b8028b40 DEOPT UNPACKING pc=0x00007f86a565ac2b sp=0x00007f86bfa19780 mode 0
Event: 1.189 Thread 0x00007f86b8028b40 DEOPT PACKING pc=0x00007f86a5bb84be sp=0x00007f86bfa1a2c0
Event: 1.189 Thread 0x00007f86b8028b40 DEOPT UNPACKING pc=0x00007f86a565ac2b sp=0x00007f86bfa19780 mode 0
Event: 1.190 Thread 0x00007f86b8028b40 DEOPT PACKING pc=0x00007f86a5bb84be sp=0x00007f86bfa1a2c0
Event: 1.190 Thread 0x00007f86b8028b40 DEOPT UNPACKING pc=0x00007f86a565ac2b sp=0x00007f86bfa19780 mode 0
Event: 1.785 Thread 0x00007f86b8028b40 Uncommon trap: trap_request=0xffffff45 fr.pc=0x00007f86ad0d8a58 relative=0x0000000000000058
Event: 1.785 Thread 0x00007f86b8028b40 Uncommon trap: reason=unstable_if action=reinterpret pc=0x00007f86ad0d8a58 method=java.lang.String.isLatin1()Z @ 10 c2
Event: 1.785 Thread 0x00007f86b8028b40 DEOPT PACKING pc=0x00007f86ad0d8a58 sp=0x00007f86bfa19080
Event: 1.785 Thread 0x00007f86b8028b40 DEOPT UNPACKING pc=0x00007f86a565ae25 sp=0x00007f86bfa19030 mode 2
Event: 5.136 Thread 0x00007f86b8028b40 DEOPT PACKING pc=0x00007f86a5bc1b68 sp=0x00007f86bfa1a7e0
Event: 5.136 Thread 0x00007f86b8028b40 DEOPT UNPACKING pc=0x00007f86a565ac2b sp=0x00007f86bfa19c50 mode 0
Event: 5.293 Thread 0x00007f86b8028b40 Uncommon trap: trap_request=0xffffff54 fr.pc=0x00007f86ad0fdf58 relative=0x0000000000000058
Event: 5.293 Thread 0x00007f86b8028b40 Uncommon trap: reason=speculate_null_assert action=make_not_entrant pc=0x00007f86ad0fdf58 method=sun.misc.Unsafe.getLong(Ljava/lang/Object;J)J @ 5 c2
Event: 5.293 Thread 0x00007f86b8028b40 DEOPT PACKING pc=0x00007f86ad0fdf58 sp=0x00007f86bfa1b2b0
Event: 5.293 Thread 0x00007f86b8028b40 DEOPT UNPACKING pc=0x00007f86a565ae25 sp=0x00007f86bfa1b258 mode 2

Classes unloaded (0 events):
No events

Classes redefined (0 events):
No events

Internal exceptions (20 events):
Event: 1.455 Thread 0x00007f86b8028b40 Exception <a 'java/lang/NoSuchMethodError'{0x00000000ce3a7200}: 'void java.lang.invoke.DirectMethodHandle$Holder.invokeStatic(java.lang.Object, java.lang.Object)'> (0x00000000ce3a7200) 
thrown [open/src/hotspot/share/interpreter/linkResolver.cpp, line 781]
Event: 1.460 Thread 0x00007f86b8028b40 Exception <a 'java/lang/NoSuchMethodError'{0x00000000ce3acb38}: 'void java.lang.invoke.DirectMethodHandle$Holder.invokeSpecial(java.lang.Object, java.lang.Object, java.lang.Object)'> (0x00000000ce3acb38) 
thrown [open/src/hotspot/share/interpreter/linkResolver.cpp, line 781]
Event: 1.472 Thread 0x00007f86b8028b40 Exception <a 'java/lang/NoSuchMethodError'{0x00000000ce3c1b40}: 'java.lang.Object java.lang.invoke.DirectMethodHandle$Holder.invokeStatic(java.lang.Object, java.lang.Object, int)'> (0x00000000ce3c1b40) 
thrown [open/src/hotspot/share/interpreter/linkResolver.cpp, line 781]
Event: 1.477 Thread 0x00007f86b8028b40 Exception <a 'java/lang/NoSuchMethodError'{0x00000000ce3cdec8}: 'void java.lang.invoke.DelegatingMethodHandle$Holder.delegate(java.lang.Object, java.lang.Object, int, java.lang.Object)'> (0x00000000ce3cdec8) 
thrown [open/src/hotspot/share/interpreter/linkResolver.cpp, line 781]
Event: 1.479 Thread 0x00007f86b8028b40 Exception <a 'java/lang/NoSuchMethodError'{0x00000000ce3d2210}: 'int java.lang.invoke.DirectMethodHandle$Holder.invokeSpecial(java.lang.Object, java.lang.Object, java.lang.Object)'> (0x00000000ce3d2210) 
thrown [open/src/hotspot/share/interpreter/linkResolver.cpp, line 781]
Event: 1.631 Thread 0x00007f86b8028b40 Exception <a 'sun/nio/fs/UnixException'{0x00000000ce2a9898}> (0x00000000ce2a9898) 
thrown [open/src/hotspot/share/prims/jni.cpp, line 578]
Event: 1.829 Thread 0x00007f86b8028b40 Exception <a 'java/lang/NoSuchMethodError'{0x00000000ce1535e0}: 'int java.lang.invoke.DirectMethodHandle$Holder.invokeStaticInit(java.lang.Object, java.lang.Object, int, long)'> (0x00000000ce1535e0) 
thrown [open/src/hotspot/share/interpreter/linkResolver.cpp, line 781]
Event: 1.831 Thread 0x00007f86b8028b40 Exception <a 'java/lang/NoSuchMethodError'{0x00000000ce1590b0}: 'java.lang.Object java.lang.invoke.DirectMethodHandle$Holder.newInvokeSpecial(java.lang.Object, java.lang.Object, int)'> (0x00000000ce1590b0) 
thrown [open/src/hotspot/share/interpreter/linkResolver.cpp, line 781]
Event: 1.839 Thread 0x00007f86b8028b40 Exception <a 'java/lang/NoSuchMethodError'{0x00000000ce168ec0}: 'int java.lang.invoke.DirectMethodHandle$Holder.invokeStaticInit(java.lang.Object, java.lang.Object, long, long)'> (0x00000000ce168ec0) 
thrown [open/src/hotspot/share/interpreter/linkResolver.cpp, line 781]
Event: 1.842 Thread 0x00007f86b8028b40 Exception <a 'java/lang/NoSuchMethodError'{0x00000000ce16f340}: 'java.lang.Object java.lang.invoke.DirectMethodHandle$Holder.newInvokeSpecial(java.lang.Object, java.lang.Object, long)'> (0x00000000ce16f340) 
thrown [open/src/hotspot/share/interpreter/linkResolver.cpp, line 781]
Event: 1.844 Thread 0x00007f86b8028b40 Exception <a 'java/lang/NoSuchMethodError'{0x00000000ce173578}: 'java.lang.Object java.lang.invoke.Invokers$Holder.linkToTargetMethod(java.lang.Object, long, java.lang.Object)'> (0x00000000ce173578) 
thrown [open/src/hotspot/share/interpreter/linkResolver.cpp, line 781]
Event: 1.847 Thread 0x00007f86b8028b40 Exception <a 'java/lang/NoSuchMethodError'{0x00000000ce17af58}: 'int java.lang.invoke.DirectMethodHandle$Holder.invokeStaticInit(java.lang.Object, java.lang.Object, java.lang.Object, long)'> (0x00000000ce17af58) 
thrown [open/src/hotspot/share/interpreter/linkResolver.cpp, line 781]
Event: 1.941 Thread 0x00007f86b8028b40 Exception <a 'sun/nio/fs/UnixException'{0x00000000ce03dec0}> (0x00000000ce03dec0) 
thrown [open/src/hotspot/share/prims/jni.cpp, line 578]
Event: 4.817 Thread 0x00007f86b8028b40 Exception <a 'java/lang/NoSuchMethodError'{0x00000000ce094d30}: 'void java.lang.invoke.DirectMethodHandle$Holder.invokeStaticInit(java.lang.Object, long, double, double)'> (0x00000000ce094d30) 
thrown [open/src/hotspot/share/interpreter/linkResolver.cpp, line 781]
Event: 4.826 Thread 0x00007f86b8028b40 Exception <a 'java/lang/NoSuchMethodError'{0x00000000ce0a5a48}: 'void java.lang.invoke.DirectMethodHandle$Holder.invokeStaticInit(java.lang.Object, long, int, int, int)'> (0x00000000ce0a5a48) 
thrown [open/src/hotspot/share/interpreter/linkResolver.cpp, line 781]
Event: 4.846 Thread 0x00007f86b8028b40 Exception <a 'java/lang/NoSuchMethodError'{0x00000000ce0c1cf8}: 'void java.lang.invoke.DirectMethodHandle$Holder.invokeStaticInit(java.lang.Object, long, int, int, int, int)'> (0x00000000ce0c1cf8) 
thrown [open/src/hotspot/share/interpreter/linkResolver.cpp, line 781]
Event: 4.858 Thread 0x00007f86b8028b40 Exception <a 'java/lang/NoSuchMethodError'{0x00000000ce0d0968}: 'void java.lang.invoke.DirectMethodHandle$Holder.invokeStatic(java.lang.Object, int, int)'> (0x00000000ce0d0968) 
thrown [open/src/hotspot/share/interpreter/linkResolver.cpp, line 781]
Event: 4.859 Thread 0x00007f86b8028b40 Exception <a 'java/lang/NoSuchMethodError'{0x00000000ce0d40f0}: 'void java.lang.invoke.DirectMethodHandle$Holder.invokeStaticInit(java.lang.Object, int, int)'> (0x00000000ce0d40f0) 
thrown [open/src/hotspot/share/interpreter/linkResolver.cpp, line 781]
Event: 5.109 Thread 0x00007f86b8028b40 Exception <a 'sun/nio/fs/UnixException'{0x00000000ce50ff00}> (0x00000000ce50ff00) 
thrown [open/src/hotspot/share/prims/jni.cpp, line 578]
Event: 5.136 Thread 0x00007f86b8028b40 Exception <a 'sun/nio/fs/UnixException'{0x00000000ce52a648}> (0x00000000ce52a648) 
thrown [open/src/hotspot/share/prims/jni.cpp, line 578]

Events (20 events):
Event: 1.852 loading class java/math/BigInteger
Event: 1.862 loading class java/math/BigInteger done
Event: 1.864 loading class java/math/MutableBigInteger
Event: 1.865 loading class java/math/MutableBigInteger done
Event: 1.866 loading class java/nio/InvalidMarkException
Event: 1.867 loading class java/nio/InvalidMarkException done
Event: 1.867 loading class java/nio/BufferUnderflowException
Event: 1.867 loading class java/nio/BufferUnderflowException done
Event: 1.901 loading class java/util/function/BiPredicate
Event: 1.902 loading class java/util/function/BiPredicate done
Event: 1.944 loading class java/lang/NoSuchFieldError
Event: 1.944 loading class java/lang/NoSuchFieldError done
Event: 1.954 loading class jdk/internal/reflect/UnsafeQualifiedStaticIntegerFieldAccessorImpl
Event: 1.954 loading class jdk/internal/reflect/UnsafeQualifiedStaticIntegerFieldAccessorImpl done
Event: 5.008 Executing VM operation: G1CollectForAllocation
Event: 5.023 Executing VM operation: G1CollectForAllocation done
Event: 5.110 Loaded shared library /tmp/lwjglkarmugilan/3.3.0-build-21/liblwjgl_opengl.so
Event: 5.284 loading class java/util/function/IntFunction
Event: 5.284 loading class java/util/function/IntFunction done
Event: 5.302 Loaded shared library /tmp/lwjglkarmugilan/3.3.0-build-21/liblwjgl.so


Dynamic libraries:
cb000000-ce600000 rw-p 00000000 00:00 0 
ce600000-100000000 ---p 00000000 00:00 0 
100000000-1000e0000 rw-p 00000000 00:00 0 
1000e0000-140000000 ---p 00000000 00:00 0 
5590c0d51000-5590c0d52000 r-xp 00000000 08:05 2625428                    /home/karmugilan/Documents/desktop/eclipse/plugins/org.eclipse.justj.openjdk.hotspot.jre.full.linux.x86_64_15.0.2.v20210201-0955/jre/bin/java
5590c0d53000-5590c0d54000 r--p 00001000 08:05 2625428                    /home/karmugilan/Documents/desktop/eclipse/plugins/org.eclipse.justj.openjdk.hotspot.jre.full.linux.x86_64_15.0.2.v20210201-0955/jre/bin/java
5590c0d54000-5590c0d55000 rw-p 00002000 08:05 2625428                    /home/karmugilan/Documents/desktop/eclipse/plugins/org.eclipse.justj.openjdk.hotspot.jre.full.linux.x86_64_15.0.2.v20210201-0955/jre/bin/java
5590c18e4000-5590c1905000 rw-p 00000000 00:00 0                          [heap]
7f865c38c000-7f865c58c000 rw-s 12b74f000 00:05 469                       /dev/dri/renderD128
7f865c58d000-7f865c5e3000 r-xp 00000000 00:26 300                        /tmp/lwjglkarmugilan/3.3.0-build-21/liblwjgl_opengl.so
7f865c5e3000-7f865c7e2000 ---p 00056000 00:26 300                        /tmp/lwjglkarmugilan/3.3.0-build-21/liblwjgl_opengl.so
7f865c7e2000-7f865c7e3000 r--p 00055000 00:26 300                        /tmp/lwjglkarmugilan/3.3.0-build-21/liblwjgl_opengl.so
7f865c7e3000-7f865c7e4000 rw-p 00056000 00:26 300                        /tmp/lwjglkarmugilan/3.3.0-build-21/liblwjgl_opengl.so
7f865c7e4000-7f865c7e5000 ---p 00000000 00:00 0 
7f865c7e5000-7f865c8e6000 rw-p 00000000 00:00 0 
7f865c8e6000-7f865cae6000 rw-s 10cff9000 00:05 469                       /dev/dri/renderD128
7f865caea000-7f865caeb000 ---p 00000000 00:00 0 
7f865caeb000-7f865d2eb000 rw-p 00000000 00:00 0 
7f865d2eb000-7f865d4eb000 rw-s 10c406000 00:05 469                       /dev/dri/renderD128
7f865d4ed000-7f865d6ed000 rw-s 1183f0000 00:05 469                       /dev/dri/renderD128
7f865d6f2000-7f865d6f3000 ---p 00000000 00:00 0 
7f865d6f3000-7f865def3000 rw-p 00000000 00:00 0 
7f865def3000-7f865def4000 ---p 00000000 00:00 0 
7f865def4000-7f865e6f4000 rw-p 00000000 00:00 0 
7f865e6f4000-7f865e6f5000 ---p 00000000 00:00 0 
7f865e6f5000-7f865eef5000 rw-p 00000000 00:00 0 
7f865eef5000-7f865f036000 rw-s 00000000 08:05 2621528                    /home/karmugilan/.cache/mesa_shader_cache/index
7f865f03c000-7f865f03d000 ---p 00000000 00:00 0 
7f865f03d000-7f865f83d000 rw-p 00000000 00:00 0 
7f865f83d000-7f8661458000 r--p 00000000 08:05 136938                     /usr/lib/libicudata.so.70.1
7f8661458000-7f8661459000 r--p 01c1a000 08:05 136938                     /usr/lib/libicudata.so.70.1
7f866145d000-7f86614c5000 r--p 00000000 08:05 155694                     /usr/lib/libicuuc.so.70.1
7f86614c5000-7f86615b7000 r-xp 00068000 08:05 155694                     /usr/lib/libicuuc.so.70.1
7f86615b7000-7f8661643000 r--p 0015a000 08:05 155694                     /usr/lib/libicuuc.so.70.1
7f8661643000-7f8661656000 r--p 001e5000 08:05 155694                     /usr/lib/libicuuc.so.70.1
7f8661656000-7f8661657000 rw-p 001f8000 08:05 155694                     /usr/lib/libicuuc.so.70.1
7f8661657000-7f8661659000 rw-p 00000000 00:00 0 
7f866165d000-7f866168c000 r--p 00000000 08:05 137588                     /usr/lib/libxml2.so.2.9.12
7f866168c000-7f8661775000 r-xp 0002f000 08:05 137588                     /usr/lib/libxml2.so.2.9.12
7f8661775000-7f86617bf000 r--p 00118000 08:05 137588                     /usr/lib/libxml2.so.2.9.12
7f86617bf000-7f86617c0000 ---p 00162000 08:05 137588                     /usr/lib/libxml2.so.2.9.12
7f86617c0000-7f86617c9000 r--p 00162000 08:05 137588                     /usr/lib/libxml2.so.2.9.12
7f86617c9000-7f86617ca000 rw-p 0016b000 08:05 137588                     /usr/lib/libxml2.so.2.9.12
7f86617ca000-7f86617cb000 rw-p 00000000 00:00 0 
7f86617cd000-7f8662105000 r--p 00000000 08:05 135369                     /usr/lib/libLLVM-13.so
7f8662105000-7f866588f000 r-xp 00938000 08:05 135369                     /usr/lib/libLLVM-13.so
7f866588f000-7f8667a55000 r--p 040c2000 08:05 135369                     /usr/lib/libLLVM-13.so
7f8667a55000-7f8667f84000 r--p 06287000 08:05 135369                     /usr/lib/libLLVM-13.so
7f8667f84000-7f8667f8d000 rw-p 067b6000 08:05 135369                     /usr/lib/libLLVM-13.so
7f8667f8d000-7f8667ffb000 rw-p 00000000 00:00 0 
7f8668000000-7f8668021000 rw-p 00000000 00:00 0 
7f8668021000-7f866c000000 ---p 00000000 00:00 0 
7f866c000000-7f866c021000 rw-p 00000000 00:00 0 
7f866c021000-7f8670000000 ---p 00000000 00:00 0 
7f8670000000-7f867030c000 rw-p 00000000 00:00 0 
7f867030c000-7f8674000000 ---p 00000000 00:00 0 
7f8674000000-7f8674150000 rw-p 00000000 00:00 0 
7f8674150000-7f8678000000 ---p 00000000 00:00 0 
7f8678000000-7f8678021000 rw-p 00000000 00:00 0 
7f8678021000-7f867c000000 ---p 00000000 00:00 0 
7f867c000000-7f867c021000 rw-p 00000000 00:00 0 
7f867c021000-7f8680000000 ---p 00000000 00:00 0 
7f8680000000-7f8680021000 rw-p 00000000 00:00 0 
7f8680021000-7f8684000000 ---p 00000000 00:00 0 
7f8684000000-7f8684021000 rw-p 00000000 00:00 0 
7f8684021000-7f8688000000 ---p 00000000 00:00 0 
7f8688000000-7f8688021000 rw-p 00000000 00:00 0 
7f8688021000-7f868c000000 ---p 00000000 00:00 0 
7f868c000000-7f868c021000 rw-p 00000000 00:00 0 
7f868c021000-7f8690000000 ---p 00000000 00:00 0 
7f8690000000-7f8690021000 rw-p 00000000 00:00 0 
7f8690021000-7f8694000000 ---p 00000000 00:00 0 
7f8694065000-7f8694068000 r--p 00000000 08:05 137321                     /usr/lib/liblzma.so.5.2.5
7f8694068000-7f8694080000 r-xp 00003000 08:05 137321                     /usr/lib/liblzma.so.5.2.5
7f8694080000-7f869408b000 r--p 0001b000 08:05 137321                     /usr/lib/liblzma.so.5.2.5
7f869408b000-7f869408c000 ---p 00026000 08:05 137321                     /usr/lib/liblzma.so.5.2.5
7f869408c000-7f869408d000 r--p 00026000 08:05 137321                     /usr/lib/liblzma.so.5.2.5
7f869408d000-7f869408e000 rw-p 00027000 08:05 137321                     /usr/lib/liblzma.so.5.2.5
7f8694095000-7f86940ab000 r--p 00000000 08:05 137330                     /usr/lib/libncursesw.so.6.3
7f86940ab000-7f86940ea000 r-xp 00016000 08:05 137330                     /usr/lib/libncursesw.so.6.3
7f86940ea000-7f8694102000 r--p 00055000 08:05 137330                     /usr/lib/libncursesw.so.6.3
7f8694102000-7f8694103000 ---p 0006d000 08:05 137330                     /usr/lib/libncursesw.so.6.3
7f8694103000-7f8694107000 r--p 0006d000 08:05 137330                     /usr/lib/libncursesw.so.6.3
7f8694107000-7f8694108000 rw-p 00071000 08:05 137330                     /usr/lib/libncursesw.so.6.3
7f869410d000-7f8694116000 r--p 00000000 08:05 137230                     /usr/lib/libedit.so.0.0.68
7f8694116000-7f8694133000 r-xp 00009000 08:05 137230                     /usr/lib/libedit.so.0.0.68
7f8694133000-7f8694141000 r--p 00026000 08:05 137230                     /usr/lib/libedit.so.0.0.68
7f8694141000-7f8694142000 ---p 00034000 08:05 137230                     /usr/lib/libedit.so.0.0.68
7f8694142000-7f8694144000 r--p 00034000 08:05 137230                     /usr/lib/libedit.so.0.0.68
7f8694144000-7f8694145000 rw-p 00036000 08:05 137230                     /usr/lib/libedit.so.0.0.68
7f8694145000-7f8694148000 rw-p 00000000 00:00 0 
7f869414d000-7f8694150000 r--p 00000000 08:05 137254                     /usr/lib/libgcc_s.so.1
7f8694150000-7f8694162000 r-xp 00003000 08:05 137254                     /usr/lib/libgcc_s.so.1
7f8694162000-7f8694165000 r--p 00015000 08:05 137254                     /usr/lib/libgcc_s.so.1
7f8694165000-7f8694166000 ---p 00018000 08:05 137254                     /usr/lib/libgcc_s.so.1
7f8694166000-7f8694167000 r--p 00018000 08:05 137254                     /usr/lib/libgcc_s.so.1
7f8694167000-7f8694168000 rw-p 00019000 08:05 137254                     /usr/lib/libgcc_s.so.1
7f869416d000-7f8694206000 r--p 00000000 08:05 137431                     /usr/lib/libstdc++.so.6.0.29
7f8694206000-7f8694306000 r-xp 00099000 08:05 137431                     /usr/lib/libstdc++.so.6.0.29
7f8694306000-7f8694372000 r--p 00199000 08:05 137431                     /usr/lib/libstdc++.so.6.0.29
7f8694372000-7f869437f000 r--p 00204000 08:05 137431                     /usr/lib/libstdc++.so.6.0.29
7f869437f000-7f8694380000 rw-p 00211000 08:05 137431                     /usr/lib/libstdc++.so.6.0.29
7f8694380000-7f8694383000 rw-p 00000000 00:00 0 
7f8694385000-7f869439a000 r--p 00000000 08:05 141039                     /usr/lib/libvulkan.so.1.2.199
7f869439a000-7f86943cb000 r-xp 00015000 08:05 141039                     /usr/lib/libvulkan.so.1.2.199
7f86943cb000-7f86943e0000 r--p 00046000 08:05 141039                     /usr/lib/libvulkan.so.1.2.199
7f86943e0000-7f86943e1000 ---p 0005b000 08:05 141039                     /usr/lib/libvulkan.so.1.2.199
7f86943e1000-7f86943e4000 r--p 0005b000 08:05 141039                     /usr/lib/libvulkan.so.1.2.199
7f86943e4000-7f86943e5000 rw-p 0005e000 08:05 141039                     /usr/lib/libvulkan.so.1.2.199
7f86943e5000-7f86943ea000 r--p 00000000 08:05 137498                     /usr/lib/libzstd.so.1.5.0
7f86943ea000-7f86944de000 r-xp 00005000 08:05 137498                     /usr/lib/libzstd.so.1.5.0
7f86944de000-7f86944f1000 r--p 000f9000 08:05 137498                     /usr/lib/libzstd.so.1.5.0
7f86944f1000-7f86944f2000 ---p 0010c000 08:05 137498                     /usr/lib/libzstd.so.1.5.0
7f86944f2000-7f86944f3000 r--p 0010c000 08:05 137498                     /usr/lib/libzstd.so.1.5.0
7f86944f3000-7f86944f4000 rw-p 0010d000 08:05 137498                     /usr/lib/libzstd.so.1.5.0
7f86944f5000-7f8694686000 r--p 00000000 08:05 135358                     /usr/lib/dri/radeonsi_dri.so
7f8694686000-7f869570e000 r-xp 00191000 08:05 135358                     /usr/lib/dri/radeonsi_dri.so
7f869570e000-7f8695b78000 r--p 01219000 08:05 135358                     /usr/lib/dri/radeonsi_dri.so
7f8695b78000-7f8695b79000 ---p 01683000 08:05 135358                     /usr/lib/dri/radeonsi_dri.so
7f8695b79000-7f8695ca6000 r--p 01683000 08:05 135358                     /usr/lib/dri/radeonsi_dri.so
7f8695ca6000-7f8695ddb000 rw-p 017b0000 08:05 135358                     /usr/lib/dri/radeonsi_dri.so
7f8695ddb000-7f8695ffd000 rw-p 00000000 00:00 0 
7f8696000000-7f8698000000 rw-p 00000000 00:00 0 
7f8698000000-7f8698021000 rw-p 00000000 00:00 0 
7f8698021000-7f869c000000 ---p 00000000 00:00 0 
7f869c000000-7f869c021000 rw-p 00000000 00:00 0 
7f869c021000-7f86a0000000 ---p 00000000 00:00 0 
7f86a0000000-7f86a0021000 rw-p 00000000 00:00 0 
7f86a0021000-7f86a4000000 ---p 00000000 00:00 0 
7f86a400d000-7f86a400f000 r--p 00000000 08:05 140937                     /usr/lib/libffi.so.8.1.0
7f86a400f000-7f86a4015000 r-xp 00002000 08:05 140937                     /usr/lib/libffi.so.8.1.0
7f86a4015000-7f86a4017000 r--p 00008000 08:05 140937                     /usr/lib/libffi.so.8.1.0
7f86a4017000-7f86a4018000 r--p 00009000 08:05 140937                     /usr/lib/libffi.so.8.1.0
7f86a4018000-7f86a4019000 rw-p 0000a000 08:05 140937                     /usr/lib/libffi.so.8.1.0
7f86a401d000-7f86a401f000 r--p 00000000 08:05 140924                     /usr/lib/libdrm_nouveau.so.2.0.0
7f86a401f000-7f86a4023000 r-xp 00002000 08:05 140924                     /usr/lib/libdrm_nouveau.so.2.0.0
7f86a4023000-7f86a4025000 r--p 00006000 08:05 140924                     /usr/lib/libdrm_nouveau.so.2.0.0
7f86a4025000-7f86a4026000 r--p 00007000 08:05 140924                     /usr/lib/libdrm_nouveau.so.2.0.0
7f86a4026000-7f86a4027000 rw-p 00008000 08:05 140924                     /usr/lib/libdrm_nouveau.so.2.0.0
7f86a402d000-7f86a4030000 r--p 00000000 08:05 135509                     /usr/lib/libdrm_amdgpu.so.1.0.0
7f86a4030000-7f86a4035000 r-xp 00003000 08:05 135509                     /usr/lib/libdrm_amdgpu.so.1.0.0
7f86a4035000-7f86a4037000 r--p 00008000 08:05 135509                     /usr/lib/libdrm_amdgpu.so.1.0.0
7f86a4037000-7f86a4038000 r--p 00009000 08:05 135509                     /usr/lib/libdrm_amdgpu.so.1.0.0
7f86a4038000-7f86a4039000 rw-p 0000a000 08:05 135509                     /usr/lib/libdrm_amdgpu.so.1.0.0
7f86a403d000-7f86a4040000 r--p 00000000 08:05 137226                     /usr/lib/libelf-0.186.so
7f86a4040000-7f86a4050000 r-xp 00003000 08:05 137226                     /usr/lib/libelf-0.186.so
7f86a4050000-7f86a4054000 r--p 00013000 08:05 137226                     /usr/lib/libelf-0.186.so
7f86a4054000-7f86a4055000 ---p 00017000 08:05 137226                     /usr/lib/libelf-0.186.so
7f86a4055000-7f86a4056000 r--p 00017000 08:05 137226                     /usr/lib/libelf-0.186.so
7f86a4056000-7f86a4057000 rw-p 00018000 08:05 137226                     /usr/lib/libelf-0.186.so
7f86a405d000-7f86a405f000 r--p 00000000 08:05 140927                     /usr/lib/libdrm_radeon.so.1.0.1
7f86a405f000-7f86a4065000 r-xp 00002000 08:05 140927                     /usr/lib/libdrm_radeon.so.1.0.1
7f86a4065000-7f86a4069000 r--p 00008000 08:05 140927                     /usr/lib/libdrm_radeon.so.1.0.1
7f86a4069000-7f86a406a000 r--p 0000b000 08:05 140927                     /usr/lib/libdrm_radeon.so.1.0.1
7f86a406a000-7f86a406b000 rw-p 0000c000 08:05 140927                     /usr/lib/libdrm_radeon.so.1.0.1
7f86a406d000-7f86a4070000 r--p 00000000 08:05 137422                     /usr/lib/libsensors.so.5.0.0
7f86a4070000-7f86a4077000 r-xp 00003000 08:05 137422                     /usr/lib/libsensors.so.5.0.0
7f86a4077000-7f86a407c000 r--p 0000a000 08:05 137422                     /usr/lib/libsensors.so.5.0.0
7f86a407c000-7f86a407d000 r--p 0000e000 08:05 137422                     /usr/lib/libsensors.so.5.0.0
7f86a407d000-7f86a407e000 rw-p 0000f000 08:05 137422                     /usr/lib/libsensors.so.5.0.0
7f86a4085000-7f86a4088000 r--p 00000000 08:05 137484                     /usr/lib/libxcb-xfixes.so.0.0.0
7f86a4088000-7f86a408b000 r-xp 00003000 08:05 137484                     /usr/lib/libxcb-xfixes.so.0.0.0
7f86a408b000-7f86a408c000 r--p 00006000 08:05 137484                     /usr/lib/libxcb-xfixes.so.0.0.0
7f86a408c000-7f86a408d000 ---p 00007000 08:05 137484                     /usr/lib/libxcb-xfixes.so.0.0.0
7f86a408d000-7f86a408e000 r--p 00007000 08:05 137484                     /usr/lib/libxcb-xfixes.so.0.0.0
7f86a408e000-7f86a408f000 rw-p 00008000 08:05 137484                     /usr/lib/libxcb-xfixes.so.0.0.0
7f86a4095000-7f86a4096000 r--p 00000000 08:05 137493                     /usr/lib/libxshmfence.so.1.0.0
7f86a4096000-7f86a4097000 r-xp 00001000 08:05 137493                     /usr/lib/libxshmfence.so.1.0.0
7f86a4097000-7f86a4098000 r--p 00002000 08:05 137493                     /usr/lib/libxshmfence.so.1.0.0
7f86a4098000-7f86a4099000 r--p 00002000 08:05 137493                     /usr/lib/libxshmfence.so.1.0.0
7f86a4099000-7f86a409a000 rw-p 00003000 08:05 137493                     /usr/lib/libxshmfence.so.1.0.0
7f86a409d000-7f86a40a0000 r--p 00000000 08:05 137482                     /usr/lib/libxcb-sync.so.1.0.0
7f86a40a0000-7f86a40a3000 r-xp 00003000 08:05 137482                     /usr/lib/libxcb-sync.so.1.0.0
7f86a40a3000-7f86a40a4000 r--p 00006000 08:05 137482                     /usr/lib/libxcb-sync.so.1.0.0
7f86a40a4000-7f86a40a5000 ---p 00007000 08:05 137482                     /usr/lib/libxcb-sync.so.1.0.0
7f86a40a5000-7f86a40a6000 r--p 00007000 08:05 137482                     /usr/lib/libxcb-sync.so.1.0.0
7f86a40a6000-7f86a40a7000 rw-p 00008000 08:05 137482                     /usr/lib/libxcb-sync.so.1.0.0
7f86a40ad000-7f86a40ae000 r--p 00000000 08:05 137474                     /usr/lib/libxcb-present.so.0.0.0
7f86a40ae000-7f86a40af000 r-xp 00001000 08:05 137474                     /usr/lib/libxcb-present.so.0.0.0
7f86a40af000-7f86a40b0000 r--p 00002000 08:05 137474                     /usr/lib/libxcb-present.so.0.0.0
7f86a40b0000-7f86a40b1000 r--p 00002000 08:05 137474                     /usr/lib/libxcb-present.so.0.0.0
7f86a40b1000-7f86a40b2000 rw-p 00003000 08:05 137474                     /usr/lib/libxcb-present.so.0.0.0
7f86a40b5000-7f86a40b7000 r--p 00000000 08:05 137472                     /usr/lib/libxcb-dri3.so.0.0.0
7f86a40b7000-7f86a40b8000 r-xp 00002000 08:05 137472                     /usr/lib/libxcb-dri3.so.0.0.0
7f86a40b8000-7f86a40b9000 r--p 00003000 08:05 137472                     /usr/lib/libxcb-dri3.so.0.0.0
7f86a40b9000-7f86a40ba000 r--p 00003000 08:05 137472                     /usr/lib/libxcb-dri3.so.0.0.0
7f86a40ba000-7f86a40bb000 rw-p 00004000 08:05 137472                     /usr/lib/libxcb-dri3.so.0.0.0
7f86a40bd000-7f86a40c1000 r--p 00000000 08:05 137240                     /usr/lib/libexpat.so.1.8.1
7f86a40c1000-7f86a40df000 r-xp 00004000 08:05 137240                     /usr/lib/libexpat.so.1.8.1
7f86a40df000-7f86a40e9000 r--p 00022000 08:05 137240                     /usr/lib/libexpat.so.1.8.1
7f86a40e9000-7f86a40ea000 ---p 0002c000 08:05 137240                     /usr/lib/libexpat.so.1.8.1
7f86a40ea000-7f86a40ec000 r--p 0002c000 08:05 137240                     /usr/lib/libexpat.so.1.8.1
7f86a40ec000-7f86a40ed000 rw-p 0002e000 08:05 137240                     /usr/lib/libexpat.so.1.8.1
7f86a40ed000-7f86a40ee000 r--p 00000000 08:05 137481                     /usr/lib/libxcb-shm.so.0.0.0
7f86a40ee000-7f86a40ef000 r-xp 00001000 08:05 137481                     /usr/lib/libxcb-shm.so.0.0.0
7f86a40ef000-7f86a40f0000 r--p 00002000 08:05 137481                     /usr/lib/libxcb-shm.so.0.0.0
7f86a40f0000-7f86a40f1000 r--p 00002000 08:05 137481                     /usr/lib/libxcb-shm.so.0.0.0
7f86a40f1000-7f86a40f2000 rw-p 00003000 08:05 137481                     /usr/lib/libxcb-shm.so.0.0.0
7f86a40f5000-7f86a40f7000 r--p 00000000 08:05 137471                     /usr/lib/libxcb-dri2.so.0.0.0
7f86a40f7000-7f86a40f9000 r-xp 00002000 08:05 137471                     /usr/lib/libxcb-dri2.so.0.0.0
7f86a40f9000-7f86a40fa000 r--p 00004000 08:05 137471                     /usr/lib/libxcb-dri2.so.0.0.0
7f86a40fa000-7f86a40fb000 r--p 00004000 08:05 137471                     /usr/lib/libxcb-dri2.so.0.0.0
7f86a40fb000-7f86a40fc000 rw-p 00005000 08:05 137471                     /usr/lib/libxcb-dri2.so.0.0.0
7f86a40fd000-7f86a4109000 r--p 00000000 08:05 137473                     /usr/lib/libxcb-glx.so.0.0.0
7f86a4109000-7f86a4112000 r-xp 0000c000 08:05 137473                     /usr/lib/libxcb-glx.so.0.0.0
7f86a4112000-7f86a4117000 r--p 00015000 08:05 137473                     /usr/lib/libxcb-glx.so.0.0.0
7f86a4117000-7f86a4118000 ---p 0001a000 08:05 137473                     /usr/lib/libxcb-glx.so.0.0.0
7f86a4118000-7f86a411a000 r--p 0001a000 08:05 137473                     /usr/lib/libxcb-glx.so.0.0.0
7f86a411a000-7f86a411b000 rw-p 0001c000 08:05 137473                     /usr/lib/libxcb-glx.so.0.0.0
7f86a411d000-7f86a4122000 r--p 00000000 08:05 135503                     /usr/lib/libdrm.so.2.4.0
7f86a4122000-7f86a412d000 r-xp 00005000 08:05 135503                     /usr/lib/libdrm.so.2.4.0
7f86a412d000-7f86a4131000 r--p 00010000 08:05 135503                     /usr/lib/libdrm.so.2.4.0
7f86a4131000-7f86a4132000 ---p 00014000 08:05 135503                     /usr/lib/libdrm.so.2.4.0
7f86a4132000-7f86a4133000 r--p 00014000 08:05 135503                     /usr/lib/libdrm.so.2.4.0
7f86a4133000-7f86a4134000 rw-p 00015000 08:05 135503                     /usr/lib/libdrm.so.2.4.0
7f86a4135000-7f86a4142000 r--p 00000000 08:05 137433                     /usr/lib/libglapi.so.0.0.0
7f86a4142000-7f86a4150000 r-xp 0000d000 08:05 137433                     /usr/lib/libglapi.so.0.0.0
7f86a4150000-7f86a4169000 r--p 0001b000 08:05 137433                     /usr/lib/libglapi.so.0.0.0
7f86a4169000-7f86a416a000 ---p 00034000 08:05 137433                     /usr/lib/libglapi.so.0.0.0
7f86a416a000-7f86a416e000 r--p 00034000 08:05 137433                     /usr/lib/libglapi.so.0.0.0
7f86a416e000-7f86a416f000 rw-p 00038000 08:05 137433                     /usr/lib/libglapi.so.0.0.0
7f86a416f000-7f86a4170000 rw-p 00000000 00:00 0 
7f86a4175000-7f86a418e000 r--p 00000000 08:05 135933                     /usr/lib/libGLX_mesa.so.0.0.0
7f86a418e000-7f86a41d2000 r-xp 00019000 08:05 135933                     /usr/lib/libGLX_mesa.so.0.0.0
7f86a41d2000-7f86a41e9000 r--p 0005d000 08:05 135933                     /usr/lib/libGLX_mesa.so.0.0.0
7f86a41e9000-7f86a41ea000 ---p 00074000 08:05 135933                     /usr/lib/libGLX_mesa.so.0.0.0
7f86a41ea000-7f86a41ed000 r--p 00074000 08:05 135933                     /usr/lib/libGLX_mesa.so.0.0.0
7f86a41ed000-7f86a41ee000 rw-p 00077000 08:05 135933                     /usr/lib/libGLX_mesa.so.0.0.0
7f86a41f5000-7f86a41f8000 r--p 00000000 08:05 137147                     /usr/lib/libGLX.so.0.0.0
7f86a41f8000-7f86a4212000 r-xp 00003000 08:05 137147                     /usr/lib/libGLX.so.0.0.0
7f86a4212000-7f86a4215000 r--p 0001d000 08:05 137147                     /usr/lib/libGLX.so.0.0.0
7f86a4215000-7f86a4216000 ---p 00020000 08:05 137147                     /usr/lib/libGLX.so.0.0.0
7f86a4216000-7f86a4217000 r--p 00020000 08:05 137147                     /usr/lib/libGLX.so.0.0.0
7f86a4217000-7f86a4218000 rw-p 00021000 08:05 137147                     /usr/lib/libGLX.so.0.0.0
7f86a4218000-7f86a4228000 rw-p 00000000 00:00 0 
7f86a422d000-7f86a426e000 r--p 00000000 08:05 137149                     /usr/lib/libGLdispatch.so.0.0.0
7f86a426e000-7f86a42ac000 r-xp 00041000 08:05 137149                     /usr/lib/libGLdispatch.so.0.0.0
7f86a42ac000-7f86a42bf000 r--p 0007f000 08:05 137149                     /usr/lib/libGLdispatch.so.0.0.0
7f86a42bf000-7f86a42c0000 ---p 00092000 08:05 137149                     /usr/lib/libGLdispatch.so.0.0.0
7f86a42c0000-7f86a42dc000 r--p 00092000 08:05 137149                     /usr/lib/libGLdispatch.so.0.0.0
7f86a42dc000-7f86a42dd000 rw-p 000ae000 08:05 137149                     /usr/lib/libGLdispatch.so.0.0.0
7f86a42dd000-7f86a42e5000 rw-p 00000000 00:00 0 
7f86a42e5000-7f86a4327000 r--p 00000000 08:05 137145                     /usr/lib/libGL.so.1.7.0
7f86a4327000-7f86a4346000 r-xp 00042000 08:05 137145                     /usr/lib/libGL.so.1.7.0
7f86a4346000-7f86a435b000 r--p 00061000 08:05 137145                     /usr/lib/libGL.so.1.7.0
7f86a435b000-7f86a4369000 r--p 00075000 08:05 137145                     /usr/lib/libGL.so.1.7.0
7f86a4369000-7f86a436a000 rw-p 00083000 08:05 137145                     /usr/lib/libGL.so.1.7.0
7f86a436a000-7f86a436b000 rw-p 00000000 00:00 0 
7f86a436d000-7f86a436e000 r--p 00000000 08:05 137157                     /usr/lib/libX11-xcb.so.1.0.0
7f86a436e000-7f86a436f000 r-xp 00001000 08:05 137157                     /usr/lib/libX11-xcb.so.1.0.0
7f86a436f000-7f86a4370000 r--p 00002000 08:05 137157                     /usr/lib/libX11-xcb.so.1.0.0
7f86a4370000-7f86a4371000 r--p 00002000 08:05 137157                     /usr/lib/libX11-xcb.so.1.0.0
7f86a4371000-7f86a4372000 rw-p 00003000 08:05 137157                     /usr/lib/libX11-xcb.so.1.0.0
7f86a4375000-7f86a4377000 r--p 00000000 08:05 137163                     /usr/lib/libXfixes.so.3.1.0
7f86a4377000-7f86a437a000 r-xp 00002000 08:05 137163                     /usr/lib/libXfixes.so.3.1.0
7f86a437a000-7f86a437b000 r--p 00005000 08:05 137163                     /usr/lib/libXfixes.so.3.1.0
7f86a437b000-7f86a437c000 ---p 00006000 08:05 137163                     /usr/lib/libXfixes.so.3.1.0
7f86a437c000-7f86a437d000 r--p 00006000 08:05 137163                     /usr/lib/libXfixes.so.3.1.0
7f86a437d000-7f86a437e000 rw-p 00007000 08:05 137163                     /usr/lib/libXfixes.so.3.1.0
7f86a4385000-7f86a4388000 r--p 00000000 08:05 146294                     /usr/lib/libXcursor.so.1.0.2
7f86a4388000-7f86a438d000 r-xp 00003000 08:05 146294                     /usr/lib/libXcursor.so.1.0.2
7f86a438d000-7f86a438f000 r--p 00008000 08:05 146294                     /usr/lib/libXcursor.so.1.0.2
7f86a438f000-7f86a4390000 r--p 00009000 08:05 146294                     /usr/lib/libXcursor.so.1.0.2
7f86a4390000-7f86a4391000 rw-p 0000a000 08:05 146294                     /usr/lib/libXcursor.so.1.0.2
7f86a4395000-7f86a4397000 r--p 00000000 08:05 146303                     /usr/lib/libXrender.so.1.3.0
7f86a4397000-7f86a439e000 r-xp 00002000 08:05 146303                     /usr/lib/libXrender.so.1.3.0
7f86a439e000-7f86a43a0000 r--p 00009000 08:05 146303                     /usr/lib/libXrender.so.1.3.0
7f86a43a0000-7f86a43a1000 r--p 0000a000 08:05 146303                     /usr/lib/libXrender.so.1.3.0
7f86a43a1000-7f86a43a2000 rw-p 0000b000 08:05 146303                     /usr/lib/libXrender.so.1.3.0
7f86a43a5000-7f86a43a7000 r--p 00000000 08:05 146302                     /usr/lib/libXrandr.so.2.2.0
7f86a43a7000-7f86a43ae000 r-xp 00002000 08:05 146302                     /usr/lib/libXrandr.so.2.2.0
7f86a43ae000-7f86a43b0000 r--p 00009000 08:05 146302                     /usr/lib/libXrandr.so.2.2.0
7f86a43b0000-7f86a43b1000 r--p 0000a000 08:05 146302                     /usr/lib/libXrandr.so.2.2.0
7f86a43b1000-7f86a43b2000 rw-p 0000b000 08:05 146302                     /usr/lib/libXrandr.so.2.2.0
7f86a43b5000-7f86a43b8000 r--p 00000000 08:05 146297                     /usr/lib/libXi.so.6.1.0
7f86a43b8000-7f86a43c4000 r-xp 00003000 08:05 146297                     /usr/lib/libXi.so.6.1.0
7f86a43c4000-7f86a43c7000 r--p 0000f000 08:05 146297                     /usr/lib/libXi.so.6.1.0
7f86a43c7000-7f86a43c8000 r--p 00011000 08:05 146297                     /usr/lib/libXi.so.6.1.0
7f86a43c8000-7f86a43c9000 rw-p 00012000 08:05 146297                     /usr/lib/libXi.so.6.1.0
7f86a43cd000-7f86a43d1000 r--p 00000000 08:05 137162                     /usr/lib/libXext.so.6.4.0
7f86a43d1000-7f86a43dc000 r-xp 00004000 08:05 137162                     /usr/lib/libXext.so.6.4.0
7f86a43dc000-7f86a43e0000 r--p 0000f000 08:05 137162                     /usr/lib/libXext.so.6.4.0
7f86a43e0000-7f86a43e1000 r--p 00012000 08:05 137162                     /usr/lib/libXext.so.6.4.0
7f86a43e1000-7f86a43e2000 rw-p 00013000 08:05 137162                     /usr/lib/libXext.so.6.4.0
7f86a43e5000-7f86a43e6000 r--p 00000000 08:05 137164                     /usr/lib/libXxf86vm.so.1.0.0
7f86a43e6000-7f86a43e9000 r-xp 00001000 08:05 137164                     /usr/lib/libXxf86vm.so.1.0.0
7f86a43e9000-7f86a43ea000 r--p 00004000 08:05 137164                     /usr/lib/libXxf86vm.so.1.0.0
7f86a43ea000-7f86a43eb000 r--p 00004000 08:05 137164                     /usr/lib/libXxf86vm.so.1.0.0
7f86a43eb000-7f86a43ec000 rw-p 00005000 08:05 137164                     /usr/lib/libXxf86vm.so.1.0.0
7f86a43ed000-7f86a43ef000 r--p 00000000 08:05 137161                     /usr/lib/libXdmcp.so.6.0.0
7f86a43ef000-7f86a43f1000 r-xp 00002000 08:05 137161                     /usr/lib/libXdmcp.so.6.0.0
7f86a43f1000-7f86a43f3000 r--p 00004000 08:05 137161                     /usr/lib/libXdmcp.so.6.0.0
7f86a43f3000-7f86a43f4000 r--p 00005000 08:05 137161                     /usr/lib/libXdmcp.so.6.0.0
7f86a43f4000-7f86a43f5000 rw-p 00006000 08:05 137161                     /usr/lib/libXdmcp.so.6.0.0
7f86a43f5000-7f86a4411000 r--p 00000000 08:05 137158                     /usr/lib/libX11.so.6.4.0
7f86a4411000-7f86a449b000 r-xp 0001c000 08:05 137158                     /usr/lib/libX11.so.6.4.0
7f86a449b000-7f86a452f000 r--p 000a6000 08:05 137158                     /usr/lib/libX11.so.6.4.0
7f86a452f000-7f86a4532000 r--p 00139000 08:05 137158                     /usr/lib/libX11.so.6.4.0
7f86a4532000-7f86a4536000 rw-p 0013c000 08:05 137158                     /usr/lib/libX11.so.6.4.0
7f86a453c000-7f86a46fc000 rw-p 00000000 00:00 0 
7f86a46fc000-7f86a473c000 ---p 00000000 00:00 0 
7f86a473d000-7f86a4794000 r-xp 00000000 00:26 299                        /tmp/lwjglkarmugilan/3.3.0-build-21/libglfw.so
7f86a4794000-7f86a4993000 ---p 00057000 00:26 299                        /tmp/lwjglkarmugilan/3.3.0-build-21/libglfw.so
7f86a4993000-7f86a4996000 r--p 00056000 00:26 299                        /tmp/lwjglkarmugilan/3.3.0-build-21/libglfw.so
7f86a4996000-7f86a4998000 rw-p 00059000 00:26 299                        /tmp/lwjglkarmugilan/3.3.0-build-21/libglfw.so
7f86a4998000-7f86a49bb000 rw-p 00000000 00:00 0 
7f86a49bd000-7f86a4a1c000 r-xp 00000000 00:26 298                        /tmp/lwjglkarmugilan/3.3.0-build-21/liblwjgl.so
7f86a4a1c000-7f86a4c1b000 ---p 0005f000 00:26 298                        /tmp/lwjglkarmugilan/3.3.0-build-21/liblwjgl.so
7f86a4c1b000-7f86a4c1c000 r--p 0005e000 00:26 298                        /tmp/lwjglkarmugilan/3.3.0-build-21/liblwjgl.so
7f86a4c1c000-7f86a4c1d000 rw-p 0005f000 00:26 298                        /tmp/lwjglkarmugilan/3.3.0-build-21/liblwjgl.so
7f86a4c1d000-7f86a4c21000 ---p 00000000 00:00 0 
7f86a4c21000-7f86a4d1e000 rw-p 00000000 00:00 0 
7f86a4d1e000-7f86a4d1f000 ---p 00000000 00:00 0 
7f86a4d1f000-7f86a4e20000 rw-p 00000000 00:00 0 
7f86a4e20000-7f86a4e24000 ---p 00000000 00:00 0 
7f86a4e24000-7f86a4f21000 rw-p 00000000 00:00 0 
7f86a4f21000-7f86a4f25000 ---p 00000000 00:00 0 
7f86a4f25000-7f86a5022000 rw-p 00000000 00:00 0 
7f86a5022000-7f86a5026000 ---p 00000000 00:00 0 
7f86a5026000-7f86a5123000 rw-p 00000000 00:00 0 
7f86a5123000-7f86a5127000 ---p 00000000 00:00 0 
7f86a5127000-7f86a5224000 rw-p 00000000 00:00 0 
7f86a5224000-7f86a5228000 ---p 00000000 00:00 0 
7f86a5228000-7f86a5325000 rw-p 00000000 00:00 0 
7f86a5325000-7f86a560d000 r--p 00000000 08:05 140811                     /usr/lib/locale/locale-archive
7f86a560d000-7f86a587d000 rwxp 00000000 00:00 0 
7f86a587d000-7f86a5b9c000 ---p 00000000 00:00 0 
7f86a5b9c000-7f86a5e0c000 rwxp 00000000 00:00 0 
7f86a5e0c000-7f86ad0d4000 ---p 00000000 00:00 0 
7f86ad0d4000-7f86ad344000 rwxp 00000000 00:00 0 
7f86ad344000-7f86b460d000 ---p 00000000 00:00 0 
7f86b460d000-7f86b7ffe000 r--s 00000000 08:05 2625516                    /home/karmugilan/Documents/desktop/eclipse/plugins/org.eclipse.justj.openjdk.hotspot.jre.full.linux.x86_64_15.0.2.v20210201-0955/jre/lib/modules
7f86b8000000-7f86b8b82000 rw-p 00000000 00:00 0 
7f86b8b82000-7f86bc000000 ---p 00000000 00:00 0 
7f86bc005000-7f86bc006000 r--p 00000000 08:05 146298                     /usr/lib/libXinerama.so.1.0.0
7f86bc006000-7f86bc007000 r-xp 00001000 08:05 146298                     /usr/lib/libXinerama.so.1.0.0
7f86bc007000-7f86bc008000 r--p 00002000 08:05 146298                     /usr/lib/libXinerama.so.1.0.0
7f86bc008000-7f86bc009000 r--p 00002000 08:05 146298                     /usr/lib/libXinerama.so.1.0.0
7f86bc009000-7f86bc00a000 rw-p 00003000 08:05 146298                     /usr/lib/libXinerama.so.1.0.0
7f86bc00d000-7f86bc00e000 r--p 00000000 08:05 137159                     /usr/lib/libXau.so.6.0.0
7f86bc00e000-7f86bc00f000 r-xp 00001000 08:05 137159                     /usr/lib/libXau.so.6.0.0
7f86bc00f000-7f86bc010000 r--p 00002000 08:05 137159                     /usr/lib/libXau.so.6.0.0
7f86bc010000-7f86bc011000 r--p 00002000 08:05 137159                     /usr/lib/libXau.so.6.0.0
7f86bc011000-7f86bc012000 rw-p 00003000 08:05 137159                     /usr/lib/libXau.so.6.0.0
7f86bc015000-7f86bc021000 r--p 00000000 08:05 137491                     /usr/lib/libxcb.so.1.1.0
7f86bc021000-7f86bc034000 r-xp 0000c000 08:05 137491                     /usr/lib/libxcb.so.1.1.0
7f86bc034000-7f86bc03d000 r--p 0001f000 08:05 137491                     /usr/lib/libxcb.so.1.1.0
7f86bc03d000-7f86bc03e000 r--p 00027000 08:05 137491                     /usr/lib/libxcb.so.1.1.0
7f86bc03e000-7f86bc03f000 rw-p 00028000 08:05 137491                     /usr/lib/libxcb.so.1.1.0
7f86bc055000-7f86bc056000 rw-s 00000000 00:01 2761                       /memfd:xshmfence (deleted)
7f86bc05d000-7f86bc05e000 rw-s 00000000 00:01 3804                       /memfd:xshmfence (deleted)
7f86bc065000-7f86bc066000 rw-s 1185f0000 00:05 469                       /dev/dri/renderD128
7f86bc06c000-7f86bc06d000 rw-s 11ab17000 00:05 469                       /dev/dri/renderD128
7f86bc074000-7f86bc0a5000 rw-p 00000000 00:00 0 
7f86bc0a5000-7f86bc0ba000 r-xp 00000000 08:05 2625506                    /home/karmugilan/Documents/desktop/eclipse/plugins/org.eclipse.justj.openjdk.hotspot.jre.full.linux.x86_64_15.0.2.v20210201-0955/jre/lib/libnet.so
7f86bc0ba000-7f86bc0bb000 r--p 00014000 08:05 2625506                    /home/karmugilan/Documents/desktop/eclipse/plugins/org.eclipse.justj.openjdk.hotspot.jre.full.linux.x86_64_15.0.2.v20210201-0955/jre/lib/libnet.so
7f86bc0bb000-7f86bc0bc000 rw-p 00015000 08:05 2625506                    /home/karmugilan/Documents/desktop/eclipse/plugins/org.eclipse.justj.openjdk.hotspot.jre.full.linux.x86_64_15.0.2.v20210201-0955/jre/lib/libnet.so
7f86bc0bd000-7f86bc0cf000 r-xp 00000000 08:05 2625507                    /home/karmugilan/Documents/desktop/eclipse/plugins/org.eclipse.justj.openjdk.hotspot.jre.full.linux.x86_64_15.0.2.v20210201-0955/jre/lib/libnio.so
7f86bc0cf000-7f86bc0d0000 r--p 00011000 08:05 2625507                    /home/karmugilan/Documents/desktop/eclipse/plugins/org.eclipse.justj.openjdk.hotspot.jre.full.linux.x86_64_15.0.2.v20210201-0955/jre/lib/libnio.so
7f86bc0d0000-7f86bc0d1000 rw-p 00012000 08:05 2625507                    /home/karmugilan/Documents/desktop/eclipse/plugins/org.eclipse.justj.openjdk.hotspot.jre.full.linux.x86_64_15.0.2.v20210201-0955/jre/lib/libnio.so
7f86bc0d8000-7f86bc0dc000 ---p 00000000 00:00 0 
7f86bc0dc000-7f86bc1d9000 rw-p 00000000 00:00 0 
7f86bc1d9000-7f86bc1dd000 ---p 00000000 00:00 0 
7f86bc1dd000-7f86bc2da000 rw-p 00000000 00:00 0 
7f86bc2da000-7f86bc2de000 ---p 00000000 00:00 0 
7f86bc2de000-7f86bc3db000 rw-p 00000000 00:00 0 
7f86bc3db000-7f86bc3dc000 ---p 00000000 00:00 0 
7f86bc3dc000-7f86bc4dd000 rw-p 00000000 00:00 0 
7f86bc4dd000-7f86bc4e4000 r-xp 00000000 08:05 2625515                    /home/karmugilan/Documents/desktop/eclipse/plugins/org.eclipse.justj.openjdk.hotspot.jre.full.linux.x86_64_15.0.2.v20210201-0955/jre/lib/libzip.so
7f86bc4e4000-7f86bc4e5000 ---p 00007000 08:05 2625515                    /home/karmugilan/Documents/desktop/eclipse/plugins/org.eclipse.justj.openjdk.hotspot.jre.full.linux.x86_64_15.0.2.v20210201-0955/jre/lib/libzip.so
7f86bc4e5000-7f86bc4e6000 r--p 00007000 08:05 2625515                    /home/karmugilan/Documents/desktop/eclipse/plugins/org.eclipse.justj.openjdk.hotspot.jre.full.linux.x86_64_15.0.2.v20210201-0955/jre/lib/libzip.so
7f86bc4e6000-7f86bc4e7000 rw-p 00008000 08:05 2625515                    /home/karmugilan/Documents/desktop/eclipse/plugins/org.eclipse.justj.openjdk.hotspot.jre.full.linux.x86_64_15.0.2.v20210201-0955/jre/lib/libzip.so
7f86bc4eb000-7f86bce08000 rw-p 00000000 00:00 0 
7f86bce0a000-7f86bce4c000 rw-p 00000000 00:00 0 
7f86bce4c000-7f86bce4d000 ---p 00000000 00:00 0 
7f86bce4d000-7f86bcf4e000 rw-p 00000000 00:00 0 
7f86bcf4e000-7f86bcf4f000 ---p 00000000 00:00 0 
7f86bcf4f000-7f86bd252000 rw-p 00000000 00:00 0 
7f86bd252000-7f86bd253000 ---p 00000000 00:00 0 
7f86bd253000-7f86bd354000 rw-p 00000000 00:00 0 
7f86bd354000-7f86bd355000 ---p 00000000 00:00 0 
7f86bd355000-7f86bd456000 rw-p 00000000 00:00 0 
7f86bd456000-7f86bd457000 ---p 00000000 00:00 0 
7f86bd457000-7f86bd64d000 rw-p 00000000 00:00 0 
7f86bd64d000-7f86be2b5000 ---p 00000000 00:00 0 
7f86be2b5000-7f86be38d000 rw-p 00000000 00:00 0 
7f86be38d000-7f86beff5000 ---p 00000000 00:00 0 
7f86beff5000-7f86bf010000 rw-p 00000000 00:00 0 
7f86bf010000-7f86bf19d000 ---p 00000000 00:00 0 
7f86bf19d000-7f86bf1b8000 rw-p 00000000 00:00 0 
7f86bf1b8000-7f86bf345000 ---p 00000000 00:00 0 
7f86bf345000-7f86bf360000 rw-p 00000000 00:00 0 
7f86bf360000-7f86bf4ed000 ---p 00000000 00:00 0 
7f86bf4ed000-7f86bf6f4000 rw-p 00000000 00:00 0 
7f86bf6f4000-7f86bf7da000 ---p 00000000 00:00 0 
7f86bf7da000-7f86bf7df000 rw-p 00000000 00:00 0 
7f86bf7df000-7f86bf8c5000 ---p 00000000 00:00 0 
7f86bf8c5000-7f86bf8c8000 r--p 00000000 08:05 137366                     /usr/lib/libnss_files-2.33.so
7f86bf8c8000-7f86bf8cf000 r-xp 00003000 08:05 137366                     /usr/lib/libnss_files-2.33.so
7f86bf8cf000-7f86bf8d1000 r--p 0000a000 08:05 137366                     /usr/lib/libnss_files-2.33.so
7f86bf8d1000-7f86bf8d2000 r--p 0000b000 08:05 137366                     /usr/lib/libnss_files-2.33.so
7f86bf8d2000-7f86bf8d3000 rw-p 0000c000 08:05 137366                     /usr/lib/libnss_files-2.33.so
7f86bf8d3000-7f86bf8de000 rw-p 00000000 00:00 0 
7f86bf8de000-7f86bf8e5000 ---p 00000000 00:00 0 
7f86bf8e5000-7f86bf909000 r-xp 00000000 08:05 2625493                    /home/karmugilan/Documents/desktop/eclipse/plugins/org.eclipse.justj.openjdk.hotspot.jre.full.linux.x86_64_15.0.2.v20210201-0955/jre/lib/libjava.so
7f86bf909000-7f86bf90a000 ---p 00024000 08:05 2625493                    /home/karmugilan/Documents/desktop/eclipse/plugins/org.eclipse.justj.openjdk.hotspot.jre.full.linux.x86_64_15.0.2.v20210201-0955/jre/lib/libjava.so
7f86bf90a000-7f86bf90b000 r--p 00024000 08:05 2625493                    /home/karmugilan/Documents/desktop/eclipse/plugins/org.eclipse.justj.openjdk.hotspot.jre.full.linux.x86_64_15.0.2.v20210201-0955/jre/lib/libjava.so
7f86bf90b000-7f86bf90c000 rw-p 00025000 08:05 2625493                    /home/karmugilan/Documents/desktop/eclipse/plugins/org.eclipse.justj.openjdk.hotspot.jre.full.linux.x86_64_15.0.2.v20210201-0955/jre/lib/libjava.so
7f86bf90c000-7f86bf90d000 rw-p 00000000 00:00 0 
7f86bf90d000-7f86bf910000 r--p 00000000 08:05 137417                     /usr/lib/librt-2.33.so
7f86bf910000-7f86bf914000 r-xp 00003000 08:05 137417                     /usr/lib/librt-2.33.so
7f86bf914000-7f86bf916000 r--p 00007000 08:05 137417                     /usr/lib/librt-2.33.so
7f86bf916000-7f86bf917000 r--p 00008000 08:05 137417                     /usr/lib/librt-2.33.so
7f86bf917000-7f86bf918000 rw-p 00009000 08:05 137417                     /usr/lib/librt-2.33.so
7f86bf91c000-7f86bf920000 ---p 00000000 00:00 0 
7f86bf920000-7f86bfa1d000 rw-p 00000000 00:00 0 
7f86bfa1d000-7f86bfa2c000 r--p 00000000 08:05 137324                     /usr/lib/libm-2.33.so
7f86bfa2c000-7f86bfac6000 r-xp 0000f000 08:05 137324                     /usr/lib/libm-2.33.so
7f86bfac6000-7f86bfb5e000 r--p 000a9000 08:05 137324                     /usr/lib/libm-2.33.so
7f86bfb5e000-7f86bfb5f000 ---p 00141000 08:05 137324                     /usr/lib/libm-2.33.so
7f86bfb5f000-7f86bfb60000 r--p 00141000 08:05 137324                     /usr/lib/libm-2.33.so
7f86bfb60000-7f86bfb61000 rw-p 00142000 08:05 137324                     /usr/lib/libm-2.33.so
7f86bfb65000-7f86c0bac000 r-xp 00000000 08:05 2625707                    /home/karmugilan/Documents/desktop/eclipse/plugins/org.eclipse.justj.openjdk.hotspot.jre.full.linux.x86_64_15.0.2.v20210201-0955/jre/lib/server/libjvm.so
7f86c0bac000-7f86c0bad000 ---p 01047000 08:05 2625707                    /home/karmugilan/Documents/desktop/eclipse/plugins/org.eclipse.justj.openjdk.hotspot.jre.full.linux.x86_64_15.0.2.v20210201-0955/jre/lib/server/libjvm.so
7f86c0bad000-7f86c0c47000 r--p 01047000 08:05 2625707                    /home/karmugilan/Documents/desktop/eclipse/plugins/org.eclipse.justj.openjdk.hotspot.jre.full.linux.x86_64_15.0.2.v20210201-0955/jre/lib/server/libjvm.so
7f86c0c47000-7f86c0c7e000 rw-p 010e1000 08:05 2625707                    /home/karmugilan/Documents/desktop/eclipse/plugins/org.eclipse.justj.openjdk.hotspot.jre.full.linux.x86_64_15.0.2.v20210201-0955/jre/lib/server/libjvm.so
7f86c0c7e000-7f86c0d07000 rw-p 00000000 00:00 0 
7f86c0d0d000-7f86c0d33000 r--p 00000000 08:05 137192                     /usr/lib/libc-2.33.so
7f86c0d33000-7f86c0e7e000 r-xp 00026000 08:05 137192                     /usr/lib/libc-2.33.so
7f86c0e7e000-7f86c0eca000 r--p 00171000 08:05 137192                     /usr/lib/libc-2.33.so
7f86c0eca000-7f86c0ecd000 r--p 001bc000 08:05 137192                     /usr/lib/libc-2.33.so
7f86c0ecd000-7f86c0ed0000 rw-p 001bf000 08:05 137192                     /usr/lib/libc-2.33.so
7f86c0ed0000-7f86c0ed9000 rw-p 00000000 00:00 0 
7f86c0edd000-7f86c0edf000 r--p 00000000 08:05 137217                     /usr/lib/libdl-2.33.so
7f86c0edf000-7f86c0ee1000 r-xp 00002000 08:05 137217                     /usr/lib/libdl-2.33.so
7f86c0ee1000-7f86c0ee2000 r--p 00004000 08:05 137217                     /usr/lib/libdl-2.33.so
7f86c0ee2000-7f86c0ee3000 r--p 00004000 08:05 137217                     /usr/lib/libdl-2.33.so
7f86c0ee3000-7f86c0ee4000 rw-p 00005000 08:05 137217                     /usr/lib/libdl-2.33.so
7f86c0ee5000-7f86c0eec000 r--p 00000000 08:05 137406                     /usr/lib/libpthread-2.33.so
7f86c0eec000-7f86c0efb000 r-xp 00007000 08:05 137406                     /usr/lib/libpthread-2.33.so
7f86c0efb000-7f86c0eff000 r--p 00016000 08:05 137406                     /usr/lib/libpthread-2.33.so
7f86c0eff000-7f86c0f00000 ---p 0001a000 08:05 137406                     /usr/lib/libpthread-2.33.so
7f86c0f00000-7f86c0f01000 r--p 0001a000 08:05 137406                     /usr/lib/libpthread-2.33.so
7f86c0f01000-7f86c0f02000 rw-p 0001b000 08:05 137406                     /usr/lib/libpthread-2.33.so
7f86c0f02000-7f86c0f06000 rw-p 00000000 00:00 0 
7f86c0f0d000-7f86c0f1c000 r-xp 00000000 08:05 2625498                    /home/karmugilan/Documents/desktop/eclipse/plugins/org.eclipse.justj.openjdk.hotspot.jre.full.linux.x86_64_15.0.2.v20210201-0955/jre/lib/libjli.so
7f86c0f1c000-7f86c0f1d000 r--p 0000e000 08:05 2625498                    /home/karmugilan/Documents/desktop/eclipse/plugins/org.eclipse.justj.openjdk.hotspot.jre.full.linux.x86_64_15.0.2.v20210201-0955/jre/lib/libjli.so
7f86c0f1d000-7f86c0f1e000 rw-p 0000f000 08:05 2625498                    /home/karmugilan/Documents/desktop/eclipse/plugins/org.eclipse.justj.openjdk.hotspot.jre.full.linux.x86_64_15.0.2.v20210201-0955/jre/lib/libjli.so
7f86c0f25000-7f86c0f28000 r--p 00000000 08:05 137497                     /usr/lib/libz.so.1.2.11
7f86c0f28000-7f86c0f36000 r-xp 00003000 08:05 137497                     /usr/lib/libz.so.1.2.11
7f86c0f36000-7f86c0f3c000 r--p 00011000 08:05 137497                     /usr/lib/libz.so.1.2.11
7f86c0f3c000-7f86c0f3d000 ---p 00017000 08:05 137497                     /usr/lib/libz.so.1.2.11
7f86c0f3d000-7f86c0f3e000 r--p 00017000 08:05 137497                     /usr/lib/libz.so.1.2.11
7f86c0f3e000-7f86c0f3f000 rw-p 00018000 08:05 137497                     /usr/lib/libz.so.1.2.11
7f86c0f45000-7f86c0f4d000 rw-s 00000000 00:26 323                        /tmp/hsperfdata_karmugilan/9199
7f86c0f4f000-7f86c0f50000 rwxp 00000000 00:00 0 
7f86c0f50000-7f86c0f51000 rw-p 00000000 00:00 0 
7f86c0f51000-7f86c0f52000 r-xp 00049000 00:26 298                        /tmp/lwjglkarmugilan/3.3.0-build-21/liblwjgl.so
7f86c0f52000-7f86c0f53000 rw-p 00000000 00:00 0 
7f86c0f53000-7f86c0f54000 ---p 00000000 00:00 0 
7f86c0f54000-7f86c0f55000 r--p 00000000 00:00 0 
7f86c0f55000-7f86c0f71000 r-xp 00000000 08:05 2625497                    /home/karmugilan/Documents/desktop/eclipse/plugins/org.eclipse.justj.openjdk.hotspot.jre.full.linux.x86_64_15.0.2.v20210201-0955/jre/lib/libjimage.so
7f86c0f71000-7f86c0f73000 r--p 0001b000 08:05 2625497                    /home/karmugilan/Documents/desktop/eclipse/plugins/org.eclipse.justj.openjdk.hotspot.jre.full.linux.x86_64_15.0.2.v20210201-0955/jre/lib/libjimage.so
7f86c0f73000-7f86c0f74000 rw-p 0001d000 08:05 2625497                    /home/karmugilan/Documents/desktop/eclipse/plugins/org.eclipse.justj.openjdk.hotspot.jre.full.linux.x86_64_15.0.2.v20210201-0955/jre/lib/libjimage.so
7f86c0f74000-7f86c0f75000 ---p 00000000 00:00 0 
7f86c0f75000-7f86c0f76000 r--p 00000000 08:05 137140                     /usr/lib/ld-2.33.so
7f86c0f76000-7f86c0f9a000 r-xp 00001000 08:05 137140                     /usr/lib/ld-2.33.so
7f86c0f9a000-7f86c0fa3000 r--p 00025000 08:05 137140                     /usr/lib/ld-2.33.so
7f86c0fa3000-7f86c0fa5000 r--p 0002d000 08:05 137140                     /usr/lib/ld-2.33.so
7f86c0fa5000-7f86c0fa7000 rw-p 0002f000 08:05 137140                     /usr/lib/ld-2.33.so
7f86c0fa7000-7f86c0fad000 rw-p 00000000 00:00 0 
7ffe4c180000-7ffe4c1a2000 rw-p 00000000 00:00 0                          [stack]
7ffe4c1e5000-7ffe4c1e9000 r--p 00000000 00:00 0                          [vvar]
7ffe4c1e9000-7ffe4c1eb000 r-xp 00000000 00:00 0                          [vdso]
ffffffffff600000-ffffffffff601000 --xp 00000000 00:00 0                  [vsyscall]


VM Arguments:
jvm_args: -Dfile.encoding=UTF-8 -XX:+ShowCodeDetailsInExceptionMessages 
java_command: mario.Main
java_class_path (initial): /home/karmugilan/Documents/eclipse-workspace/twodengine/mario/lib/bin/main:/home/karmugilan/.gradle/caches/modules-2/files-2.1/org.apache.commons/commons-math3/3.6.1/e4ba98f1d4b3c80ec46392f25e094a6a2e58fcbf/commons-math3-3.6.1.jar:/home/karmugilan/.gradle/caches/modules-2/files-2.1/com.google.guava/guava/29.0-jre/801142b4c3d0f0770dd29abea50906cacfddd447/guava-29.0-jre.jar:/home/karmugilan/.gradle/caches/modules-2/files-2.1/org.lwjgl/lwjgl-assimp/3.3.0/82135e856184e76d38a97f729141298d3edcf0e4/lwjgl-assimp-3.3.0.jar:/home/karmugilan/.gradle/caches/modules-2/files-2.1/org.lwjgl/lwjgl-glfw/3.3.0/899e34f314525596f8fdb6476d3e56104da4601d/lwjgl-glfw-3.3.0.jar:/home/karmugilan/.gradle/caches/modules-2/files-2.1/org.lwjgl/lwjgl-nfd/3.3.0/6d0e4be3e2811979b3cad55f642c5b13559fa202/lwjgl-nfd-3.3.0.jar:/home/karmugilan/.gradle/caches/modules-2/files-2.1/org.lwjgl/lwjgl-openal/3.3.0/902dd57b5a46e8a75ee843c2db61f80b4d130d48/lwjgl-openal-3.3.0.jar:/home/karmugilan/.gradle/caches/modules-2/files-2.1/org.lwjgl/lwjgl-opengl/3.3.0/a1f395f7758a3abd5aff75fc8a20368ac371631e/lwjgl-opengl-3.3.0.jar:/home/karmugilan/.gradle/caches/modules-2/files-2.1/org.lwjgl/lwjgl-stb/3.3.0/69becce49e19671fccca33bfb273231055bd9fcf/lwjgl-stb-3.3.0.jar:/home/karmugilan/.gradle/caches/modules-2/files-2.1/org.lwjgl/lwjgl/3.3.0/77b0dc0b6a6c82fb47368e73d55e23fdcfcf49a1/lwjgl-3.3.0.jar:/home/karmugilan/.gradle/caches/modules-2/files-2.1/org.joml/joml/1.10.2/194a5217c25777c5f9f9de354de7c2c894e618c9/joml-1.10.2.jar:/home/karmugilan/.gradle/caches/modules-2/files-2.1/com.google.guava/failureaccess/1.0.1/1dcf1de382a0bf95a3d8b0849546c88bac1292c9/failureaccess-1.0.1.jar:/home/karmugilan/.gradle/caches/modules-2/files-2.1/com.google.guava/listenablefuture/9999.0-empty-to-avoid-conflict-with-guava/b421526c5f297295adef1c886e5246c39d4ac629/listenablefuture-9999.0-empty-to-avoid-conflict-with-guava.jar:/home/karmugilan/.gradle/caches/modules-2/files-2.1/com.google.code.findbugs/jsr305/3.0.2/25ea2
Launcher Type: SUN_STANDARD

[Global flags]
     intx CICompilerCount                          = 2                                         {product} {ergonomic}
     uint ConcGCThreads                            = 1                                         {product} {ergonomic}
     uint G1ConcRefinementThreads                  = 2                                         {product} {ergonomic}
   size_t G1HeapRegionSize                         = 1048576                                   {product} {ergonomic}
    uintx GCDrainStackTargetSize                   = 64                                        {product} {ergonomic}
   size_t InitialHeapSize                          = 56623104                                  {product} {ergonomic}
   size_t MarkStackSize                            = 4194304                                   {product} {ergonomic}
   size_t MaxHeapSize                              = 889192448                                 {product} {ergonomic}
   size_t MaxNewSize                               = 532676608                                 {product} {ergonomic}
   size_t MinHeapDeltaBytes                        = 1048576                                   {product} {ergonomic}
   size_t MinHeapSize                              = 8388608                                   {product} {ergonomic}
    uintx NonNMethodCodeHeapSize                   = 5826188                                {pd product} {ergonomic}
    uintx NonProfiledCodeHeapSize                  = 122916026                              {pd product} {ergonomic}
    uintx ProfiledCodeHeapSize                     = 122916026                              {pd product} {ergonomic}
    uintx ReservedCodeCacheSize                    = 251658240                              {pd product} {ergonomic}
     bool SegmentedCodeCache                       = true                                      {product} {ergonomic}
     bool ShowCodeDetailsInExceptionMessages       = true                                   {manageable} {command line}
   size_t SoftMaxHeapSize                          = 889192448                              {manageable} {ergonomic}
     bool UseCompressedClassPointers               = true                                 {lp64_product} {ergonomic}
     bool UseCompressedOops                        = true                                 {lp64_product} {ergonomic}
     bool UseG1GC                                  = true                                      {product} {ergonomic}

Logging:
Log output configuration:
 #0: stdout all=warning uptime,level,tags
 #1: stderr all=off uptime,level,tags

Environment Variables:
PATH=/home/karmugilan/.local/bin:/usr/local/sbin:/usr/local/bin:/usr/bin:/opt/android-sdk/platform-tools:/usr/bin/site_perl:/usr/bin/vendor_perl:/usr/bin/core_perl:/var/lib/snapd/snap/bin
SHELL=/bin/bash
DISPLAY=:0
LANG=en_IN

Signal Handlers:
SIGSEGV: [libjvm.so+0xd64200], sa_mask[0]=11111111011111111101111111111110, sa_flags=SA_RESTART|SA_SIGINFO
SIGBUS: [libjvm.so+0xd64200], sa_mask[0]=11111111011111111101111111111110, sa_flags=SA_RESTART|SA_SIGINFO
SIGFPE: [libjvm.so+0xd64200], sa_mask[0]=11111111011111111101111111111110, sa_flags=SA_RESTART|SA_SIGINFO
SIGPIPE: [libjvm.so+0xb419c0], sa_mask[0]=11111111011111111101111111111110, sa_flags=SA_RESTART|SA_SIGINFO
SIGXFSZ: [libjvm.so+0xb419c0], sa_mask[0]=11111111011111111101111111111110, sa_flags=SA_RESTART|SA_SIGINFO
SIGILL: [libjvm.so+0xd64200], sa_mask[0]=11111111011111111101111111111110, sa_flags=SA_RESTART|SA_SIGINFO
SIGUSR2: [libjvm.so+0xb41860], sa_mask[0]=00100000000000000000000000000000, sa_flags=SA_RESTART|SA_SIGINFO
SIGHUP: [libjvm.so+0xb420d0], sa_mask[0]=11111111011111111101111111111110, sa_flags=SA_RESTART|SA_SIGINFO
SIGINT: [libjvm.so+0xb420d0], sa_mask[0]=11111111011111111101111111111110, sa_flags=SA_RESTART|SA_SIGINFO
SIGTERM: [libjvm.so+0xb420d0], sa_mask[0]=11111111011111111101111111111110, sa_flags=SA_RESTART|SA_SIGINFO
SIGQUIT: [libjvm.so+0xb420d0], sa_mask[0]=11111111011111111101111111111110, sa_flags=SA_RESTART|SA_SIGINFO


---------------  S Y S T E M  ---------------

OS:
DISTRIB_ID=ManjaroLinux
DISTRIB_RELEASE=21.2rc
DISTRIB_CODENAME=Qonos
DISTRIB_DESCRIPTION="Manjaro Linux"
uname: Linux 5.14.21-2-MANJARO #1 SMP PREEMPT Sun Nov 21 22:43:47 UTC 2021 x86_64
OS uptime: 0 days 2:29 hours
libc: glibc 2.33 NPTL 2.33 
rlimit (soft/hard): STACK 8192k/infinity , CORE infinity/infinity , NPROC 13505/13505 , NOFILE 524288/524288 , AS infinity/infinity , CPU infinity/infinity , DATA infinity/infinity , FSIZE infinity/infinity , MEMLOCK 64k/64k
load average: 5.68 4.65 3.17

/proc/meminfo:
MemTotal:        3472356 kB
MemFree:          303024 kB
MemAvailable:     514528 kB
Buffers:            1344 kB
Cached:           392688 kB
SwapCached:        58236 kB
Active:          1420312 kB
Inactive:         886516 kB
Active(anon):    1243640 kB
Inactive(anon):   673208 kB
Active(file):     176672 kB
Inactive(file):   213308 kB
Unevictable:         160 kB
Mlocked:             160 kB
SwapTotal:       1023996 kB
SwapFree:           1864 kB
Dirty:               104 kB
Writeback:             0 kB
AnonPages:       1854924 kB
Mapped:           148924 kB
Shmem:              3948 kB
KReclaimable:      45036 kB
Slab:             137580 kB
SReclaimable:      45036 kB
SUnreclaim:        92544 kB
KernelStack:        9312 kB
PageTables:        24248 kB
NFS_Unstable:          0 kB
Bounce:                0 kB
WritebackTmp:          0 kB
CommitLimit:     2760172 kB
Committed_AS:    7596996 kB
VmallocTotal:   34359738367 kB
VmallocUsed:       36732 kB
VmallocChunk:          0 kB
Percpu:             2496 kB
HardwareCorrupted:     0 kB
AnonHugePages:         0 kB
ShmemHugePages:        0 kB
ShmemPmdMapped:        0 kB
FileHugePages:         0 kB
FilePmdMapped:         0 kB
CmaTotal:              0 kB
CmaFree:               0 kB
HugePages_Total:       0
HugePages_Free:        0
HugePages_Rsvd:        0
HugePages_Surp:        0
Hugepagesize:       2048 kB
Hugetlb:               0 kB
DirectMap4k:      964352 kB
DirectMap2M:     2672640 kB
DirectMap1G:           0 kB

/sys/kernel/mm/transparent_hugepage/enabled: always [madvise] never
/sys/kernel/mm/transparent_hugepage/defrag (defrag/compaction efforts parameter): always defer defer+madvise [madvise] never

/proc/sys/kernel/threads-max (system-wide limit on the number of threads): 27010
/proc/sys/vm/max_map_count (maximum number of memory map areas a process may have): 65530
/proc/sys/kernel/pid_max (system-wide limit on number of process identifiers): 4194304

container (cgroup) information:
container_type: cgroupv2
cpu_cpuset_cpus: not supported
cpu_memory_nodes: not supported
active_processor_count: 2
cpu_quota: not supported
cpu_period: not supported
cpu_shares: not supported
memory_limit_in_bytes: unlimited
memory_and_swap_limit_in_bytes: unlimited
memory_soft_limit_in_bytes: unlimited
memory_usage_in_bytes: 1973313536
memory_max_usage_in_bytes: not supported

Steal ticks since vm start: 0
Steal ticks percentage since vm start:  0.000

CPU: total 2 (initial active 2) (2 cores per cpu, 1 threads per core) family 21 model 112 stepping 0 microcode 0x6006705, cmov, cx8, fxsr, mmx, sse, sse2, sse3, ssse3, sse4.1, sse4.2, popcnt, vzeroupper, avx, avx2, aes, clmul, 3dnowpref, lzcnt, sse4a, tsc, tscinvbit, tscinv, bmi1, bmi2, fma, clflush
CPU Model and flags from /proc/cpuinfo:
model name	: AMD PRO A4-4350B R4, 5 COMPUTE CORES 2C+3G
flags		: fpu vme de pse tsc msr pae mce cx8 apic sep mtrr pge mca cmov pat pse36 clflush mmx fxsr sse sse2 ht syscall nx mmxext fxsr_opt pdpe1gb rdtscp lm constant_tsc rep_good acc_power nopl nonstop_tsc cpuid extd_apicid aperfmperf pni pclmulqdq monitor ssse3 fma cx16 sse4_1 sse4_2 movbe popcnt aes xsave avx f16c lahf_lm cmp_legacy svm extapic cr8_legacy abm sse4a misalignsse 3dnowprefetch osvw ibs xop skinit wdt lwp fma4 tce nodeid_msr tbm perfctr_core perfctr_nb bpext ptsc mwaitx cpb hw_pstate ssbd ibpb vmmcall fsgsbase bmi1 avx2 smep bmi2 xsaveopt arat npt lbrv svm_lock nrip_save tsc_scale vmcb_clean flushbyasid decodeassists pausefilter pfthreshold avic v_vmsave_vmload vgif overflow_recov

Online cpus: 0-1
Offline cpus: 2-3
BIOS frequency limitation: 2500000
Frequency switch latency (ns): 4000
Available cpu frequencies: 2500000 2300000 2100000 1900000 1600000 1300000 
Current governor: powersave
Core performance/turbo boost: 0

Memory: 4k page, physical 3472356k(303024k free), swap 1023996k(1868k free)

vm_info: OpenJDK 64-Bit Server VM (15.0.2+7-27) for linux-amd64 JRE (15.0.2+7-27), built on Dec  7 2020 19:54:59 by "mach5one" with gcc 9.2.0

END.
